<?xml version="1.0" encoding="UTF-8"?>
<response>

<lst name="responseHeader">
  <int name="status">0</int>
  <int name="QTime">0</int>
  <lst name="params">
    <str name="indent">on</str>
    <str name="start">0</str>
    <str name="q">shakespeare</str>
    <str name="version">2.2</str>
    <str name="rows">1</str>
  </lst>
</lst>
<result name="response" numFound="1" start="0">
  <doc>
    <str name="id">1</str>
    <str name="singlevalueAsSingleValue">Shakespeare</str>
    <str name="singlevalueAsMultivalue">Shakespeare</str>
    <arr name="multivalueAsMultivalueWithOneValue"><str>Poe</str></arr>
    <arr name="multivalueAsSinglevalueWithOneValue"><str>Poe</str></arr>
    <arr name="multivalueAsMultivalueWithTwoValue"><str>Poe</str><str>Morgenstern</str></arr>
  </doc>
</result>
</response>
