<?xml version="1.0" encoding="UTF-8"?>
<response>
    <lst name="responseHeader">
        <int name="status">0</int>
        <int name="QTime">945</int>
        <lst name="params">
            <str name="facet">true</str>
            <str name="sort">score desc</str>
            <str name="facet.mincount">1</str>
            <str name="facet.limit">100</str>
            <str name="f.dewey-tens.facet.sort">index</str>
            <str name="hl.simple.pre">{{{{START_HILITE}}}}</str>
            <str name="hl.fl">*</str>
            <str name="wt"/>
            <str name="hl">true</str>
            <str name="rows">20</str>
            <str name="fl">score *</str>
            <str name="facet.sort"/>
            <str name="start">0</str>
            <str name="q">allfields:Schiller</str>
            <str name="facet.prefix"/>
            <str name="hl.simple.post">{{{{END_HILITE}}}}</str>
            <arr name="facet.field">
                <str>format_facet</str>
                <str>{!ex=author_facet_filter}author</str>
                <str>{!ex=format_de15_filter}format_facet</str>
                <str>{!ex=format_filter}format_facet</str>
                <str>{!ex=finc_class_facet_filter}dewey-tens</str>
                <str>{!ex=author_facet_filter}author2</str>
                <str>{!ex=language_filter}language</str>
                <str>publishDateSort</str>
            </arr>
            <str name="f.format_facet.facet.sort">index</str>
            <arr name="fq">
                <str>(collection:GVK OR collection:DOAJ OR (collection_details:ZDB-1-PIO))</str>
                <str/>
            </arr>
        </lst>
    </lst>
    <result name="response" numFound="52472" start="0" maxScore="2.4877622">
        <doc>
            <arr name="series">
                <str>Schiller, Friedrich Schillers Briefe / Friedrich Schiller</str>
            </arr>
            <arr name="spellingShingle">
                <str>Schiller, Friedrich Schillers Briefe / Friedrich Schiller</str>
                <str>Schiller, Friedrich</str>
                <str>Vierter Band</str>
            </arr>
            <arr name="seriesStr">
                <str>Schiller, Friedrich Schillers Briefe / Friedrich Schiller</str>
            </arr>
            <str name="edition">krit. Ges.-Ausg.</str>
            <arr name="physical">
                <str>564 S., 3 Bl. Ill., Frontisp.</str>
            </arr>
            <arr name="publishPlace">
                <str>Stuttgart ;Leipzig u.a.</str>
            </arr>
            <str name="illustrated">Illustrated</str>
            <arr name="class_local">
                <str>379 01 00 L 339/4</str>
            </arr>
            <arr name="format_phy_str_mv">
                <str>Book</str>
            </arr>
            <arr name="author2-role">
                <str>Author</str>
                <str>Maler</str>
            </arr>
            <str name="callnumber-first-code">L</str>
            <arr name="collection">
                <str>GVK</str>
            </arr>
            <bool name="hochschulschrift_bool">false</bool>
            <arr name="topic_title">
                <str>Vierter Band Friedrich Schiller; Fritz Jonas [Hrsg.]</str>
                <str>Schiller, Friedrich Schillers Briefe / Friedrich Schiller [...] (DE-601)037427555</str>
            </arr>
            <str name="callnumber-a">L 339/4</str>
            <arr name="publisher">
                <str>Deutsche Verl.-Anstalt</str>
            </arr>
            <arr name="publisherStr">
                <str>Deutsche Verl.-Anstalt</str>
            </arr>
            <arr name="series2">
                <str>Schillers Briefe</str>
            </arr>
            <arr name="format_facet">
                <str>Bücher</str>
                <str>Gedruckte Bücher</str>
            </arr>
            <str name="id">676296017</str>
            <str name="author">Schiller, Friedrich</str>
            <str name="authorStr">Schiller, Friedrich</str>
            <arr name="author_browse">
                <str>Schiller, Friedrich</str>
                <str>Jonas, Fritz</str>
                <str>Simanowitz, Ludovike</str>
            </arr>
            <arr name="title">
                <str>Vierter Band</str>
            </arr>
            <arr name="signature_iln">
                <str>379:L 339/4</str>
            </arr>
            <str name="allfields">GLHBU0064366 (DE-599)GBV676296017 GBVCP ger rakwb ger Schiller, Friedrich Vierter Band
                Friedrich Schiller; Fritz Jonas [Hrsg.] krit. Ges.-Ausg. Stuttgart ;Leipzig u.a. Deutsche Verl.-Anstalt
                o.J. 564 S., 3 Bl. Ill., Frontisp. Schillers Briefe / Friedrich Schiller[...] Bildnis: Friedrich v.
                Schiller ; Johann Friedrich Cotta ; Johann Caspar Schiller ; Elisabeth Dorothea Schiller Jonas, Fritz
                Author aut Simanowitz, Ludovike. Maler Schiller, Friedrich Schillers Briefe / Friedrich Schiller [...]
                (DE-601)037427555 GBV SYSFLAG_1 GBV_GVK GBV_ILN_379 MV 379 01 1280354267 L 339/4 c 4379 n 379 01 00 L
                339/4
            </str>
            <str name="spelling">GLHBU0064366 (DE-599)GBV676296017 GBVCP ger rakwb ger Schiller, Friedrich Vierter Band
                Friedrich Schiller; Fritz Jonas [Hrsg.] krit. Ges.-Ausg. Stuttgart ;Leipzig u.a. Deutsche Verl.-Anstalt
                o.J. 564 S., 3 Bl. Ill., Frontisp. Schillers Briefe / Friedrich Schiller[...] Bildnis: Friedrich v.
                Schiller ; Johann Friedrich Cotta ; Johann Caspar Schiller ; Elisabeth Dorothea Schiller Jonas, Fritz
                Author aut Simanowitz, Ludovike. Maler Schiller, Friedrich Schillers Briefe / Friedrich Schiller [...]
                (DE-601)037427555 GBV SYSFLAG_1 GBV_GVK GBV_ILN_379 MV 379 01 1280354267 L 339/4 c 4379 n 379 01 00 L
                339/4
            </str>
            <str name="allfields_unstemmed">GLHBU0064366 (DE-599)GBV676296017 GBVCP ger rakwb ger Schiller, Friedrich
                Vierter Band Friedrich Schiller; Fritz Jonas [Hrsg.] krit. Ges.-Ausg. Stuttgart ;Leipzig u.a. Deutsche
                Verl.-Anstalt o.J. 564 S., 3 Bl. Ill., Frontisp. Schillers Briefe / Friedrich Schiller[...] Bildnis:
                Friedrich v. Schiller ; Johann Friedrich Cotta ; Johann Caspar Schiller ; Elisabeth Dorothea Schiller
                Jonas, Fritz Author aut Simanowitz, Ludovike. Maler Schiller, Friedrich Schillers Briefe / Friedrich
                Schiller [...] (DE-601)037427555 GBV SYSFLAG_1 GBV_GVK GBV_ILN_379 MV 379 01 1280354267 L 339/4 c 4379 n
                379 01 00 L 339/4
            </str>
            <str name="allfieldsGer">GLHBU0064366 (DE-599)GBV676296017 GBVCP ger rakwb ger Schiller, Friedrich Vierter
                Band Friedrich Schiller; Fritz Jonas [Hrsg.] krit. Ges.-Ausg. Stuttgart ;Leipzig u.a. Deutsche
                Verl.-Anstalt o.J. 564 S., 3 Bl. Ill., Frontisp. Schillers Briefe / Friedrich Schiller[...] Bildnis:
                Friedrich v. Schiller ; Johann Friedrich Cotta ; Johann Caspar Schiller ; Elisabeth Dorothea Schiller
                Jonas, Fritz Author aut Simanowitz, Ludovike. Maler Schiller, Friedrich Schillers Briefe / Friedrich
                Schiller [...] (DE-601)037427555 GBV SYSFLAG_1 GBV_GVK GBV_ILN_379 MV 379 01 1280354267 L 339/4 c 4379 n
                379 01 00 L 339/4
            </str>
            <str name="allfieldsSound">GLHBU0064366 (DE-599)GBV676296017 GBVCP ger rakwb ger Schiller, Friedrich Vierter
                Band Friedrich Schiller; Fritz Jonas [Hrsg.] krit. Ges.-Ausg. Stuttgart ;Leipzig u.a. Deutsche
                Verl.-Anstalt o.J. 564 S., 3 Bl. Ill., Frontisp. Schillers Briefe / Friedrich Schiller[...] Bildnis:
                Friedrich v. Schiller ; Johann Friedrich Cotta ; Johann Caspar Schiller ; Elisabeth Dorothea Schiller
                Jonas, Fritz Author aut Simanowitz, Ludovike. Maler Schiller, Friedrich Schillers Briefe / Friedrich
                Schiller [...] (DE-601)037427555 GBV SYSFLAG_1 GBV_GVK GBV_ILN_379 MV 379 01 1280354267 L 339/4 c 4379 n
                379 01 00 L 339/4
            </str>
            <arr name="collection_details">
                <str>SYSFLAG_1</str>
                <str>GBV_GVK</str>
                <str>GBV_ILN_379</str>
            </arr>
            <arr name="author2">
                <str>Jonas, Fritz</str>
                <str>Simanowitz, Ludovike</str>
            </arr>
            <arr name="author2Str">
                <str>Jonas, Fritz</str>
                <str>Simanowitz, Ludovike</str>
            </arr>
            <arr name="format_se">
                <str>Bücher</str>
            </arr>
            <arr name="signature">
                <str>L 339/4</str>
            </arr>
            <arr name="institution">
                <str>findex.gbv.de</str>
            </arr>
            <str name="recordtype">marc</str>
            <arr name="abstract">
                <str>Bildnis: Friedrich v. Schiller ; Johann Friedrich Cotta ; Johann Caspar Schiller ; Elisabeth
                    Dorothea Schiller
                </str>
            </arr>
            <arr name="abstractGer">
                <str>Bildnis: Friedrich v. Schiller ; Johann Friedrich Cotta ; Johann Caspar Schiller ; Elisabeth
                    Dorothea Schiller
                </str>
            </arr>
            <arr name="abstract_unstemmed">
                <str>Bildnis: Friedrich v. Schiller ; Johann Friedrich Cotta ; Johann Caspar Schiller ; Elisabeth
                    Dorothea Schiller
                </str>
            </arr>
            <arr name="building">
                <str>379</str>
            </arr>
            <arr name="language_de">
                <str>deutsch</str>
            </arr>
            <str name="callnumber-first">L - Education</str>
            <arr name="title_auth">
                <str>Vierter Band</str>
            </arr>
            <str name="callnumber">L339/4</str>
            <arr name="class">
                <str>379 01 00 L 339/4</str>
            </arr>
            <arr name="selectkey">
                <str>379:n</str>
            </arr>
            <arr name="format">
                <str>Book</str>
            </arr>
            <str name="title_sort">vierter band</str>
            <arr name="title_short">
                <str>Vierter Band</str>
            </arr>
            <arr name="ctrlnum">
                <str>(DE-599)GBV676296017</str>
            </arr>
            <str name="fullrecord">01105nam a2200325
                cb4500001001000000003000700010005001700017008003200034024001700066035002500083040002200108041000800130100002400138245005800162250002100220260005800241300003500299490004900334500011500383700003000498700003300528800009100561901000800652912001400660912001200674912001600686951000700702980004500709983002500754#30;676296017#30;DE-601#30;20120319101400.0#30;111201
                000 0 ger d#30;8 #31;aGLHBU0064366#30; #31;a(DE-599)GBV676296017#30; #31;aGBVCP#31;bger#31;erakwb#30;0
                #31;ager#30;1 #31;aSchiller, Friedrich#30;10#31;aVierter Band#31;cFriedrich Schiller; Fritz Jonas
                [Hrsg.]#30; #31;akrit. Ges.-Ausg.#30;3 #31;aStuttgart ;Leipzig u.a.#31;bDeutsche
                Verl.-Anstalt#31;co.J.#30; #31;a564 S., 3 Bl.#31;bIll., Frontisp.#30;0 #31;aSchillers Briefe#31;v /
                Friedrich Schiller[...]#30; #31;aBildnis: Friedrich v. Schiller ; Johann Friedrich Cotta ; Johann Caspar
                Schiller ; Elisabeth Dorothea Schiller#30;1 #31;aJonas, Fritz#31;eAuthor#31;4aut#30;1 #31;aSimanowitz,
                Ludovike.#31;eMaler#30; #31;aSchiller, Friedrich#31;tSchillers Briefe#31;b / Friedrich
                Schiller#31;v[...]#31;w(DE-601)037427555#30; #31;aGBV#30; #31;aSYSFLAG_1#30; #31;aGBV_GVK#30;
                #31;aGBV_ILN_379#30; #31;aMV#30; #31;2379#31;101#31;b1280354267#31;dL 339/4#31;ec#31;x4379#31;yn#30;
                #31;2379#31;101#31;800#31;aL 339/4#30;#29;
            </str>
            <arr name="ppnlink">
                <str>037427555</str>
            </arr>
            <arr name="author-letter">
                <str>Schiller, Friedrich</str>
            </arr>
            <arr name="language">
                <str>German</str>
            </arr>
            <arr name="lang_code">
                <str>ger</str>
            </arr>
            <arr name="class_local_iln">
                <str>379:L 339/4</str>
            </arr>
            <bool name="remote_bool">false</bool>
            <arr name="title_full">
                <str>Vierter Band Friedrich Schiller; Fritz Jonas [Hrsg.]</str>
            </arr>
            <arr name="title_fullStr">
                <str>Vierter Band Friedrich Schiller; Fritz Jonas [Hrsg.]</str>
            </arr>
            <arr name="title_full_unstemmed">
                <str>Vierter Band Friedrich Schiller; Fritz Jonas [Hrsg.]</str>
            </arr>
            <arr name="title_fullGer">
                <str>Vierter Band Friedrich Schiller; Fritz Jonas [Hrsg.]</str>
            </arr>
            <long name="_version_">1459949870796242944</long>
            <float name="score">2.4877622</float>
        </doc>
        <doc>
            <arr name="series">
                <str>Schiller, Friedrich Friedrichs von Schiller sämmtliche Werke</str>
            </arr>
            <arr name="spellingShingle">
                <str>Schiller, Friedrich Friedrichs von Schiller sämmtliche Werke</str>
                <str>Schiller, Friedrich von</str>
                <str>Nachrichten von Schillers Leben : Gedichte</str>
            </arr>
            <arr name="seriesStr">
                <str>Schiller, Friedrich Friedrichs von Schiller sämmtliche Werke</str>
            </arr>
            <arr name="standort_str_mv">
                <str>H22</str>
            </arr>
            <arr name="publishPlace">
                <str>Stuttgart [u.a.]</str>
            </arr>
            <str name="illustrated">Not Illustrated</str>
            <arr name="format_phy_str_mv">
                <str>Book</str>
            </arr>
            <str name="callnumber-first-code">M</str>
            <arr name="collection">
                <str>GVK</str>
            </arr>
            <bool name="hochschulschrift_bool">false</bool>
            <arr name="topic_title">
                <str>Nachrichten von Schillers Leben : Gedichte Friedrich von Schiller</str>
                <str>Schiller, Friedrich Friedrichs von Schiller sämmtliche Werke 1 (DE-601)068960565</str>
            </arr>
            <str name="callnumber-a">MKGH S/Schiller.1(1)</str>
            <arr name="publisher">
                <str>Cotta</str>
            </arr>
            <arr name="publisherStr">
                <str>Cotta</str>
            </arr>
            <arr name="series2">
                <str>Friedrichs von Schiller sämmtliche Werke</str>
            </arr>
            <arr name="format_facet">
                <str>Bücher</str>
                <str>Gedruckte Bücher</str>
            </arr>
            <str name="id">364448539</str>
            <str name="author">Schiller, Friedrich von</str>
            <str name="authorStr">Schiller, Friedrich von</str>
            <arr name="author_browse">
                <str>Schiller, Friedrich von</str>
            </arr>
            <arr name="title">
                <str>Nachrichten von Schillers Leben : Gedichte</str>
            </arr>
            <arr name="signature_iln">
                <str>203:MKGH S/Schiller.1(1)</str>
            </arr>
            <str name="allfields">GBVCP ger rakwb Schiller, Friedrich von (DE-601)133368432 (DE-588)118607626
                Nachrichten von Schillers Leben : Gedichte Friedrich von Schiller Stuttgart [u.a.] Cotta 1817 Friedrichs
                von Schiller sämmtliche Werke ; 1 Schiller, Friedrich Friedrichs von Schiller sämmtliche Werke 1
                (DE-601)068960565 GBV SYSFLAG_1 GBV_GVK GBV_ILN_203 GBV_ILN_203_m02207 MV 203 01 604386567 H22 MKGH
                S/Schiller.1(1) i 3522 zm02207
            </str>
            <str name="spelling">GBVCP ger rakwb Schiller, Friedrich von (DE-601)133368432 (DE-588)118607626 Nachrichten
                von Schillers Leben : Gedichte Friedrich von Schiller Stuttgart [u.a.] Cotta 1817 Friedrichs von
                Schiller sämmtliche Werke ; 1 Schiller, Friedrich Friedrichs von Schiller sämmtliche Werke 1
                (DE-601)068960565 GBV SYSFLAG_1 GBV_GVK GBV_ILN_203 GBV_ILN_203_m02207 MV 203 01 604386567 H22 MKGH
                S/Schiller.1(1) i 3522 zm02207
            </str>
            <str name="allfields_unstemmed">GBVCP ger rakwb Schiller, Friedrich von (DE-601)133368432 (DE-588)118607626
                Nachrichten von Schillers Leben : Gedichte Friedrich von Schiller Stuttgart [u.a.] Cotta 1817 Friedrichs
                von Schiller sämmtliche Werke ; 1 Schiller, Friedrich Friedrichs von Schiller sämmtliche Werke 1
                (DE-601)068960565 GBV SYSFLAG_1 GBV_GVK GBV_ILN_203 GBV_ILN_203_m02207 MV 203 01 604386567 H22 MKGH
                S/Schiller.1(1) i 3522 zm02207
            </str>
            <str name="allfieldsGer">GBVCP ger rakwb Schiller, Friedrich von (DE-601)133368432 (DE-588)118607626
                Nachrichten von Schillers Leben : Gedichte Friedrich von Schiller Stuttgart [u.a.] Cotta 1817 Friedrichs
                von Schiller sämmtliche Werke ; 1 Schiller, Friedrich Friedrichs von Schiller sämmtliche Werke 1
                (DE-601)068960565 GBV SYSFLAG_1 GBV_GVK GBV_ILN_203 GBV_ILN_203_m02207 MV 203 01 604386567 H22 MKGH
                S/Schiller.1(1) i 3522 zm02207
            </str>
            <str name="allfieldsSound">GBVCP ger rakwb Schiller, Friedrich von (DE-601)133368432 (DE-588)118607626
                Nachrichten von Schillers Leben : Gedichte Friedrich von Schiller Stuttgart [u.a.] Cotta 1817 Friedrichs
                von Schiller sämmtliche Werke ; 1 Schiller, Friedrich Friedrichs von Schiller sämmtliche Werke 1
                (DE-601)068960565 GBV SYSFLAG_1 GBV_GVK GBV_ILN_203 GBV_ILN_203_m02207 MV 203 01 604386567 H22 MKGH
                S/Schiller.1(1) i 3522 zm02207
            </str>
            <arr name="title_sub">
                <str>Gedichte</str>
            </arr>
            <arr name="collection_details">
                <str>SYSFLAG_1</str>
                <str>GBV_GVK</str>
                <str>GBV_ILN_203</str>
                <str>GBV_ILN_203_m02207</str>
            </arr>
            <arr name="standort_txtP_mv">
                <str>H22</str>
            </arr>
            <str name="publishDateSort">1817</str>
            <arr name="format_se">
                <str>Bücher</str>
            </arr>
            <arr name="signature">
                <str>MKGH S/Schiller.1(1)</str>
            </arr>
            <arr name="publishDate">
                <str>1817</str>
            </arr>
            <arr name="institution">
                <str>findex.gbv.de</str>
            </arr>
            <str name="recordtype">marc</str>
            <arr name="building">
                <str>203:m</str>
            </arr>
            <str name="callnumber-first">M - Music</str>
            <arr name="title_auth">
                <str>Nachrichten von Schillers Leben : Gedichte</str>
            </arr>
            <str name="callnumber">MKGHS/SCHILLER.1(1)</str>
            <arr name="selectkey">
                <str>203:z</str>
            </arr>
            <arr name="format">
                <str>Book</str>
            </arr>
            <arr name="standort_iln_str_mv">
                <str>203:H22</str>
            </arr>
            <str name="title_sort">nachrichten von schillers leben :gedichte</str>
            <arr name="title_short">
                <str>Nachrichten von Schillers Leben :</str>
            </arr>
            <str name="fullrecord">00790nam
                a22002292cb4500001001000000003000700010005001700017008004100034040002200075100006600097245007200163260003400235490005300269800009000322901000800412912001400420912001200434912001600446912002300462951000700485980006800492#30;364448539#30;DE-601#30;20031107105550.0#30;030613s1817
                000 0 d#30; #31;aGBVCP#31;bger#31;erakwb#30;1 #31;aSchiller, Friedrich
                von#31;0(DE-601)133368432#31;0(DE-588)118607626#30;10#31;aNachrichten von Schillers Leben
                :#31;bGedichte#31;cFriedrich von Schiller#30;3 #31;aStuttgart [u.a.]#31;bCotta#31;c1817#30;0
                #31;aFriedrichs von Schiller sämmtliche Werke#31;v ; 1#30; #31;aSchiller, Friedrich#31;tFriedrichs von
                Schiller sämmtliche Werke#31;v1#31;w(DE-601)068960565#30; #31;aGBV#30; #31;aSYSFLAG_1#30;
                #31;aGBV_GVK#30; #31;aGBV_ILN_203#30; #31;aGBV_ILN_203_m02207#30; #31;aMV#30;
                #31;2203#31;101#31;b604386567#31;fH22#31;dMKGH S/Schiller.1(1)#31;ei#31;x3522#31;yzm02207#30;#29;
            </str>
            <arr name="normlink">
                <str>133368432</str>
                <str>118607626</str>
            </arr>
            <arr name="ppnlink">
                <str>068960565</str>
            </arr>
            <arr name="marc_error">
                <str>Minor Error : Subfield of zero length encountered, ignoring it. --- [ 800 : t ]</str>
            </arr>
            <arr name="author-letter">
                <str>Schiller, Friedrich von</str>
            </arr>
            <bool name="remote_bool">false</bool>
            <arr name="title_full">
                <str>Nachrichten von Schillers Leben : Gedichte Friedrich von Schiller</str>
            </arr>
            <arr name="title_fullStr">
                <str>Nachrichten von Schillers Leben : Gedichte Friedrich von Schiller</str>
            </arr>
            <arr name="title_full_unstemmed">
                <str>Nachrichten von Schillers Leben : Gedichte Friedrich von Schiller</str>
            </arr>
            <arr name="title_fullGer">
                <str>Nachrichten von Schillers Leben : Gedichte Friedrich von Schiller</str>
            </arr>
            <long name="_version_">1459975692791840768</long>
            <float name="score">2.426338</float>
        </doc>
        <doc>
            <arr name="series">
                <str>Schiller, Friedrich Schillers Werke / Friedrich Schiller</str>
            </arr>
            <arr name="spellingShingle">
                <str>Schiller, Friedrich Schillers Werke / Friedrich Schiller</str>
                <str>Schiller, Friedrich</str>
                <str>Zweiundzwanzigster Band : Vermischte Schriften</str>
            </arr>
            <arr name="seriesStr">
                <str>Schiller, Friedrich Schillers Werke / Friedrich Schiller</str>
            </arr>
            <arr name="physical">
                <str>448 S. Ill. (Faks.)</str>
            </arr>
            <arr name="publishPlace">
                <str>Weimar</str>
            </arr>
            <str name="illustrated">Illustrated</str>
            <arr name="class_local">
                <str>379 01 00 L 114/22</str>
            </arr>
            <arr name="format_phy_str_mv">
                <str>Book</str>
            </arr>
            <arr name="author2-role">
                <str>Author</str>
            </arr>
            <str name="callnumber-first-code">L</str>
            <arr name="collection">
                <str>GVK</str>
            </arr>
            <bool name="hochschulschrift_bool">false</bool>
            <arr name="topic_title">
                <str>Zweiundzwanzigster Band : Vermischte Schriften Friedrich Schiller; Herbert Meyer[Hrsg.]; u.a.</str>
                <str>Schiller, Friedrich Schillers Werke / Friedrich Schiller 28. (DE-601)676525989</str>
            </arr>
            <str name="callnumber-a">L 114/22</str>
            <arr name="publisher">
                <str>Herrmann Böhlaus Nachfolger</str>
            </arr>
            <arr name="publisherStr">
                <str>Herrmann Böhlaus Nachfolger</str>
            </arr>
            <arr name="series2">
                <str>Schillers Werke</str>
            </arr>
            <arr name="format_facet">
                <str>Bücher</str>
                <str>Gedruckte Bücher</str>
            </arr>
            <str name="id">676270492</str>
            <str name="author">Schiller, Friedrich</str>
            <str name="authorStr">Schiller, Friedrich</str>
            <arr name="author_browse">
                <str>Schiller, Friedrich</str>
                <str>Goethe- und Schiller-Archiv</str>
                <str>Meyer, Herbert</str>
            </arr>
            <arr name="title">
                <str>Zweiundzwanzigster Band : Vermischte Schriften</str>
            </arr>
            <arr name="signature_iln">
                <str>379:L 114/22</str>
            </arr>
            <str name="allfields">GLHBU0063713 (DE-599)GBV676270492 GBVCP ger rakwb ger Schiller, Friedrich Goethe- und
                Schiller-Archiv Zweiundzwanzigster Band : Vermischte Schriften Friedrich Schiller; Herbert Meyer[Hrsg.];
                u.a. Weimar Herrmann Böhlaus Nachfolger 1958 448 S. Ill. (Faks.) Schillers Werke / Friedrich Schiller ;
                28. Meyer, Herbert Author aut Schiller, Friedrich Schillers Werke / Friedrich Schiller 28.
                (DE-601)676525989 GBV SYSFLAG_1 GBV_GVK GBV_ILN_379 MV 379 01 1280342757 L 114/22 c 4379 n 379 01 00 L
                114/22
            </str>
            <str name="spelling">GLHBU0063713 (DE-599)GBV676270492 GBVCP ger rakwb ger Schiller, Friedrich Goethe- und
                Schiller-Archiv Zweiundzwanzigster Band : Vermischte Schriften Friedrich Schiller; Herbert Meyer[Hrsg.];
                u.a. Weimar Herrmann Böhlaus Nachfolger 1958 448 S. Ill. (Faks.) Schillers Werke / Friedrich Schiller ;
                28. Meyer, Herbert Author aut Schiller, Friedrich Schillers Werke / Friedrich Schiller 28.
                (DE-601)676525989 GBV SYSFLAG_1 GBV_GVK GBV_ILN_379 MV 379 01 1280342757 L 114/22 c 4379 n 379 01 00 L
                114/22
            </str>
            <str name="allfields_unstemmed">GLHBU0063713 (DE-599)GBV676270492 GBVCP ger rakwb ger Schiller, Friedrich
                Goethe- und Schiller-Archiv Zweiundzwanzigster Band : Vermischte Schriften Friedrich Schiller; Herbert
                Meyer[Hrsg.]; u.a. Weimar Herrmann Böhlaus Nachfolger 1958 448 S. Ill. (Faks.) Schillers Werke /
                Friedrich Schiller ; 28. Meyer, Herbert Author aut Schiller, Friedrich Schillers Werke / Friedrich
                Schiller 28. (DE-601)676525989 GBV SYSFLAG_1 GBV_GVK GBV_ILN_379 MV 379 01 1280342757 L 114/22 c 4379 n
                379 01 00 L 114/22
            </str>
            <str name="allfieldsGer">GLHBU0063713 (DE-599)GBV676270492 GBVCP ger rakwb ger Schiller, Friedrich Goethe-
                und Schiller-Archiv Zweiundzwanzigster Band : Vermischte Schriften Friedrich Schiller; Herbert
                Meyer[Hrsg.]; u.a. Weimar Herrmann Böhlaus Nachfolger 1958 448 S. Ill. (Faks.) Schillers Werke /
                Friedrich Schiller ; 28. Meyer, Herbert Author aut Schiller, Friedrich Schillers Werke / Friedrich
                Schiller 28. (DE-601)676525989 GBV SYSFLAG_1 GBV_GVK GBV_ILN_379 MV 379 01 1280342757 L 114/22 c 4379 n
                379 01 00 L 114/22
            </str>
            <str name="allfieldsSound">GLHBU0063713 (DE-599)GBV676270492 GBVCP ger rakwb ger Schiller, Friedrich Goethe-
                und Schiller-Archiv Zweiundzwanzigster Band : Vermischte Schriften Friedrich Schiller; Herbert
                Meyer[Hrsg.]; u.a. Weimar Herrmann Böhlaus Nachfolger 1958 448 S. Ill. (Faks.) Schillers Werke /
                Friedrich Schiller ; 28. Meyer, Herbert Author aut Schiller, Friedrich Schillers Werke / Friedrich
                Schiller 28. (DE-601)676525989 GBV SYSFLAG_1 GBV_GVK GBV_ILN_379 MV 379 01 1280342757 L 114/22 c 4379 n
                379 01 00 L 114/22
            </str>
            <arr name="title_sub">
                <str>Vermischte Schriften</str>
            </arr>
            <arr name="collection_details">
                <str>SYSFLAG_1</str>
                <str>GBV_GVK</str>
                <str>GBV_ILN_379</str>
            </arr>
            <arr name="author2">
                <str>Goethe- und Schiller-Archiv</str>
                <str>Meyer, Herbert</str>
            </arr>
            <arr name="author2Str">
                <str>Goethe- und Schiller-Archiv</str>
                <str>Meyer, Herbert</str>
            </arr>
            <str name="publishDateSort">1958</str>
            <arr name="format_se">
                <str>Bücher</str>
            </arr>
            <arr name="signature">
                <str>L 114/22</str>
            </arr>
            <arr name="publishDate">
                <str>1958</str>
            </arr>
            <arr name="institution">
                <str>findex.gbv.de</str>
            </arr>
            <str name="recordtype">marc</str>
            <arr name="building">
                <str>379</str>
            </arr>
            <arr name="language_de">
                <str>deutsch</str>
            </arr>
            <str name="callnumber-first">L - Education</str>
            <arr name="title_auth">
                <str>Zweiundzwanzigster Band : Vermischte Schriften</str>
            </arr>
            <str name="callnumber">L114/22</str>
            <arr name="class">
                <str>379 01 00 L 114/22</str>
            </arr>
            <arr name="selectkey">
                <str>379:n</str>
            </arr>
            <arr name="format">
                <str>Book</str>
            </arr>
            <str name="title_sort">zweiundzwanzigster band :vermischte schriften</str>
            <arr name="title_short">
                <str>Zweiundzwanzigster Band :</str>
            </arr>
            <str name="fullrecord">00976nam a2200301
                cb4500001001000000003000700010005001700017008004100034024001700075035002500092040002200117041000800139100002400147110003200171245010000203260004800303300002500351490004900376700003200425800008800457901000800545912001400553912001200567912001600579951000700595980004600602983002600648#30;676270492#30;DE-601#30;20111203005642.0#30;111201s1958
                000 0 ger d#30;8 #31;aGLHBU0063713#30; #31;a(DE-599)GBV676270492#30; #31;aGBVCP#31;bger#31;erakwb#30;0
                #31;ager#30;1 #31;aSchiller, Friedrich#30;2 #31;aGoethe- und
                Schiller-Archiv#30;10#31;aZweiundzwanzigster Band :#31;bVermischte Schriften#31;cFriedrich Schiller;
                Herbert Meyer[Hrsg.]; u.a.#30;3 #31;aWeimar#31;bHerrmann Böhlaus Nachfolger#31;c1958#30; #31;a448
                S.#31;bIll. (Faks.)#30;0 #31;aSchillers Werke#31;v / Friedrich Schiller ; 28.#30;1 #31;aMeyer,
                Herbert#31;eAuthor#31;4aut#30; #31;aSchiller, Friedrich#31;tSchillers Werke#31;b / Friedrich
                Schiller#31;v28.#31;w(DE-601)676525989#30; #31;aGBV#30; #31;aSYSFLAG_1#30; #31;aGBV_GVK#30;
                #31;aGBV_ILN_379#30; #31;aMV#30; #31;2379#31;101#31;b1280342757#31;dL 114/22#31;ec#31;x4379#31;yn#30;
                #31;2379#31;101#31;800#31;aL 114/22#30;#29;
            </str>
            <arr name="ctrlnum">
                <str>(DE-599)GBV676270492</str>
            </arr>
            <arr name="ppnlink">
                <str>676525989</str>
            </arr>
            <arr name="author-letter">
                <str>Schiller, Friedrich</str>
            </arr>
            <arr name="language">
                <str>German</str>
            </arr>
            <arr name="lang_code">
                <str>ger</str>
            </arr>
            <arr name="class_local_iln">
                <str>379:L 114/22</str>
            </arr>
            <bool name="remote_bool">false</bool>
            <arr name="title_full">
                <str>Zweiundzwanzigster Band : Vermischte Schriften Friedrich Schiller; Herbert Meyer[Hrsg.]; u.a.</str>
            </arr>
            <arr name="title_fullStr">
                <str>Zweiundzwanzigster Band : Vermischte Schriften Friedrich Schiller; Herbert Meyer[Hrsg.]; u.a.</str>
            </arr>
            <arr name="title_full_unstemmed">
                <str>Zweiundzwanzigster Band : Vermischte Schriften Friedrich Schiller; Herbert Meyer[Hrsg.]; u.a.</str>
            </arr>
            <arr name="title_fullGer">
                <str>Zweiundzwanzigster Band : Vermischte Schriften Friedrich Schiller; Herbert Meyer[Hrsg.]; u.a.</str>
            </arr>
            <long name="_version_">1459949844470693889</long>
            <float name="score">2.4234562</float>
        </doc>
        <doc>
            <arr name="series">
                <str>Schiller, Friedrich Nachlese zu Schillers Werken: nebst Variantensammlung / aus seinem Nachlaß im
                    Einverst. u. unter Mitw. der Familie Schiller hrsg. von Karl Hoffmeister
                </str>
            </arr>
            <arr name="spellingShingle">
                <str>Schiller, Friedrich Nachlese zu Schillers Werken: nebst Variantensammlung / aus seinem Nachlaß im
                    Einverst. u. unter Mitw. der Familie Schiller hrsg. von Karl Hoffmeister
                </str>
                <str>Schiller, Friedrich von</str>
                <str>Nachlese und Variantensammlung zu Schillers prosaischen Schriften</str>
            </arr>
            <arr name="seriesStr">
                <str>Schiller, Friedrich Nachlese zu Schillers Werken: nebst Variantensammlung / aus seinem Nachlaß im
                    Einverst. u. unter Mitw. der Familie Schiller hrsg. von Karl Hoffmeister
                </str>
            </arr>
            <arr name="physical">
                <str>VIII, 607 S.</str>
            </arr>
            <str name="illustrated">Not Illustrated</str>
            <arr name="format_phy_str_mv">
                <str>Book</str>
            </arr>
            <arr name="author2-role">
                <str>Author</str>
            </arr>
            <str name="callnumber-first-code">2</str>
            <arr name="collection">
                <str>GVK</str>
            </arr>
            <bool name="hochschulschrift_bool">false</bool>
            <arr name="topic_title">
                <str>Nachlese und Variantensammlung zu Schillers prosaischen Schriften</str>
                <str>Schiller, Friedrich Nachlese zu Schillers Werken: nebst Variantensammlung / aus seinem Nachlaß im
                    Einverst. u. unter Mitw. der Familie Schiller hrsg. von Karl Hoffmeister 4 (DE-601)583614353
                </str>
            </arr>
            <str name="callnumber-a">2 D 0820c (16</str>
            <arr name="series2">
                <str>Nachlese zu Schillers Werken: nebst Variantensammlung</str>
                <str>Supplemente zu Schillers Werken / Friedrich von Schiller</str>
            </arr>
            <arr name="format_facet">
                <str>Bücher</str>
                <str>Gedruckte Bücher</str>
            </arr>
            <str name="id">583668011</str>
            <str name="author">Schiller, Friedrich von</str>
            <str name="authorStr">Schiller, Friedrich von</str>
            <arr name="author_browse">
                <str>Schiller, Friedrich von</str>
                <str>Hoffmeister, Karl</str>
            </arr>
            <arr name="title">
                <str>Nachlese und Variantensammlung zu Schillers prosaischen Schriften</str>
            </arr>
            <arr name="signature_iln">
                <str>791:2 D 0820c (16</str>
            </arr>
            <str name="allfields">DBHB0047867x GBVCP ger rakwb Schiller, Friedrich von Nachlese und Variantensammlung zu
                Schillers prosaischen Schriften VIII, 607 S. Nachlese zu Schillers Werken: nebst Variantensammlung / aus
                seinem Nachlaß im Einverst. u. unter Mitw. der Familie Schiller hrsg. von Karl Hoffmeister ; 4
                Supplemente zu Schillers Werken / Friedrich von Schiller 4 Hoffmeister, Karl Author aut Schiller,
                Friedrich Nachlese zu Schillers Werken: nebst Variantensammlung / aus seinem Nachlaß im Einverst. u.
                unter Mitw. der Familie Schiller hrsg. von Karl Hoffmeister 4 (DE-601)583614353 GBV SYSFLAG_1 GBV_GVK
                GBV_ILN_791 MV 791 01 897643682 2 D 0820c (16 u 3791 n
            </str>
            <str name="spelling">DBHB0047867x GBVCP ger rakwb Schiller, Friedrich von Nachlese und Variantensammlung zu
                Schillers prosaischen Schriften VIII, 607 S. Nachlese zu Schillers Werken: nebst Variantensammlung / aus
                seinem Nachlaß im Einverst. u. unter Mitw. der Familie Schiller hrsg. von Karl Hoffmeister ; 4
                Supplemente zu Schillers Werken / Friedrich von Schiller 4 Hoffmeister, Karl Author aut Schiller,
                Friedrich Nachlese zu Schillers Werken: nebst Variantensammlung / aus seinem Nachlaß im Einverst. u.
                unter Mitw. der Familie Schiller hrsg. von Karl Hoffmeister 4 (DE-601)583614353 GBV SYSFLAG_1 GBV_GVK
                GBV_ILN_791 MV 791 01 897643682 2 D 0820c (16 u 3791 n
            </str>
            <str name="allfields_unstemmed">DBHB0047867x GBVCP ger rakwb Schiller, Friedrich von Nachlese und
                Variantensammlung zu Schillers prosaischen Schriften VIII, 607 S. Nachlese zu Schillers Werken: nebst
                Variantensammlung / aus seinem Nachlaß im Einverst. u. unter Mitw. der Familie Schiller hrsg. von Karl
                Hoffmeister ; 4 Supplemente zu Schillers Werken / Friedrich von Schiller 4 Hoffmeister, Karl Author aut
                Schiller, Friedrich Nachlese zu Schillers Werken: nebst Variantensammlung / aus seinem Nachlaß im
                Einverst. u. unter Mitw. der Familie Schiller hrsg. von Karl Hoffmeister 4 (DE-601)583614353 GBV
                SYSFLAG_1 GBV_GVK GBV_ILN_791 MV 791 01 897643682 2 D 0820c (16 u 3791 n
            </str>
            <str name="allfieldsGer">DBHB0047867x GBVCP ger rakwb Schiller, Friedrich von Nachlese und Variantensammlung
                zu Schillers prosaischen Schriften VIII, 607 S. Nachlese zu Schillers Werken: nebst Variantensammlung /
                aus seinem Nachlaß im Einverst. u. unter Mitw. der Familie Schiller hrsg. von Karl Hoffmeister ; 4
                Supplemente zu Schillers Werken / Friedrich von Schiller 4 Hoffmeister, Karl Author aut Schiller,
                Friedrich Nachlese zu Schillers Werken: nebst Variantensammlung / aus seinem Nachlaß im Einverst. u.
                unter Mitw. der Familie Schiller hrsg. von Karl Hoffmeister 4 (DE-601)583614353 GBV SYSFLAG_1 GBV_GVK
                GBV_ILN_791 MV 791 01 897643682 2 D 0820c (16 u 3791 n
            </str>
            <str name="allfieldsSound">DBHB0047867x GBVCP ger rakwb Schiller, Friedrich von Nachlese und
                Variantensammlung zu Schillers prosaischen Schriften VIII, 607 S. Nachlese zu Schillers Werken: nebst
                Variantensammlung / aus seinem Nachlaß im Einverst. u. unter Mitw. der Familie Schiller hrsg. von Karl
                Hoffmeister ; 4 Supplemente zu Schillers Werken / Friedrich von Schiller 4 Hoffmeister, Karl Author aut
                Schiller, Friedrich Nachlese zu Schillers Werken: nebst Variantensammlung / aus seinem Nachlaß im
                Einverst. u. unter Mitw. der Familie Schiller hrsg. von Karl Hoffmeister 4 (DE-601)583614353 GBV
                SYSFLAG_1 GBV_GVK GBV_ILN_791 MV 791 01 897643682 2 D 0820c (16 u 3791 n
            </str>
            <arr name="collection_details">
                <str>SYSFLAG_1</str>
                <str>GBV_GVK</str>
                <str>GBV_ILN_791</str>
            </arr>
            <arr name="author2">
                <str>Hoffmeister, Karl</str>
            </arr>
            <arr name="author2Str">
                <str>Hoffmeister, Karl</str>
            </arr>
            <str name="publishDateSort">1858</str>
            <arr name="format_se">
                <str>Bücher</str>
            </arr>
            <arr name="signature">
                <str>2 D 0820c (16</str>
            </arr>
            <arr name="publishDate">
                <str>1858</str>
            </arr>
            <arr name="institution">
                <str>findex.gbv.de</str>
            </arr>
            <str name="recordtype">marc</str>
            <arr name="building">
                <str>791</str>
            </arr>
            <arr name="title_auth">
                <str>Nachlese und Variantensammlung zu Schillers prosaischen Schriften</str>
            </arr>
            <str name="callnumber">2D0820C(16</str>
            <arr name="selectkey">
                <str>791:n</str>
            </arr>
            <arr name="format">
                <str>Book</str>
            </arr>
            <str name="title_sort">nachlese und variantensammlung zu schillers prosaischen schriften</str>
            <arr name="title_short">
                <str>Nachlese und Variantensammlung zu Schillers prosaischen Schriften</str>
            </arr>
            <str name="fullrecord">01052nam a2200253
                cb4500001001000000003000700010005001700017008004100034024001700075040002200092100002800114245007000142300001700212490016200229490006400391700003500455800020100490901000800691912001400699912001200713912001600725951000700741980005000748#30;583668011#30;DE-601#30;20081027085757.0#30;081024s1858
                000 0 d#30;8 #31;aDBHB0047867x#30; #31;aGBVCP#31;bger#31;erakwb#30;1 #31;aSchiller, Friedrich
                von#30;10#31;aNachlese und Variantensammlung zu Schillers prosaischen Schriften#30; #31;aVIII, 607
                S.#30;0 #31;aNachlese zu Schillers Werken: nebst Variantensammlung#31;v / aus seinem Nachlaß im
                Einverst. u. unter Mitw. der Familie Schiller hrsg. von Karl Hoffmeister ; 4#30;0 #31;aSupplemente zu
                Schillers Werken / Friedrich von Schiller#31;v4#30;1 #31;aHoffmeister, Karl#31;eAuthor#31;4aut#30;
                #31;aSchiller, Friedrich#31;tNachlese zu Schillers Werken: nebst Variantensammlung#31;b / aus seinem
                Nachlaß im Einverst. u. unter Mitw. der Familie Schiller hrsg. von Karl
                Hoffmeister#31;v4#31;w(DE-601)583614353#30; #31;aGBV#30; #31;aSYSFLAG_1#30; #31;aGBV_GVK#30;
                #31;aGBV_ILN_791#30; #31;aMV#30; #31;2791#31;101#31;b897643682#31;d2 D 0820c
                (16#31;eu#31;x3791#31;yn#30;#29;
            </str>
            <arr name="ppnlink">
                <str>583614353</str>
            </arr>
            <arr name="author-letter">
                <str>Schiller, Friedrich von</str>
            </arr>
            <bool name="remote_bool">false</bool>
            <arr name="title_full">
                <str>Nachlese und Variantensammlung zu Schillers prosaischen Schriften</str>
            </arr>
            <arr name="title_fullStr">
                <str>Nachlese und Variantensammlung zu Schillers prosaischen Schriften</str>
            </arr>
            <arr name="title_full_unstemmed">
                <str>Nachlese und Variantensammlung zu Schillers prosaischen Schriften</str>
            </arr>
            <arr name="title_fullGer">
                <str>Nachlese und Variantensammlung zu Schillers prosaischen Schriften</str>
            </arr>
            <long name="_version_">1459949116594323456</long>
            <float name="score">2.3583403</float>
        </doc>
        <doc>
            <arr name="series">
                <str>Schiller, Friedrich Schillers Briefe / Friedrich Schiller</str>
            </arr>
            <arr name="spellingShingle">
                <str>Schiller, Friedrich Schillers Briefe / Friedrich Schiller</str>
                <str>Schiller, Friedrich</str>
                <str>Siebenter Band : Mit Register</str>
            </arr>
            <arr name="seriesStr">
                <str>Schiller, Friedrich Schillers Briefe / Friedrich Schiller</str>
            </arr>
            <str name="edition">krit. Ges.-Ausg.</str>
            <arr name="physical">
                <str>415, CXXVIII S. Ill., Frontisp.</str>
            </arr>
            <arr name="publishPlace">
                <str>Stuttgart ;Leipzig u.a.</str>
            </arr>
            <str name="illustrated">Illustrated</str>
            <arr name="class_local">
                <str>379 01 00 L 339/7</str>
            </arr>
            <arr name="format_phy_str_mv">
                <str>Book</str>
            </arr>
            <arr name="author2-role">
                <str>Author</str>
            </arr>
            <str name="callnumber-first-code">L</str>
            <arr name="collection">
                <str>GVK</str>
            </arr>
            <bool name="hochschulschrift_bool">false</bool>
            <arr name="topic_title">
                <str>Siebenter Band : Mit Register Friedrich Schiller; Fritz Jonas [Hrsg.]</str>
                <str>Schiller, Friedrich Schillers Briefe / Friedrich Schiller [...] (DE-601)037427555</str>
            </arr>
            <str name="callnumber-a">L 339/7</str>
            <arr name="publisher">
                <str>Deutsche Verl.-Anstalt</str>
            </arr>
            <arr name="publisherStr">
                <str>Deutsche Verl.-Anstalt</str>
            </arr>
            <arr name="series2">
                <str>Schillers Briefe</str>
            </arr>
            <arr name="format_facet">
                <str>Bücher</str>
                <str>Gedruckte Bücher</str>
            </arr>
            <str name="id">676296076</str>
            <str name="author">Schiller, Friedrich</str>
            <str name="authorStr">Schiller, Friedrich</str>
            <arr name="author_browse">
                <str>Schiller, Friedrich</str>
                <str>Jonas, Fritz</str>
                <str>Jagemann, Ferdinand Zeichner</str>
                <str>Litzmann, Albert</str>
            </arr>
            <arr name="title">
                <str>Siebenter Band : Mit Register</str>
            </arr>
            <arr name="signature_iln">
                <str>379:L 339/7</str>
            </arr>
            <str name="allfields">GLHBU0064369 (DE-599)GBV676296076 GBVCP ger rakwb ger Schiller, Friedrich Siebenter
                Band : Mit Register Friedrich Schiller; Fritz Jonas [Hrsg.] krit. Ges.-Ausg. Stuttgart ;Leipzig u.a.
                Deutsche Verl.-Anstalt o.J. 415, CXXVIII S. Ill., Frontisp. Schillers Briefe / Friedrich Schiller[...]
                Bildnis: Friedrich Schiller ; Karoline von Wolzogen ; Charlotte Schiller Jonas, Fritz Author aut
                Jagemann, Ferdinand Zeichner Litzmann, Albert Schiller, Friedrich Schillers Briefe / Friedrich Schiller
                [...] (DE-601)037427555 GBV SYSFLAG_1 GBV_GVK GBV_ILN_379 MV 379 01 1280354291 L 339/7 c 4379 n 379 01
                00 L 339/7
            </str>
            <str name="spelling">GLHBU0064369 (DE-599)GBV676296076 GBVCP ger rakwb ger Schiller, Friedrich Siebenter
                Band : Mit Register Friedrich Schiller; Fritz Jonas [Hrsg.] krit. Ges.-Ausg. Stuttgart ;Leipzig u.a.
                Deutsche Verl.-Anstalt o.J. 415, CXXVIII S. Ill., Frontisp. Schillers Briefe / Friedrich Schiller[...]
                Bildnis: Friedrich Schiller ; Karoline von Wolzogen ; Charlotte Schiller Jonas, Fritz Author aut
                Jagemann, Ferdinand Zeichner Litzmann, Albert Schiller, Friedrich Schillers Briefe / Friedrich Schiller
                [...] (DE-601)037427555 GBV SYSFLAG_1 GBV_GVK GBV_ILN_379 MV 379 01 1280354291 L 339/7 c 4379 n 379 01
                00 L 339/7
            </str>
            <str name="allfields_unstemmed">GLHBU0064369 (DE-599)GBV676296076 GBVCP ger rakwb ger Schiller, Friedrich
                Siebenter Band : Mit Register Friedrich Schiller; Fritz Jonas [Hrsg.] krit. Ges.-Ausg. Stuttgart
                ;Leipzig u.a. Deutsche Verl.-Anstalt o.J. 415, CXXVIII S. Ill., Frontisp. Schillers Briefe / Friedrich
                Schiller[...] Bildnis: Friedrich Schiller ; Karoline von Wolzogen ; Charlotte Schiller Jonas, Fritz
                Author aut Jagemann, Ferdinand Zeichner Litzmann, Albert Schiller, Friedrich Schillers Briefe /
                Friedrich Schiller [...] (DE-601)037427555 GBV SYSFLAG_1 GBV_GVK GBV_ILN_379 MV 379 01 1280354291 L
                339/7 c 4379 n 379 01 00 L 339/7
            </str>
            <str name="allfieldsGer">GLHBU0064369 (DE-599)GBV676296076 GBVCP ger rakwb ger Schiller, Friedrich Siebenter
                Band : Mit Register Friedrich Schiller; Fritz Jonas [Hrsg.] krit. Ges.-Ausg. Stuttgart ;Leipzig u.a.
                Deutsche Verl.-Anstalt o.J. 415, CXXVIII S. Ill., Frontisp. Schillers Briefe / Friedrich Schiller[...]
                Bildnis: Friedrich Schiller ; Karoline von Wolzogen ; Charlotte Schiller Jonas, Fritz Author aut
                Jagemann, Ferdinand Zeichner Litzmann, Albert Schiller, Friedrich Schillers Briefe / Friedrich Schiller
                [...] (DE-601)037427555 GBV SYSFLAG_1 GBV_GVK GBV_ILN_379 MV 379 01 1280354291 L 339/7 c 4379 n 379 01
                00 L 339/7
            </str>
            <str name="allfieldsSound">GLHBU0064369 (DE-599)GBV676296076 GBVCP ger rakwb ger Schiller, Friedrich
                Siebenter Band : Mit Register Friedrich Schiller; Fritz Jonas [Hrsg.] krit. Ges.-Ausg. Stuttgart
                ;Leipzig u.a. Deutsche Verl.-Anstalt o.J. 415, CXXVIII S. Ill., Frontisp. Schillers Briefe / Friedrich
                Schiller[...] Bildnis: Friedrich Schiller ; Karoline von Wolzogen ; Charlotte Schiller Jonas, Fritz
                Author aut Jagemann, Ferdinand Zeichner Litzmann, Albert Schiller, Friedrich Schillers Briefe /
                Friedrich Schiller [...] (DE-601)037427555 GBV SYSFLAG_1 GBV_GVK GBV_ILN_379 MV 379 01 1280354291 L
                339/7 c 4379 n 379 01 00 L 339/7
            </str>
            <arr name="title_sub">
                <str>Mit Register</str>
            </arr>
            <arr name="collection_details">
                <str>SYSFLAG_1</str>
                <str>GBV_GVK</str>
                <str>GBV_ILN_379</str>
            </arr>
            <arr name="author2">
                <str>Jonas, Fritz</str>
                <str>Jagemann, Ferdinand Zeichner</str>
                <str>Litzmann, Albert</str>
            </arr>
            <arr name="author2Str">
                <str>Jonas, Fritz</str>
                <str>Jagemann, Ferdinand Zeichner</str>
                <str>Litzmann, Albert</str>
            </arr>
            <arr name="format_se">
                <str>Bücher</str>
            </arr>
            <arr name="signature">
                <str>L 339/7</str>
            </arr>
            <arr name="institution">
                <str>findex.gbv.de</str>
            </arr>
            <str name="recordtype">marc</str>
            <arr name="abstract">
                <str>Bildnis: Friedrich Schiller ; Karoline von Wolzogen ; Charlotte Schiller</str>
            </arr>
            <arr name="abstractGer">
                <str>Bildnis: Friedrich Schiller ; Karoline von Wolzogen ; Charlotte Schiller</str>
            </arr>
            <arr name="abstract_unstemmed">
                <str>Bildnis: Friedrich Schiller ; Karoline von Wolzogen ; Charlotte Schiller</str>
            </arr>
            <arr name="building">
                <str>379</str>
            </arr>
            <arr name="language_de">
                <str>deutsch</str>
            </arr>
            <str name="callnumber-first">L - Education</str>
            <arr name="title_auth">
                <str>Siebenter Band : Mit Register</str>
            </arr>
            <str name="callnumber">L339/7</str>
            <arr name="class">
                <str>379 01 00 L 339/7</str>
            </arr>
            <arr name="selectkey">
                <str>379:n</str>
            </arr>
            <arr name="format">
                <str>Book</str>
            </arr>
            <str name="title_sort">siebenter band :mit register</str>
            <arr name="title_short">
                <str>Siebenter Band :</str>
            </arr>
            <arr name="ctrlnum">
                <str>(DE-599)GBV676296076</str>
            </arr>
            <str name="fullrecord">01120nam a2200337
                cb4500001001000000003000700010005001700017008003200034024001700066035002500083040002200108041000800130100002400138245007600162250002100238260005800259300003700317490004900354500007700403700003000480700003300510700002100543800009100564901000800655912001400663912001200677912001600689951000700705980004500712983002500757#30;676296076#30;DE-601#30;20120319101427.0#30;111201
                000 0 ger d#30;8 #31;aGLHBU0064369#30; #31;a(DE-599)GBV676296076#30; #31;aGBVCP#31;bger#31;erakwb#30;0
                #31;ager#30;1 #31;aSchiller, Friedrich#30;10#31;aSiebenter Band :#31;bMit Register#31;cFriedrich
                Schiller; Fritz Jonas [Hrsg.]#30; #31;akrit. Ges.-Ausg.#30;3 #31;aStuttgart ;Leipzig u.a.#31;bDeutsche
                Verl.-Anstalt#31;co.J.#30; #31;a415, CXXVIII S.#31;bIll., Frontisp.#30;0 #31;aSchillers Briefe#31;v /
                Friedrich Schiller[...]#30; #31;aBildnis: Friedrich Schiller ; Karoline von Wolzogen ; Charlotte
                Schiller#30;1 #31;aJonas, Fritz#31;eAuthor#31;4aut#30;1 #31;aJagemann, Ferdinand Zeichner#30;1
                #31;aLitzmann, Albert#30; #31;aSchiller, Friedrich#31;tSchillers Briefe#31;b / Friedrich
                Schiller#31;v[...]#31;w(DE-601)037427555#30; #31;aGBV#30; #31;aSYSFLAG_1#30; #31;aGBV_GVK#30;
                #31;aGBV_ILN_379#30; #31;aMV#30; #31;2379#31;101#31;b1280354291#31;dL 339/7#31;ec#31;x4379#31;yn#30;
                #31;2379#31;101#31;800#31;aL 339/7#30;#29;
            </str>
            <arr name="ppnlink">
                <str>037427555</str>
            </arr>
            <arr name="author-letter">
                <str>Schiller, Friedrich</str>
            </arr>
            <arr name="language">
                <str>German</str>
            </arr>
            <arr name="lang_code">
                <str>ger</str>
            </arr>
            <arr name="class_local_iln">
                <str>379:L 339/7</str>
            </arr>
            <bool name="remote_bool">false</bool>
            <arr name="title_full">
                <str>Siebenter Band : Mit Register Friedrich Schiller; Fritz Jonas [Hrsg.]</str>
            </arr>
            <arr name="title_fullStr">
                <str>Siebenter Band : Mit Register Friedrich Schiller; Fritz Jonas [Hrsg.]</str>
            </arr>
            <arr name="title_full_unstemmed">
                <str>Siebenter Band : Mit Register Friedrich Schiller; Fritz Jonas [Hrsg.]</str>
            </arr>
            <arr name="title_fullGer">
                <str>Siebenter Band : Mit Register Friedrich Schiller; Fritz Jonas [Hrsg.]</str>
            </arr>
            <long name="_version_">1459949870882226176</long>
            <float name="score">2.3583403</float>
        </doc>
        <doc>
            <arr name="series">
                <str>Schiller, Friedrich Schillers Briefwechsel mit Körner : Von 1784 bis zum Tode Schillers /
                    Friedrich Schiller
                </str>
            </arr>
            <arr name="spellingShingle">
                <str>Schiller, Friedrich Schillers Briefwechsel mit Körner : Von 1784 bis zum Tode Schillers /
                    Friedrich Schiller
                </str>
                <str>Schiller, Friedrich</str>
                <str>Zweiter Theil : 1789 - 1792</str>
            </arr>
            <arr name="seriesStr">
                <str>Schiller, Friedrich Schillers Briefwechsel mit Körner : Von 1784 bis zum Tode Schillers /
                    Friedrich Schiller
                </str>
            </arr>
            <arr name="physical">
                <str>360 S.</str>
            </arr>
            <arr name="publishPlace">
                <str>Berlin</str>
            </arr>
            <str name="illustrated">Not Illustrated</str>
            <arr name="class_local">
                <str>379 01 00 L 332/2</str>
            </arr>
            <arr name="format_phy_str_mv">
                <str>Book</str>
            </arr>
            <str name="callnumber-first-code">L</str>
            <arr name="collection">
                <str>GVK</str>
            </arr>
            <bool name="hochschulschrift_bool">false</bool>
            <arr name="topic_title">
                <str>Zweiter Theil : 1789 - 1792 Friedrich Schiller</str>
                <str>Schiller, Friedrich Schillers Briefwechsel mit Körner : Von 1784 bis zum Tode Schillers /
                    Friedrich Schiller 2. (DE-601)138140421
                </str>
            </arr>
            <str name="callnumber-a">L 332/2</str>
            <arr name="publisher">
                <str>Verl. Veit u. Comp.</str>
            </arr>
            <arr name="publisherStr">
                <str>Verl. Veit u. Comp.</str>
            </arr>
            <arr name="series2">
                <str>Schillers Briefwechsel mit Körner</str>
            </arr>
            <arr name="format_facet">
                <str>Bücher</str>
                <str>Gedruckte Bücher</str>
            </arr>
            <str name="id">676295851</str>
            <str name="author">Schiller, Friedrich</str>
            <str name="authorStr">Schiller, Friedrich</str>
            <arr name="author_browse">
                <str>Schiller, Friedrich</str>
            </arr>
            <arr name="title">
                <str>Zweiter Theil : 1789 - 1792</str>
            </arr>
            <arr name="signature_iln">
                <str>379:L 332/2</str>
            </arr>
            <str name="allfields">GLHBU0064359 (DE-599)GBV676295851 GBVCP ger rakwb ger Schiller, Friedrich Zweiter
                Theil : 1789 - 1792 Friedrich Schiller Berlin Verl. Veit u. Comp. 1847 360 S. Schillers Briefwechsel mit
                Körner : Von 1784 bis zum Tode Schillers / Friedrich Schiller ; 2. Teil Schiller, Friedrich Schillers
                Briefwechsel mit Körner : Von 1784 bis zum Tode Schillers / Friedrich Schiller 2. (DE-601)138140421 GBV
                SYSFLAG_1 GBV_GVK GBV_ILN_379 MV 379 01 1280354208 L 332/2 c 4379 n 379 01 00 L 332/2
            </str>
            <str name="spelling">GLHBU0064359 (DE-599)GBV676295851 GBVCP ger rakwb ger Schiller, Friedrich Zweiter Theil
                : 1789 - 1792 Friedrich Schiller Berlin Verl. Veit u. Comp. 1847 360 S. Schillers Briefwechsel mit
                Körner : Von 1784 bis zum Tode Schillers / Friedrich Schiller ; 2. Teil Schiller, Friedrich Schillers
                Briefwechsel mit Körner : Von 1784 bis zum Tode Schillers / Friedrich Schiller 2. (DE-601)138140421 GBV
                SYSFLAG_1 GBV_GVK GBV_ILN_379 MV 379 01 1280354208 L 332/2 c 4379 n 379 01 00 L 332/2
            </str>
            <str name="allfields_unstemmed">GLHBU0064359 (DE-599)GBV676295851 GBVCP ger rakwb ger Schiller, Friedrich
                Zweiter Theil : 1789 - 1792 Friedrich Schiller Berlin Verl. Veit u. Comp. 1847 360 S. Schillers
                Briefwechsel mit Körner : Von 1784 bis zum Tode Schillers / Friedrich Schiller ; 2. Teil Schiller,
                Friedrich Schillers Briefwechsel mit Körner : Von 1784 bis zum Tode Schillers / Friedrich Schiller 2.
                (DE-601)138140421 GBV SYSFLAG_1 GBV_GVK GBV_ILN_379 MV 379 01 1280354208 L 332/2 c 4379 n 379 01 00 L
                332/2
            </str>
            <str name="allfieldsGer">GLHBU0064359 (DE-599)GBV676295851 GBVCP ger rakwb ger Schiller, Friedrich Zweiter
                Theil : 1789 - 1792 Friedrich Schiller Berlin Verl. Veit u. Comp. 1847 360 S. Schillers Briefwechsel mit
                Körner : Von 1784 bis zum Tode Schillers / Friedrich Schiller ; 2. Teil Schiller, Friedrich Schillers
                Briefwechsel mit Körner : Von 1784 bis zum Tode Schillers / Friedrich Schiller 2. (DE-601)138140421 GBV
                SYSFLAG_1 GBV_GVK GBV_ILN_379 MV 379 01 1280354208 L 332/2 c 4379 n 379 01 00 L 332/2
            </str>
            <str name="allfieldsSound">GLHBU0064359 (DE-599)GBV676295851 GBVCP ger rakwb ger Schiller, Friedrich Zweiter
                Theil : 1789 - 1792 Friedrich Schiller Berlin Verl. Veit u. Comp. 1847 360 S. Schillers Briefwechsel mit
                Körner : Von 1784 bis zum Tode Schillers / Friedrich Schiller ; 2. Teil Schiller, Friedrich Schillers
                Briefwechsel mit Körner : Von 1784 bis zum Tode Schillers / Friedrich Schiller 2. (DE-601)138140421 GBV
                SYSFLAG_1 GBV_GVK GBV_ILN_379 MV 379 01 1280354208 L 332/2 c 4379 n 379 01 00 L 332/2
            </str>
            <arr name="title_sub">
                <str>1789 - 1792</str>
            </arr>
            <arr name="collection_details">
                <str>SYSFLAG_1</str>
                <str>GBV_GVK</str>
                <str>GBV_ILN_379</str>
            </arr>
            <str name="publishDateSort">1847</str>
            <arr name="format_se">
                <str>Bücher</str>
            </arr>
            <arr name="signature">
                <str>L 332/2</str>
            </arr>
            <arr name="publishDate">
                <str>1847</str>
            </arr>
            <arr name="institution">
                <str>findex.gbv.de</str>
            </arr>
            <str name="recordtype">marc</str>
            <arr name="abstract">
                <str>Teil</str>
            </arr>
            <arr name="abstractGer">
                <str>Teil</str>
            </arr>
            <arr name="abstract_unstemmed">
                <str>Teil</str>
            </arr>
            <arr name="building">
                <str>379</str>
            </arr>
            <arr name="language_de">
                <str>deutsch</str>
            </arr>
            <str name="callnumber-first">L - Education</str>
            <arr name="title_auth">
                <str>Zweiter Theil : 1789 - 1792</str>
            </arr>
            <str name="callnumber">L332/2</str>
            <arr name="class">
                <str>379 01 00 L 332/2</str>
            </arr>
            <arr name="selectkey">
                <str>379:n</str>
            </arr>
            <arr name="format">
                <str>Book</str>
            </arr>
            <str name="title_sort">zweiter theil :1789 - 1792</str>
            <arr name="title_short">
                <str>Zweiter Theil :</str>
            </arr>
            <arr name="ctrlnum">
                <str>(DE-599)GBV676295851</str>
            </arr>
            <str name="fullrecord">00942nam a2200289
                cb4500001001000000003000700010005001700017008004100034024001700075035002500092040002200117041000800139100002400147245005300171260003800224300001100262490010200273500000900375800014100384901000800525912001400533912001200547912001600559951000700575980004500582983002500627#30;676295851#30;DE-601#30;20111203010120.0#30;111201s1847
                000 0 ger d#30;8 #31;aGLHBU0064359#30; #31;a(DE-599)GBV676295851#30; #31;aGBVCP#31;bger#31;erakwb#30;0
                #31;ager#30;1 #31;aSchiller, Friedrich#30;10#31;aZweiter Theil :#31;b1789 - 1792#31;cFriedrich
                Schiller#30;3 #31;aBerlin#31;bVerl. Veit u. Comp.#31;c1847#30; #31;a360 S.#30;0 #31;aSchillers
                Briefwechsel mit Körner#31;v : Von 1784 bis zum Tode Schillers / Friedrich Schiller ; 2.#30;
                #31;aTeil#30; #31;aSchiller, Friedrich#31;tSchillers Briefwechsel mit Körner#31;b : Von 1784 bis zum
                Tode Schillers / Friedrich Schiller#31;v2.#31;w(DE-601)138140421#30; #31;aGBV#30; #31;aSYSFLAG_1#30;
                #31;aGBV_GVK#30; #31;aGBV_ILN_379#30; #31;aMV#30; #31;2379#31;101#31;b1280354208#31;dL
                332/2#31;ec#31;x4379#31;yn#30; #31;2379#31;101#31;800#31;aL 332/2#30;#29;
            </str>
            <arr name="ppnlink">
                <str>138140421</str>
            </arr>
            <arr name="author-letter">
                <str>Schiller, Friedrich</str>
            </arr>
            <arr name="language">
                <str>German</str>
            </arr>
            <arr name="lang_code">
                <str>ger</str>
            </arr>
            <arr name="class_local_iln">
                <str>379:L 332/2</str>
            </arr>
            <bool name="remote_bool">false</bool>
            <arr name="title_full">
                <str>Zweiter Theil : 1789 - 1792 Friedrich Schiller</str>
            </arr>
            <arr name="title_fullStr">
                <str>Zweiter Theil : 1789 - 1792 Friedrich Schiller</str>
            </arr>
            <arr name="title_full_unstemmed">
                <str>Zweiter Theil : 1789 - 1792 Friedrich Schiller</str>
            </arr>
            <arr name="title_fullGer">
                <str>Zweiter Theil : 1789 - 1792 Friedrich Schiller</str>
            </arr>
            <long name="_version_">1459949870699773952</long>
            <float name="score">2.3581789</float>
        </doc>
        <doc>
            <arr name="series">
                <str>Schiller, Friedrich Schillers Werke / Friedrich Schiller</str>
            </arr>
            <arr name="spellingShingle">
                <str>Schiller, Friedrich Schillers Werke / Friedrich Schiller</str>
                <str>Schiller, Friedrich</str>
                <str>Einundvierzigster Band : Teil I : Lebenszeugnisse I : Schillers Kalender : Schillers Bibliothek
                </str>
            </arr>
            <arr name="seriesStr">
                <str>Schiller, Friedrich Schillers Werke / Friedrich Schiller</str>
            </arr>
            <arr name="physical">
                <str>932 S. Ill. (faks.)</str>
            </arr>
            <arr name="publishPlace">
                <str>Weimar</str>
            </arr>
            <str name="illustrated">Illustrated</str>
            <arr name="class_local">
                <str>379 01 00 L 114/41a</str>
            </arr>
            <arr name="format_phy_str_mv">
                <str>Book</str>
            </arr>
            <arr name="author2-role">
                <str>Author</str>
            </arr>
            <str name="callnumber-first-code">L</str>
            <arr name="collection">
                <str>GVK</str>
            </arr>
            <bool name="hochschulschrift_bool">false</bool>
            <arr name="topic_title">
                <str>Einundvierzigster Band : Teil I : Lebenszeugnisse I : Schillers Kalender : Schillers Bibliothek
                    Friedrich Schiller; Georg Kurscheidt [Hrsg.]; u.a.
                </str>
                <str>Schiller, Friedrich Schillers Werke / Friedrich Schiller 55. (DE-601)676525989</str>
            </arr>
            <str name="callnumber-a">L 114/41a</str>
            <arr name="publisher">
                <str>Herrmann Böhlaus Nachf.</str>
            </arr>
            <arr name="publisherStr">
                <str>Herrmann Böhlaus Nachf.</str>
            </arr>
            <arr name="series2">
                <str>Schillers Werke</str>
            </arr>
            <arr name="format_facet">
                <str>Bücher</str>
                <str>Gedruckte Bücher</str>
            </arr>
            <str name="id">676271901</str>
            <str name="author">Schiller, Friedrich</str>
            <str name="authorStr">Schiller, Friedrich</str>
            <arr name="author_browse">
                <str>Schiller, Friedrich</str>
                <str>Stiftung Weimarer Klassik</str>
                <str>Kurscheidt, Georg</str>
            </arr>
            <arr name="title">
                <str>Einundvierzigster Band : Teil I : Lebenszeugnisse I : Schillers Kalender : Schillers Bibliothek
                </str>
            </arr>
            <arr name="signature_iln">
                <str>379:L 114/41a</str>
            </arr>
            <str name="allfields">3740007974 GLHBU0063739 (DE-599)GBV676271901 GBVCP ger rakwb ger Schiller, Friedrich
                Stiftung Weimarer Klassik Einundvierzigster Band : Teil I : Lebenszeugnisse I : Schillers Kalender :
                Schillers Bibliothek Friedrich Schiller; Georg Kurscheidt [Hrsg.]; u.a. Weimar Herrmann Böhlaus Nachf.
                2003 932 S. Ill. (faks.) Schillers Werke / Friedrich Schiller ; 55. Kurscheidt, Georg Author aut
                Schiller, Friedrich Schillers Werke / Friedrich Schiller 55. (DE-601)676525989 GBV SYSFLAG_1 GBV_GVK
                GBV_ILN_379 MV 379 01 1280343354 L 114/41a c 4379 n 379 01 00 L 114/41a
            </str>
            <str name="spelling">3740007974 GLHBU0063739 (DE-599)GBV676271901 GBVCP ger rakwb ger Schiller, Friedrich
                Stiftung Weimarer Klassik Einundvierzigster Band : Teil I : Lebenszeugnisse I : Schillers Kalender :
                Schillers Bibliothek Friedrich Schiller; Georg Kurscheidt [Hrsg.]; u.a. Weimar Herrmann Böhlaus Nachf.
                2003 932 S. Ill. (faks.) Schillers Werke / Friedrich Schiller ; 55. Kurscheidt, Georg Author aut
                Schiller, Friedrich Schillers Werke / Friedrich Schiller 55. (DE-601)676525989 GBV SYSFLAG_1 GBV_GVK
                GBV_ILN_379 MV 379 01 1280343354 L 114/41a c 4379 n 379 01 00 L 114/41a
            </str>
            <str name="allfields_unstemmed">3740007974 GLHBU0063739 (DE-599)GBV676271901 GBVCP ger rakwb ger Schiller,
                Friedrich Stiftung Weimarer Klassik Einundvierzigster Band : Teil I : Lebenszeugnisse I : Schillers
                Kalender : Schillers Bibliothek Friedrich Schiller; Georg Kurscheidt [Hrsg.]; u.a. Weimar Herrmann
                Böhlaus Nachf. 2003 932 S. Ill. (faks.) Schillers Werke / Friedrich Schiller ; 55. Kurscheidt, Georg
                Author aut Schiller, Friedrich Schillers Werke / Friedrich Schiller 55. (DE-601)676525989 GBV SYSFLAG_1
                GBV_GVK GBV_ILN_379 MV 379 01 1280343354 L 114/41a c 4379 n 379 01 00 L 114/41a
            </str>
            <str name="allfieldsGer">3740007974 GLHBU0063739 (DE-599)GBV676271901 GBVCP ger rakwb ger Schiller,
                Friedrich Stiftung Weimarer Klassik Einundvierzigster Band : Teil I : Lebenszeugnisse I : Schillers
                Kalender : Schillers Bibliothek Friedrich Schiller; Georg Kurscheidt [Hrsg.]; u.a. Weimar Herrmann
                Böhlaus Nachf. 2003 932 S. Ill. (faks.) Schillers Werke / Friedrich Schiller ; 55. Kurscheidt, Georg
                Author aut Schiller, Friedrich Schillers Werke / Friedrich Schiller 55. (DE-601)676525989 GBV SYSFLAG_1
                GBV_GVK GBV_ILN_379 MV 379 01 1280343354 L 114/41a c 4379 n 379 01 00 L 114/41a
            </str>
            <str name="allfieldsSound">3740007974 GLHBU0063739 (DE-599)GBV676271901 GBVCP ger rakwb ger Schiller,
                Friedrich Stiftung Weimarer Klassik Einundvierzigster Band : Teil I : Lebenszeugnisse I : Schillers
                Kalender : Schillers Bibliothek Friedrich Schiller; Georg Kurscheidt [Hrsg.]; u.a. Weimar Herrmann
                Böhlaus Nachf. 2003 932 S. Ill. (faks.) Schillers Werke / Friedrich Schiller ; 55. Kurscheidt, Georg
                Author aut Schiller, Friedrich Schillers Werke / Friedrich Schiller 55. (DE-601)676525989 GBV SYSFLAG_1
                GBV_GVK GBV_ILN_379 MV 379 01 1280343354 L 114/41a c 4379 n 379 01 00 L 114/41a
            </str>
            <arr name="title_sub">
                <str>Teil I : Lebenszeugnisse I : Schillers Kalender : Schillers Bibliothek</str>
            </arr>
            <arr name="isbn">
                <str>3740007974</str>
                <str>9783740007973</str>
            </arr>
            <arr name="collection_details">
                <str>SYSFLAG_1</str>
                <str>GBV_GVK</str>
                <str>GBV_ILN_379</str>
            </arr>
            <arr name="author2">
                <str>Stiftung Weimarer Klassik</str>
                <str>Kurscheidt, Georg</str>
            </arr>
            <arr name="author2Str">
                <str>Stiftung Weimarer Klassik</str>
                <str>Kurscheidt, Georg</str>
            </arr>
            <str name="publishDateSort">2003</str>
            <arr name="format_se">
                <str>Bücher</str>
            </arr>
            <arr name="signature">
                <str>L 114/41a</str>
            </arr>
            <arr name="publishDate">
                <str>2003</str>
            </arr>
            <arr name="institution">
                <str>findex.gbv.de</str>
            </arr>
            <str name="recordtype">marc</str>
            <arr name="building">
                <str>379</str>
            </arr>
            <arr name="language_de">
                <str>deutsch</str>
            </arr>
            <str name="callnumber-first">L - Education</str>
            <arr name="title_auth">
                <str>Einundvierzigster Band : Teil I : Lebenszeugnisse I : Schillers Kalender : Schillers Bibliothek
                </str>
            </arr>
            <str name="callnumber">L114/41A</str>
            <arr name="class">
                <str>379 01 00 L 114/41a</str>
            </arr>
            <arr name="selectkey">
                <str>379:n</str>
            </arr>
            <arr name="format">
                <str>Book</str>
            </arr>
            <str name="title_sort">einundvierzigster band :teil i : lebenszeugnisse i : schillers kalender : schillers
                bibliothek
            </str>
            <arr name="title_short">
                <str>Einundvierzigster Band :</str>
            </arr>
            <str name="fullrecord">01055nam a2200313
                cb4500001001000000003000700010005001700017008004100034020001500075024001700090035002500107040002200132041000800154100002400162110003000186245015300216260004400369300002500413490004900438700003500487800008800522901000800610912001400618912001200632912001600644951000700660980004700667983002700714#30;676271901#30;DE-601#30;20120414183007.0#30;111201s2003
                000 0 ger d#30; #31;a3740007974#30;8 #31;aGLHBU0063739#30; #31;a(DE-599)GBV676271901#30;
                #31;aGBVCP#31;bger#31;erakwb#30;0 #31;ager#30;1 #31;aSchiller, Friedrich#30;2 #31;aStiftung Weimarer
                Klassik#30;10#31;aEinundvierzigster Band :#31;bTeil I : Lebenszeugnisse I : Schillers Kalender :
                Schillers Bibliothek#31;cFriedrich Schiller; Georg Kurscheidt [Hrsg.]; u.a.#30;3
                #31;aWeimar#31;bHerrmann Böhlaus Nachf.#31;c2003#30; #31;a932 S.#31;bIll. (faks.)#30;0 #31;aSchillers
                Werke#31;v / Friedrich Schiller ; 55.#30;1 #31;aKurscheidt, Georg#31;eAuthor#31;4aut#30; #31;aSchiller,
                Friedrich#31;tSchillers Werke#31;b / Friedrich Schiller#31;v55.#31;w(DE-601)676525989#30; #31;aGBV#30;
                #31;aSYSFLAG_1#30; #31;aGBV_GVK#30; #31;aGBV_ILN_379#30; #31;aMV#30;
                #31;2379#31;101#31;b1280343354#31;dL 114/41a#31;ec#31;x4379#31;yn#30; #31;2379#31;101#31;800#31;aL
                114/41a#30;#29;
            </str>
            <arr name="ctrlnum">
                <str>(DE-599)GBV676271901</str>
            </arr>
            <arr name="ppnlink">
                <str>676525989</str>
            </arr>
            <arr name="author-letter">
                <str>Schiller, Friedrich</str>
            </arr>
            <arr name="language">
                <str>German</str>
            </arr>
            <arr name="lang_code">
                <str>ger</str>
            </arr>
            <arr name="class_local_iln">
                <str>379:L 114/41a</str>
            </arr>
            <bool name="remote_bool">false</bool>
            <arr name="title_full">
                <str>Einundvierzigster Band : Teil I : Lebenszeugnisse I : Schillers Kalender : Schillers Bibliothek
                    Friedrich Schiller; Georg Kurscheidt [Hrsg.]; u.a.
                </str>
            </arr>
            <arr name="title_fullStr">
                <str>Einundvierzigster Band : Teil I : Lebenszeugnisse I : Schillers Kalender : Schillers Bibliothek
                    Friedrich Schiller; Georg Kurscheidt [Hrsg.]; u.a.
                </str>
            </arr>
            <arr name="title_full_unstemmed">
                <str>Einundvierzigster Band : Teil I : Lebenszeugnisse I : Schillers Kalender : Schillers Bibliothek
                    Friedrich Schiller; Georg Kurscheidt [Hrsg.]; u.a.
                </str>
            </arr>
            <arr name="title_fullGer">
                <str>Einundvierzigster Band : Teil I : Lebenszeugnisse I : Schillers Kalender : Schillers Bibliothek
                    Friedrich Schiller; Georg Kurscheidt [Hrsg.]; u.a.
                </str>
            </arr>
            <long name="_version_">1459949845912485888</long>
            <float name="score">2.3581789</float>
        </doc>
        <doc>
            <arr name="series">
                <str>Schiller, Friedrich Schillers Briefwechsel mit Körner : Von 1784 bis zum Tode Schillers /
                    Friedrich Schiller
                </str>
            </arr>
            <arr name="spellingShingle">
                <str>Schiller, Friedrich Schillers Briefwechsel mit Körner : Von 1784 bis zum Tode Schillers /
                    Friedrich Schiller
                </str>
                <str>Schiller, Friedrich</str>
                <str>Vierter Theil : 1797 - 1805</str>
            </arr>
            <arr name="seriesStr">
                <str>Schiller, Friedrich Schillers Briefwechsel mit Körner : Von 1784 bis zum Tode Schillers /
                    Friedrich Schiller
                </str>
            </arr>
            <arr name="physical">
                <str>X, 396 S.</str>
            </arr>
            <arr name="publishPlace">
                <str>Berlin</str>
            </arr>
            <str name="illustrated">Not Illustrated</str>
            <arr name="class_local">
                <str>379 01 00 L 331/4</str>
            </arr>
            <arr name="format_phy_str_mv">
                <str>Book</str>
            </arr>
            <str name="callnumber-first-code">L</str>
            <arr name="collection">
                <str>GVK</str>
            </arr>
            <bool name="hochschulschrift_bool">false</bool>
            <arr name="topic_title">
                <str>Vierter Theil : 1797 - 1805 Friedrich Schiller</str>
                <str>Schiller, Friedrich Schillers Briefwechsel mit Körner : Von 1784 bis zum Tode Schillers /
                    Friedrich Schiller 4. (DE-601)138140421
                </str>
            </arr>
            <str name="callnumber-a">L 331/4</str>
            <arr name="publisher">
                <str>Verl. Veit u. Comp.</str>
            </arr>
            <arr name="publisherStr">
                <str>Verl. Veit u. Comp.</str>
            </arr>
            <arr name="series2">
                <str>Schillers Briefwechsel mit Körner</str>
            </arr>
            <arr name="format_facet">
                <str>Bücher</str>
                <str>Gedruckte Bücher</str>
            </arr>
            <str name="id">676295908</str>
            <str name="author">Schiller, Friedrich</str>
            <str name="authorStr">Schiller, Friedrich</str>
            <arr name="author_browse">
                <str>Schiller, Friedrich</str>
            </arr>
            <arr name="title">
                <str>Vierter Theil : 1797 - 1805</str>
            </arr>
            <arr name="signature_iln">
                <str>379:L 331/4</str>
            </arr>
            <str name="allfields">GLHBU0064361 (DE-599)GBV676295908 GBVCP ger rakwb ger Schiller, Friedrich Vierter
                Theil : 1797 - 1805 Friedrich Schiller Berlin Verl. Veit u. Comp. 1847 X, 396 S. Schillers Briefwechsel
                mit Körner : Von 1784 bis zum Tode Schillers / Friedrich Schiller ; 4. Teil Schiller, Friedrich
                Schillers Briefwechsel mit Körner : Von 1784 bis zum Tode Schillers / Friedrich Schiller 4.
                (DE-601)138140421 GBV SYSFLAG_1 GBV_GVK GBV_ILN_379 MV 379 01 1280354224 L 331/4 c 4379 n 379 01 00 L
                331/4
            </str>
            <str name="spelling">GLHBU0064361 (DE-599)GBV676295908 GBVCP ger rakwb ger Schiller, Friedrich Vierter Theil
                : 1797 - 1805 Friedrich Schiller Berlin Verl. Veit u. Comp. 1847 X, 396 S. Schillers Briefwechsel mit
                Körner : Von 1784 bis zum Tode Schillers / Friedrich Schiller ; 4. Teil Schiller, Friedrich Schillers
                Briefwechsel mit Körner : Von 1784 bis zum Tode Schillers / Friedrich Schiller 4. (DE-601)138140421 GBV
                SYSFLAG_1 GBV_GVK GBV_ILN_379 MV 379 01 1280354224 L 331/4 c 4379 n 379 01 00 L 331/4
            </str>
            <str name="allfields_unstemmed">GLHBU0064361 (DE-599)GBV676295908 GBVCP ger rakwb ger Schiller, Friedrich
                Vierter Theil : 1797 - 1805 Friedrich Schiller Berlin Verl. Veit u. Comp. 1847 X, 396 S. Schillers
                Briefwechsel mit Körner : Von 1784 bis zum Tode Schillers / Friedrich Schiller ; 4. Teil Schiller,
                Friedrich Schillers Briefwechsel mit Körner : Von 1784 bis zum Tode Schillers / Friedrich Schiller 4.
                (DE-601)138140421 GBV SYSFLAG_1 GBV_GVK GBV_ILN_379 MV 379 01 1280354224 L 331/4 c 4379 n 379 01 00 L
                331/4
            </str>
            <str name="allfieldsGer">GLHBU0064361 (DE-599)GBV676295908 GBVCP ger rakwb ger Schiller, Friedrich Vierter
                Theil : 1797 - 1805 Friedrich Schiller Berlin Verl. Veit u. Comp. 1847 X, 396 S. Schillers Briefwechsel
                mit Körner : Von 1784 bis zum Tode Schillers / Friedrich Schiller ; 4. Teil Schiller, Friedrich
                Schillers Briefwechsel mit Körner : Von 1784 bis zum Tode Schillers / Friedrich Schiller 4.
                (DE-601)138140421 GBV SYSFLAG_1 GBV_GVK GBV_ILN_379 MV 379 01 1280354224 L 331/4 c 4379 n 379 01 00 L
                331/4
            </str>
            <str name="allfieldsSound">GLHBU0064361 (DE-599)GBV676295908 GBVCP ger rakwb ger Schiller, Friedrich Vierter
                Theil : 1797 - 1805 Friedrich Schiller Berlin Verl. Veit u. Comp. 1847 X, 396 S. Schillers Briefwechsel
                mit Körner : Von 1784 bis zum Tode Schillers / Friedrich Schiller ; 4. Teil Schiller, Friedrich
                Schillers Briefwechsel mit Körner : Von 1784 bis zum Tode Schillers / Friedrich Schiller 4.
                (DE-601)138140421 GBV SYSFLAG_1 GBV_GVK GBV_ILN_379 MV 379 01 1280354224 L 331/4 c 4379 n 379 01 00 L
                331/4
            </str>
            <arr name="title_sub">
                <str>1797 - 1805</str>
            </arr>
            <arr name="collection_details">
                <str>SYSFLAG_1</str>
                <str>GBV_GVK</str>
                <str>GBV_ILN_379</str>
            </arr>
            <str name="publishDateSort">1847</str>
            <arr name="format_se">
                <str>Bücher</str>
            </arr>
            <arr name="signature">
                <str>L 331/4</str>
            </arr>
            <arr name="publishDate">
                <str>1847</str>
            </arr>
            <arr name="institution">
                <str>findex.gbv.de</str>
            </arr>
            <str name="recordtype">marc</str>
            <arr name="abstract">
                <str>Teil</str>
            </arr>
            <arr name="abstractGer">
                <str>Teil</str>
            </arr>
            <arr name="abstract_unstemmed">
                <str>Teil</str>
            </arr>
            <arr name="building">
                <str>379</str>
            </arr>
            <arr name="language_de">
                <str>deutsch</str>
            </arr>
            <str name="callnumber-first">L - Education</str>
            <arr name="title_auth">
                <str>Vierter Theil : 1797 - 1805</str>
            </arr>
            <str name="callnumber">L331/4</str>
            <arr name="class">
                <str>379 01 00 L 331/4</str>
            </arr>
            <arr name="selectkey">
                <str>379:n</str>
            </arr>
            <arr name="format">
                <str>Book</str>
            </arr>
            <str name="title_sort">vierter theil :1797 - 1805</str>
            <arr name="title_short">
                <str>Vierter Theil :</str>
            </arr>
            <arr name="ctrlnum">
                <str>(DE-599)GBV676295908</str>
            </arr>
            <str name="fullrecord">00945nam a2200289
                cb4500001001000000003000700010005001700017008004100034024001700075035002500092040002200117041000800139100002400147245005300171260003800224300001400262490010200276500000900378800014100387901000800528912001400536912001200550912001600562951000700578980004500585983002500630#30;676295908#30;DE-601#30;20111203010120.0#30;111201s1847
                000 0 ger d#30;8 #31;aGLHBU0064361#30; #31;a(DE-599)GBV676295908#30; #31;aGBVCP#31;bger#31;erakwb#30;0
                #31;ager#30;1 #31;aSchiller, Friedrich#30;10#31;aVierter Theil :#31;b1797 - 1805#31;cFriedrich
                Schiller#30;3 #31;aBerlin#31;bVerl. Veit u. Comp.#31;c1847#30; #31;aX, 396 S.#30;0 #31;aSchillers
                Briefwechsel mit Körner#31;v : Von 1784 bis zum Tode Schillers / Friedrich Schiller ; 4.#30;
                #31;aTeil#30; #31;aSchiller, Friedrich#31;tSchillers Briefwechsel mit Körner#31;b : Von 1784 bis zum
                Tode Schillers / Friedrich Schiller#31;v4.#31;w(DE-601)138140421#30; #31;aGBV#30; #31;aSYSFLAG_1#30;
                #31;aGBV_GVK#30; #31;aGBV_ILN_379#30; #31;aMV#30; #31;2379#31;101#31;b1280354224#31;dL
                331/4#31;ec#31;x4379#31;yn#30; #31;2379#31;101#31;800#31;aL 331/4#30;#29;
            </str>
            <arr name="ppnlink">
                <str>138140421</str>
            </arr>
            <arr name="author-letter">
                <str>Schiller, Friedrich</str>
            </arr>
            <arr name="language">
                <str>German</str>
            </arr>
            <arr name="lang_code">
                <str>ger</str>
            </arr>
            <arr name="class_local_iln">
                <str>379:L 331/4</str>
            </arr>
            <bool name="remote_bool">false</bool>
            <arr name="title_full">
                <str>Vierter Theil : 1797 - 1805 Friedrich Schiller</str>
            </arr>
            <arr name="title_fullStr">
                <str>Vierter Theil : 1797 - 1805 Friedrich Schiller</str>
            </arr>
            <arr name="title_full_unstemmed">
                <str>Vierter Theil : 1797 - 1805 Friedrich Schiller</str>
            </arr>
            <arr name="title_fullGer">
                <str>Vierter Theil : 1797 - 1805 Friedrich Schiller</str>
            </arr>
            <long name="_version_">1459949870730182656</long>
            <float name="score">2.3557296</float>
        </doc>
        <doc>
            <arr name="series">
                <str>Schiller, Friedrich Schillers Briefwechsel mit Körner : Von 1784 bis zum Tode Schillers /
                    Friedrich Schiller
                </str>
            </arr>
            <arr name="spellingShingle">
                <str>Schiller, Friedrich Schillers Briefwechsel mit Körner : Von 1784 bis zum Tode Schillers /
                    Friedrich Schiller
                </str>
                <str>Schiller, Friedrich</str>
                <str>Erster Theil : 1784 - 1788</str>
            </arr>
            <arr name="seriesStr">
                <str>Schiller, Friedrich Schillers Briefwechsel mit Körner : Von 1784 bis zum Tode Schillers /
                    Friedrich Schiller
                </str>
            </arr>
            <arr name="physical">
                <str>404 S.</str>
            </arr>
            <arr name="publishPlace">
                <str>Berlin</str>
            </arr>
            <str name="illustrated">Not Illustrated</str>
            <arr name="class_local">
                <str>379 01 00 L 332/1</str>
            </arr>
            <arr name="format_phy_str_mv">
                <str>Book</str>
            </arr>
            <str name="callnumber-first-code">L</str>
            <arr name="collection">
                <str>GVK</str>
            </arr>
            <bool name="hochschulschrift_bool">false</bool>
            <arr name="topic_title">
                <str>Erster Theil : 1784 - 1788 Friedrich Schiller</str>
                <str>Schiller, Friedrich Schillers Briefwechsel mit Körner : Von 1784 bis zum Tode Schillers /
                    Friedrich Schiller 1. (DE-601)138140421
                </str>
            </arr>
            <str name="callnumber-a">L 332/1</str>
            <arr name="publisher">
                <str>Verl. Veit u. Comp.</str>
            </arr>
            <arr name="publisherStr">
                <str>Verl. Veit u. Comp.</str>
            </arr>
            <arr name="series2">
                <str>Schillers Briefwechsel mit Körner</str>
            </arr>
            <arr name="format_facet">
                <str>Bücher</str>
                <str>Gedruckte Bücher</str>
            </arr>
            <str name="id">676295835</str>
            <str name="author">Schiller, Friedrich</str>
            <str name="authorStr">Schiller, Friedrich</str>
            <arr name="author_browse">
                <str>Schiller, Friedrich</str>
            </arr>
            <arr name="title">
                <str>Erster Theil : 1784 - 1788</str>
            </arr>
            <arr name="signature_iln">
                <str>379:L 332/1</str>
            </arr>
            <str name="allfields">GLHBU0064358 (DE-599)GBV676295835 GBVCP ger rakwb ger Schiller, Friedrich Erster Theil
                : 1784 - 1788 Friedrich Schiller Berlin Verl. Veit u. Comp. 1847 404 S. Schillers Briefwechsel mit
                Körner : Von 1784 bis zum Tode Schillers / Friedrich Schiller ; 1. Teil Schiller, Friedrich Schillers
                Briefwechsel mit Körner : Von 1784 bis zum Tode Schillers / Friedrich Schiller 1. (DE-601)138140421 GBV
                SYSFLAG_1 GBV_GVK GBV_ILN_379 MV 379 01 1280354194 L 332/1 c 4379 n 379 01 00 L 332/1
            </str>
            <str name="spelling">GLHBU0064358 (DE-599)GBV676295835 GBVCP ger rakwb ger Schiller, Friedrich Erster Theil
                : 1784 - 1788 Friedrich Schiller Berlin Verl. Veit u. Comp. 1847 404 S. Schillers Briefwechsel mit
                Körner : Von 1784 bis zum Tode Schillers / Friedrich Schiller ; 1. Teil Schiller, Friedrich Schillers
                Briefwechsel mit Körner : Von 1784 bis zum Tode Schillers / Friedrich Schiller 1. (DE-601)138140421 GBV
                SYSFLAG_1 GBV_GVK GBV_ILN_379 MV 379 01 1280354194 L 332/1 c 4379 n 379 01 00 L 332/1
            </str>
            <str name="allfields_unstemmed">GLHBU0064358 (DE-599)GBV676295835 GBVCP ger rakwb ger Schiller, Friedrich
                Erster Theil : 1784 - 1788 Friedrich Schiller Berlin Verl. Veit u. Comp. 1847 404 S. Schillers
                Briefwechsel mit Körner : Von 1784 bis zum Tode Schillers / Friedrich Schiller ; 1. Teil Schiller,
                Friedrich Schillers Briefwechsel mit Körner : Von 1784 bis zum Tode Schillers / Friedrich Schiller 1.
                (DE-601)138140421 GBV SYSFLAG_1 GBV_GVK GBV_ILN_379 MV 379 01 1280354194 L 332/1 c 4379 n 379 01 00 L
                332/1
            </str>
            <str name="allfieldsGer">GLHBU0064358 (DE-599)GBV676295835 GBVCP ger rakwb ger Schiller, Friedrich Erster
                Theil : 1784 - 1788 Friedrich Schiller Berlin Verl. Veit u. Comp. 1847 404 S. Schillers Briefwechsel mit
                Körner : Von 1784 bis zum Tode Schillers / Friedrich Schiller ; 1. Teil Schiller, Friedrich Schillers
                Briefwechsel mit Körner : Von 1784 bis zum Tode Schillers / Friedrich Schiller 1. (DE-601)138140421 GBV
                SYSFLAG_1 GBV_GVK GBV_ILN_379 MV 379 01 1280354194 L 332/1 c 4379 n 379 01 00 L 332/1
            </str>
            <str name="allfieldsSound">GLHBU0064358 (DE-599)GBV676295835 GBVCP ger rakwb ger Schiller, Friedrich Erster
                Theil : 1784 - 1788 Friedrich Schiller Berlin Verl. Veit u. Comp. 1847 404 S. Schillers Briefwechsel mit
                Körner : Von 1784 bis zum Tode Schillers / Friedrich Schiller ; 1. Teil Schiller, Friedrich Schillers
                Briefwechsel mit Körner : Von 1784 bis zum Tode Schillers / Friedrich Schiller 1. (DE-601)138140421 GBV
                SYSFLAG_1 GBV_GVK GBV_ILN_379 MV 379 01 1280354194 L 332/1 c 4379 n 379 01 00 L 332/1
            </str>
            <arr name="title_sub">
                <str>1784 - 1788</str>
            </arr>
            <arr name="collection_details">
                <str>SYSFLAG_1</str>
                <str>GBV_GVK</str>
                <str>GBV_ILN_379</str>
            </arr>
            <str name="publishDateSort">1847</str>
            <arr name="format_se">
                <str>Bücher</str>
            </arr>
            <arr name="signature">
                <str>L 332/1</str>
            </arr>
            <arr name="publishDate">
                <str>1847</str>
            </arr>
            <arr name="institution">
                <str>findex.gbv.de</str>
            </arr>
            <str name="recordtype">marc</str>
            <arr name="abstract">
                <str>Teil</str>
            </arr>
            <arr name="abstractGer">
                <str>Teil</str>
            </arr>
            <arr name="abstract_unstemmed">
                <str>Teil</str>
            </arr>
            <arr name="building">
                <str>379</str>
            </arr>
            <arr name="language_de">
                <str>deutsch</str>
            </arr>
            <str name="callnumber-first">L - Education</str>
            <arr name="title_auth">
                <str>Erster Theil : 1784 - 1788</str>
            </arr>
            <str name="callnumber">L332/1</str>
            <arr name="class">
                <str>379 01 00 L 332/1</str>
            </arr>
            <arr name="selectkey">
                <str>379:n</str>
            </arr>
            <arr name="format">
                <str>Book</str>
            </arr>
            <str name="title_sort">erster theil :1784 - 1788</str>
            <arr name="title_short">
                <str>Erster Theil :</str>
            </arr>
            <arr name="ctrlnum">
                <str>(DE-599)GBV676295835</str>
            </arr>
            <str name="fullrecord">00941nam a2200289
                cb4500001001000000003000700010005001700017008004100034024001700075035002500092040002200117041000800139100002400147245005200171260003800223300001100261490010200272500000900374800014100383901000800524912001400532912001200546912001600558951000700574980004500581983002500626#30;676295835#30;DE-601#30;20111203010120.0#30;111201s1847
                000 0 ger d#30;8 #31;aGLHBU0064358#30; #31;a(DE-599)GBV676295835#30; #31;aGBVCP#31;bger#31;erakwb#30;0
                #31;ager#30;1 #31;aSchiller, Friedrich#30;10#31;aErster Theil :#31;b1784 - 1788#31;cFriedrich
                Schiller#30;3 #31;aBerlin#31;bVerl. Veit u. Comp.#31;c1847#30; #31;a404 S.#30;0 #31;aSchillers
                Briefwechsel mit Körner#31;v : Von 1784 bis zum Tode Schillers / Friedrich Schiller ; 1.#30;
                #31;aTeil#30; #31;aSchiller, Friedrich#31;tSchillers Briefwechsel mit Körner#31;b : Von 1784 bis zum
                Tode Schillers / Friedrich Schiller#31;v1.#31;w(DE-601)138140421#30; #31;aGBV#30; #31;aSYSFLAG_1#30;
                #31;aGBV_GVK#30; #31;aGBV_ILN_379#30; #31;aMV#30; #31;2379#31;101#31;b1280354194#31;dL
                332/1#31;ec#31;x4379#31;yn#30; #31;2379#31;101#31;800#31;aL 332/1#30;#29;
            </str>
            <arr name="ppnlink">
                <str>138140421</str>
            </arr>
            <arr name="author-letter">
                <str>Schiller, Friedrich</str>
            </arr>
            <arr name="language">
                <str>German</str>
            </arr>
            <arr name="lang_code">
                <str>ger</str>
            </arr>
            <arr name="class_local_iln">
                <str>379:L 332/1</str>
            </arr>
            <bool name="remote_bool">false</bool>
            <arr name="title_full">
                <str>Erster Theil : 1784 - 1788 Friedrich Schiller</str>
            </arr>
            <arr name="title_fullStr">
                <str>Erster Theil : 1784 - 1788 Friedrich Schiller</str>
            </arr>
            <arr name="title_full_unstemmed">
                <str>Erster Theil : 1784 - 1788 Friedrich Schiller</str>
            </arr>
            <arr name="title_fullGer">
                <str>Erster Theil : 1784 - 1788 Friedrich Schiller</str>
            </arr>
            <long name="_version_">1459949870686142464</long>
            <float name="score">2.3553782</float>
        </doc>
        <doc>
            <arr name="series">
                <str>Schiller, Friedrich Nachlese zu Schillers Werken: nebst Variantensammlung / aus seinem Nachlaß im
                    Einverst. u. unter Mitw. der Familie Schiller hrsg. von Karl Hoffmeister
                </str>
            </arr>
            <arr name="spellingShingle">
                <str>Schiller, Friedrich Nachlese zu Schillers Werken: nebst Variantensammlung / aus seinem Nachlaß im
                    Einverst. u. unter Mitw. der Familie Schiller hrsg. von Karl Hoffmeister
                </str>
                <str>Schiller, Friedrich von</str>
                <str>Nachlese und Variantensammlung zu Schillers Gedichten und Dramen der ersten Periode bis auf Don
                    Karlos
                </str>
            </arr>
            <arr name="seriesStr">
                <str>Schiller, Friedrich Nachlese zu Schillers Werken: nebst Variantensammlung / aus seinem Nachlaß im
                    Einverst. u. unter Mitw. der Familie Schiller hrsg. von Karl Hoffmeister
                </str>
            </arr>
            <arr name="physical">
                <str>VI S., [1] Bl., 330 S.</str>
            </arr>
            <str name="illustrated">Not Illustrated</str>
            <arr name="format_phy_str_mv">
                <str>Book</str>
            </arr>
            <arr name="author2-role">
                <str>Author</str>
            </arr>
            <str name="callnumber-first-code">2</str>
            <arr name="collection">
                <str>GVK</str>
            </arr>
            <bool name="hochschulschrift_bool">false</bool>
            <arr name="topic_title">
                <str>Nachlese und Variantensammlung zu Schillers Gedichten und Dramen der ersten Periode bis auf Don
                    Karlos
                </str>
                <str>Schiller, Friedrich Nachlese zu Schillers Werken: nebst Variantensammlung / aus seinem Nachlaß im
                    Einverst. u. unter Mitw. der Familie Schiller hrsg. von Karl Hoffmeister 1 (DE-601)583614353
                </str>
            </arr>
            <str name="callnumber-a">2 D 0820c (13</str>
            <arr name="series2">
                <str>Nachlese zu Schillers Werken: nebst Variantensammlung</str>
                <str>Supplemente zu Schillers Werken / Friedrich von Schiller</str>
            </arr>
            <arr name="format_facet">
                <str>Bücher</str>
                <str>Gedruckte Bücher</str>
            </arr>
            <str name="id">583455565</str>
            <str name="author">Schiller, Friedrich von</str>
            <str name="authorStr">Schiller, Friedrich von</str>
            <arr name="author_browse">
                <str>Schiller, Friedrich von</str>
                <str>Hoffmeister, Karl</str>
            </arr>
            <arr name="title">
                <str>Nachlese und Variantensammlung zu Schillers Gedichten und Dramen der ersten Periode bis auf Don
                    Karlos
                </str>
            </arr>
            <arr name="signature_iln">
                <str>791:2 D 0820c (13</str>
            </arr>
            <str name="allfields">DBHB0047867x GBVCP ger rakwb Schiller, Friedrich von Nachlese und Variantensammlung zu
                Schillers Gedichten und Dramen der ersten Periode bis auf Don Karlos VI S., [1] Bl., 330 S. Nachlese zu
                Schillers Werken: nebst Variantensammlung / aus seinem Nachlaß im Einverst. u. unter Mitw. der Familie
                Schiller hrsg. von Karl Hoffmeister ; 1 Supplemente zu Schillers Werken / Friedrich von Schiller 1
                Hoffmeister, Karl Author aut Schiller, Friedrich Nachlese zu Schillers Werken: nebst Variantensammlung /
                aus seinem Nachlaß im Einverst. u. unter Mitw. der Familie Schiller hrsg. von Karl Hoffmeister 1
                (DE-601)583614353 GBV SYSFLAG_1 GBV_GVK GBV_ILN_791 MV 791 01 897346823 2 D 0820c (13 u 3791 n
            </str>
            <str name="spelling">DBHB0047867x GBVCP ger rakwb Schiller, Friedrich von Nachlese und Variantensammlung zu
                Schillers Gedichten und Dramen der ersten Periode bis auf Don Karlos VI S., [1] Bl., 330 S. Nachlese zu
                Schillers Werken: nebst Variantensammlung / aus seinem Nachlaß im Einverst. u. unter Mitw. der Familie
                Schiller hrsg. von Karl Hoffmeister ; 1 Supplemente zu Schillers Werken / Friedrich von Schiller 1
                Hoffmeister, Karl Author aut Schiller, Friedrich Nachlese zu Schillers Werken: nebst Variantensammlung /
                aus seinem Nachlaß im Einverst. u. unter Mitw. der Familie Schiller hrsg. von Karl Hoffmeister 1
                (DE-601)583614353 GBV SYSFLAG_1 GBV_GVK GBV_ILN_791 MV 791 01 897346823 2 D 0820c (13 u 3791 n
            </str>
            <str name="allfields_unstemmed">DBHB0047867x GBVCP ger rakwb Schiller, Friedrich von Nachlese und
                Variantensammlung zu Schillers Gedichten und Dramen der ersten Periode bis auf Don Karlos VI S., [1]
                Bl., 330 S. Nachlese zu Schillers Werken: nebst Variantensammlung / aus seinem Nachlaß im Einverst. u.
                unter Mitw. der Familie Schiller hrsg. von Karl Hoffmeister ; 1 Supplemente zu Schillers Werken /
                Friedrich von Schiller 1 Hoffmeister, Karl Author aut Schiller, Friedrich Nachlese zu Schillers Werken:
                nebst Variantensammlung / aus seinem Nachlaß im Einverst. u. unter Mitw. der Familie Schiller hrsg. von
                Karl Hoffmeister 1 (DE-601)583614353 GBV SYSFLAG_1 GBV_GVK GBV_ILN_791 MV 791 01 897346823 2 D 0820c (13
                u 3791 n
            </str>
            <str name="allfieldsGer">DBHB0047867x GBVCP ger rakwb Schiller, Friedrich von Nachlese und Variantensammlung
                zu Schillers Gedichten und Dramen der ersten Periode bis auf Don Karlos VI S., [1] Bl., 330 S. Nachlese
                zu Schillers Werken: nebst Variantensammlung / aus seinem Nachlaß im Einverst. u. unter Mitw. der
                Familie Schiller hrsg. von Karl Hoffmeister ; 1 Supplemente zu Schillers Werken / Friedrich von Schiller
                1 Hoffmeister, Karl Author aut Schiller, Friedrich Nachlese zu Schillers Werken: nebst Variantensammlung
                / aus seinem Nachlaß im Einverst. u. unter Mitw. der Familie Schiller hrsg. von Karl Hoffmeister 1
                (DE-601)583614353 GBV SYSFLAG_1 GBV_GVK GBV_ILN_791 MV 791 01 897346823 2 D 0820c (13 u 3791 n
            </str>
            <str name="allfieldsSound">DBHB0047867x GBVCP ger rakwb Schiller, Friedrich von Nachlese und
                Variantensammlung zu Schillers Gedichten und Dramen der ersten Periode bis auf Don Karlos VI S., [1]
                Bl., 330 S. Nachlese zu Schillers Werken: nebst Variantensammlung / aus seinem Nachlaß im Einverst. u.
                unter Mitw. der Familie Schiller hrsg. von Karl Hoffmeister ; 1 Supplemente zu Schillers Werken /
                Friedrich von Schiller 1 Hoffmeister, Karl Author aut Schiller, Friedrich Nachlese zu Schillers Werken:
                nebst Variantensammlung / aus seinem Nachlaß im Einverst. u. unter Mitw. der Familie Schiller hrsg. von
                Karl Hoffmeister 1 (DE-601)583614353 GBV SYSFLAG_1 GBV_GVK GBV_ILN_791 MV 791 01 897346823 2 D 0820c (13
                u 3791 n
            </str>
            <arr name="collection_details">
                <str>SYSFLAG_1</str>
                <str>GBV_GVK</str>
                <str>GBV_ILN_791</str>
            </arr>
            <arr name="author2">
                <str>Hoffmeister, Karl</str>
            </arr>
            <arr name="author2Str">
                <str>Hoffmeister, Karl</str>
            </arr>
            <str name="publishDateSort">1858</str>
            <arr name="format_se">
                <str>Bücher</str>
            </arr>
            <arr name="signature">
                <str>2 D 0820c (13</str>
            </arr>
            <arr name="publishDate">
                <str>1858</str>
            </arr>
            <arr name="institution">
                <str>findex.gbv.de</str>
            </arr>
            <str name="recordtype">marc</str>
            <arr name="building">
                <str>791</str>
            </arr>
            <arr name="title_auth">
                <str>Nachlese und Variantensammlung zu Schillers Gedichten und Dramen der ersten Periode bis auf Don
                    Karlos
                </str>
            </arr>
            <str name="callnumber">2D0820C(13</str>
            <arr name="selectkey">
                <str>791:n</str>
            </arr>
            <arr name="format">
                <str>Book</str>
            </arr>
            <str name="title_sort">nachlese und variantensammlung zu schillers gedichten und dramen der ersten periode
                bis auf don karlos
            </str>
            <arr name="title_short">
                <str>Nachlese und Variantensammlung zu Schillers Gedichten und Dramen der ersten Periode bis auf Don
                    Karlos
                </str>
            </arr>
            <str name="fullrecord">01099nam a2200253
                cb4500001001000000003000700010005001700017008004100034024001700075040002200092100002800114245010700142300002700249490016200276490006400438700003500502800020100537901000800738912001400746912001200760912001600772951000700788980005000795#30;583455565#30;DE-601#30;20081027085757.0#30;081023s1858
                000 0 d#30;8 #31;aDBHB0047867x#30; #31;aGBVCP#31;bger#31;erakwb#30;1 #31;aSchiller, Friedrich
                von#30;10#31;aNachlese und Variantensammlung zu Schillers Gedichten und Dramen der ersten Periode bis
                auf Don Karlos#30; #31;aVI S., [1] Bl., 330 S.#30;0 #31;aNachlese zu Schillers Werken: nebst
                Variantensammlung#31;v / aus seinem Nachlaß im Einverst. u. unter Mitw. der Familie Schiller hrsg. von
                Karl Hoffmeister ; 1#30;0 #31;aSupplemente zu Schillers Werken / Friedrich von Schiller#31;v1#30;1
                #31;aHoffmeister, Karl#31;eAuthor#31;4aut#30; #31;aSchiller, Friedrich#31;tNachlese zu Schillers Werken:
                nebst Variantensammlung#31;b / aus seinem Nachlaß im Einverst. u. unter Mitw. der Familie Schiller hrsg.
                von Karl Hoffmeister#31;v1#31;w(DE-601)583614353#30; #31;aGBV#30; #31;aSYSFLAG_1#30; #31;aGBV_GVK#30;
                #31;aGBV_ILN_791#30; #31;aMV#30; #31;2791#31;101#31;b897346823#31;d2 D 0820c
                (13#31;eu#31;x3791#31;yn#30;#29;
            </str>
            <arr name="ppnlink">
                <str>583614353</str>
            </arr>
            <arr name="author-letter">
                <str>Schiller, Friedrich von</str>
            </arr>
            <bool name="remote_bool">false</bool>
            <arr name="title_full">
                <str>Nachlese und Variantensammlung zu Schillers Gedichten und Dramen der ersten Periode bis auf Don
                    Karlos
                </str>
            </arr>
            <arr name="title_fullStr">
                <str>Nachlese und Variantensammlung zu Schillers Gedichten und Dramen der ersten Periode bis auf Don
                    Karlos
                </str>
            </arr>
            <arr name="title_full_unstemmed">
                <str>Nachlese und Variantensammlung zu Schillers Gedichten und Dramen der ersten Periode bis auf Don
                    Karlos
                </str>
            </arr>
            <arr name="title_fullGer">
                <str>Nachlese und Variantensammlung zu Schillers Gedichten und Dramen der ersten Periode bis auf Don
                    Karlos
                </str>
            </arr>
            <long name="_version_">1459948644539039744</long>
            <float name="score">2.353836</float>
        </doc>
        <doc>
            <arr name="series">
                <str>Schiller, Friedrich Schillers Briefwechsel mit Körner : Von 1784 bis zum Tode Schillers /
                    Friedrich Schiller
                </str>
            </arr>
            <arr name="spellingShingle">
                <str>Schiller, Friedrich Schillers Briefwechsel mit Körner : Von 1784 bis zum Tode Schillers /
                    Friedrich Schiller
                </str>
                <str>Schiller, Friedrich</str>
                <str>Dritter Theil : 1793 - 1796</str>
            </arr>
            <arr name="seriesStr">
                <str>Schiller, Friedrich Schillers Briefwechsel mit Körner : Von 1784 bis zum Tode Schillers /
                    Friedrich Schiller
                </str>
            </arr>
            <arr name="physical">
                <str>403 S.</str>
            </arr>
            <arr name="publishPlace">
                <str>Berlin</str>
            </arr>
            <str name="illustrated">Not Illustrated</str>
            <arr name="class_local">
                <str>379 01 00 L 331/3</str>
            </arr>
            <arr name="format_phy_str_mv">
                <str>Book</str>
            </arr>
            <str name="callnumber-first-code">L</str>
            <arr name="collection">
                <str>GVK</str>
            </arr>
            <bool name="hochschulschrift_bool">false</bool>
            <arr name="topic_title">
                <str>Dritter Theil : 1793 - 1796 Friedrich Schiller</str>
                <str>Schiller, Friedrich Schillers Briefwechsel mit Körner : Von 1784 bis zum Tode Schillers /
                    Friedrich Schiller 3. (DE-601)138140421
                </str>
            </arr>
            <str name="callnumber-a">L 331/3</str>
            <arr name="publisher">
                <str>Verl. Veit u. Comp.</str>
            </arr>
            <arr name="publisherStr">
                <str>Verl. Veit u. Comp.</str>
            </arr>
            <arr name="series2">
                <str>Schillers Briefwechsel mit Körner</str>
            </arr>
            <arr name="format_facet">
                <str>Bücher</str>
                <str>Gedruckte Bücher</str>
            </arr>
            <str name="id">676295886</str>
            <str name="author">Schiller, Friedrich</str>
            <str name="authorStr">Schiller, Friedrich</str>
            <arr name="author_browse">
                <str>Schiller, Friedrich</str>
            </arr>
            <arr name="title">
                <str>Dritter Theil : 1793 - 1796</str>
            </arr>
            <arr name="signature_iln">
                <str>379:L 331/3</str>
            </arr>
            <str name="allfields">GLHBU0064360 (DE-599)GBV676295886 GBVCP ger rakwb ger Schiller, Friedrich Dritter
                Theil : 1793 - 1796 Friedrich Schiller Berlin Verl. Veit u. Comp. 1847 403 S. Schillers Briefwechsel mit
                Körner : Von 1784 bis zum Tode Schillers / Friedrich Schiller ; 3. Teil Schiller, Friedrich Schillers
                Briefwechsel mit Körner : Von 1784 bis zum Tode Schillers / Friedrich Schiller 3. (DE-601)138140421 GBV
                SYSFLAG_1 GBV_GVK GBV_ILN_379 MV 379 01 1280354216 L 331/3 c 4379 n 379 01 00 L 331/3
            </str>
            <str name="spelling">GLHBU0064360 (DE-599)GBV676295886 GBVCP ger rakwb ger Schiller, Friedrich Dritter Theil
                : 1793 - 1796 Friedrich Schiller Berlin Verl. Veit u. Comp. 1847 403 S. Schillers Briefwechsel mit
                Körner : Von 1784 bis zum Tode Schillers / Friedrich Schiller ; 3. Teil Schiller, Friedrich Schillers
                Briefwechsel mit Körner : Von 1784 bis zum Tode Schillers / Friedrich Schiller 3. (DE-601)138140421 GBV
                SYSFLAG_1 GBV_GVK GBV_ILN_379 MV 379 01 1280354216 L 331/3 c 4379 n 379 01 00 L 331/3
            </str>
            <str name="allfields_unstemmed">GLHBU0064360 (DE-599)GBV676295886 GBVCP ger rakwb ger Schiller, Friedrich
                Dritter Theil : 1793 - 1796 Friedrich Schiller Berlin Verl. Veit u. Comp. 1847 403 S. Schillers
                Briefwechsel mit Körner : Von 1784 bis zum Tode Schillers / Friedrich Schiller ; 3. Teil Schiller,
                Friedrich Schillers Briefwechsel mit Körner : Von 1784 bis zum Tode Schillers / Friedrich Schiller 3.
                (DE-601)138140421 GBV SYSFLAG_1 GBV_GVK GBV_ILN_379 MV 379 01 1280354216 L 331/3 c 4379 n 379 01 00 L
                331/3
            </str>
            <str name="allfieldsGer">GLHBU0064360 (DE-599)GBV676295886 GBVCP ger rakwb ger Schiller, Friedrich Dritter
                Theil : 1793 - 1796 Friedrich Schiller Berlin Verl. Veit u. Comp. 1847 403 S. Schillers Briefwechsel mit
                Körner : Von 1784 bis zum Tode Schillers / Friedrich Schiller ; 3. Teil Schiller, Friedrich Schillers
                Briefwechsel mit Körner : Von 1784 bis zum Tode Schillers / Friedrich Schiller 3. (DE-601)138140421 GBV
                SYSFLAG_1 GBV_GVK GBV_ILN_379 MV 379 01 1280354216 L 331/3 c 4379 n 379 01 00 L 331/3
            </str>
            <str name="allfieldsSound">GLHBU0064360 (DE-599)GBV676295886 GBVCP ger rakwb ger Schiller, Friedrich Dritter
                Theil : 1793 - 1796 Friedrich Schiller Berlin Verl. Veit u. Comp. 1847 403 S. Schillers Briefwechsel mit
                Körner : Von 1784 bis zum Tode Schillers / Friedrich Schiller ; 3. Teil Schiller, Friedrich Schillers
                Briefwechsel mit Körner : Von 1784 bis zum Tode Schillers / Friedrich Schiller 3. (DE-601)138140421 GBV
                SYSFLAG_1 GBV_GVK GBV_ILN_379 MV 379 01 1280354216 L 331/3 c 4379 n 379 01 00 L 331/3
            </str>
            <arr name="title_sub">
                <str>1793 - 1796</str>
            </arr>
            <arr name="collection_details">
                <str>SYSFLAG_1</str>
                <str>GBV_GVK</str>
                <str>GBV_ILN_379</str>
            </arr>
            <str name="publishDateSort">1847</str>
            <arr name="format_se">
                <str>Bücher</str>
            </arr>
            <arr name="signature">
                <str>L 331/3</str>
            </arr>
            <arr name="publishDate">
                <str>1847</str>
            </arr>
            <arr name="institution">
                <str>findex.gbv.de</str>
            </arr>
            <str name="recordtype">marc</str>
            <arr name="abstract">
                <str>Teil</str>
            </arr>
            <arr name="abstractGer">
                <str>Teil</str>
            </arr>
            <arr name="abstract_unstemmed">
                <str>Teil</str>
            </arr>
            <arr name="building">
                <str>379</str>
            </arr>
            <arr name="language_de">
                <str>deutsch</str>
            </arr>
            <str name="callnumber-first">L - Education</str>
            <arr name="title_auth">
                <str>Dritter Theil : 1793 - 1796</str>
            </arr>
            <str name="callnumber">L331/3</str>
            <arr name="class">
                <str>379 01 00 L 331/3</str>
            </arr>
            <arr name="selectkey">
                <str>379:n</str>
            </arr>
            <arr name="format">
                <str>Book</str>
            </arr>
            <str name="title_sort">dritter theil :1793 - 1796</str>
            <arr name="title_short">
                <str>Dritter Theil :</str>
            </arr>
            <arr name="ctrlnum">
                <str>(DE-599)GBV676295886</str>
            </arr>
            <str name="fullrecord">00942nam a2200289
                cb4500001001000000003000700010005001700017008004100034024001700075035002500092040002200117041000800139100002400147245005300171260003800224300001100262490010200273500000900375800014100384901000800525912001400533912001200547912001600559951000700575980004500582983002500627#30;676295886#30;DE-601#30;20111203010120.0#30;111201s1847
                000 0 ger d#30;8 #31;aGLHBU0064360#30; #31;a(DE-599)GBV676295886#30; #31;aGBVCP#31;bger#31;erakwb#30;0
                #31;ager#30;1 #31;aSchiller, Friedrich#30;10#31;aDritter Theil :#31;b1793 - 1796#31;cFriedrich
                Schiller#30;3 #31;aBerlin#31;bVerl. Veit u. Comp.#31;c1847#30; #31;a403 S.#30;0 #31;aSchillers
                Briefwechsel mit Körner#31;v : Von 1784 bis zum Tode Schillers / Friedrich Schiller ; 3.#30;
                #31;aTeil#30; #31;aSchiller, Friedrich#31;tSchillers Briefwechsel mit Körner#31;b : Von 1784 bis zum
                Tode Schillers / Friedrich Schiller#31;v3.#31;w(DE-601)138140421#30; #31;aGBV#30; #31;aSYSFLAG_1#30;
                #31;aGBV_GVK#30; #31;aGBV_ILN_379#30; #31;aMV#30; #31;2379#31;101#31;b1280354216#31;dL
                331/3#31;ec#31;x4379#31;yn#30; #31;2379#31;101#31;800#31;aL 331/3#30;#29;
            </str>
            <arr name="ppnlink">
                <str>138140421</str>
            </arr>
            <arr name="author-letter">
                <str>Schiller, Friedrich</str>
            </arr>
            <arr name="language">
                <str>German</str>
            </arr>
            <arr name="lang_code">
                <str>ger</str>
            </arr>
            <arr name="class_local_iln">
                <str>379:L 331/3</str>
            </arr>
            <bool name="remote_bool">false</bool>
            <arr name="title_full">
                <str>Dritter Theil : 1793 - 1796 Friedrich Schiller</str>
            </arr>
            <arr name="title_fullStr">
                <str>Dritter Theil : 1793 - 1796 Friedrich Schiller</str>
            </arr>
            <arr name="title_full_unstemmed">
                <str>Dritter Theil : 1793 - 1796 Friedrich Schiller</str>
            </arr>
            <arr name="title_fullGer">
                <str>Dritter Theil : 1793 - 1796 Friedrich Schiller</str>
            </arr>
            <long name="_version_">1459949870713405440</long>
            <float name="score">2.3529449</float>
        </doc>
        <doc>
            <str name="edition">5. Aufl.</str>
            <arr name="physical">
                <str>XXIV, 368 S. Ill.</str>
            </arr>
            <str name="illustrated">Illustrated</str>
            <arr name="format_phy_str_mv">
                <str>Article</str>
            </arr>
            <arr name="collection">
                <str>GVK</str>
            </arr>
            <bool name="hochschulschrift_bool">false</bool>
            <arr name="topic_title">
                <str>Citaten- und Sentenzen-Register zu Schiller's Werken 1 Gedichte / von Schiller</str>
            </arr>
            <arr name="journal">
                <str>Citaten- und Sentenzen-Register zu Schiller's Werken, Schiller, Friedrich, von, 5. Aufl.. - Berlin
                    : Grote
                </str>
            </arr>
            <arr name="journalStr">
                <str>Citaten- und Sentenzen-Register zu Schiller's Werken, Schiller, Friedrich, von, 5. Aufl.. - Berlin
                    : Grote
                </str>
            </arr>
            <arr name="format_facet">
                <str>Aufsätze</str>
                <str>Gedruckte Aufsätze</str>
            </arr>
            <str name="id">558312632</str>
            <str name="author">Schiller, Friedrich von</str>
            <arr name="spellingShingle">
                <str>Schiller, Friedrich von</str>
                <str>Citaten- und Sentenzen-Register zu Schiller's Werken</str>
            </arr>
            <str name="authorStr">Schiller, Friedrich von</str>
            <arr name="author_browse">
                <str>Schiller, Friedrich von</str>
            </arr>
            <arr name="title">
                <str>Citaten- und Sentenzen-Register zu Schiller's Werken</str>
            </arr>
            <arr name="signature_iln">
                <str>39</str>
            </arr>
            <str name="allfields">(DE-599)GBV558312632 GBVCP ger rakwb ger Schiller, Friedrich von Citaten- und
                Sentenzen-Register zu Schiller's Werken 1 Gedichte / von Schiller 5. Aufl. XXIV, 368 S. Ill.
                (DE-601)315963689 Citaten- und Sentenzen-Register zu Schiller's Werken, Schiller, Friedrich, von, 5.
                Aufl.. - Berlin : Grote GBV SYSFLAG_1 GBV_GVK GBV_ILN_39 AI 39 01 859866513 0547 xe
            </str>
            <str name="spelling">(DE-599)GBV558312632 GBVCP ger rakwb ger Schiller, Friedrich von Citaten- und
                Sentenzen-Register zu Schiller's Werken 1 Gedichte / von Schiller 5. Aufl. XXIV, 368 S. Ill.
                (DE-601)315963689 Citaten- und Sentenzen-Register zu Schiller's Werken, Schiller, Friedrich, von, 5.
                Aufl.. - Berlin : Grote GBV SYSFLAG_1 GBV_GVK GBV_ILN_39 AI 39 01 859866513 0547 xe
            </str>
            <str name="allfields_unstemmed">(DE-599)GBV558312632 GBVCP ger rakwb ger Schiller, Friedrich von Citaten-
                und Sentenzen-Register zu Schiller's Werken 1 Gedichte / von Schiller 5. Aufl. XXIV, 368 S. Ill.
                (DE-601)315963689 Citaten- und Sentenzen-Register zu Schiller's Werken, Schiller, Friedrich, von, 5.
                Aufl.. - Berlin : Grote GBV SYSFLAG_1 GBV_GVK GBV_ILN_39 AI 39 01 859866513 0547 xe
            </str>
            <str name="allfieldsGer">(DE-599)GBV558312632 GBVCP ger rakwb ger Schiller, Friedrich von Citaten- und
                Sentenzen-Register zu Schiller's Werken 1 Gedichte / von Schiller 5. Aufl. XXIV, 368 S. Ill.
                (DE-601)315963689 Citaten- und Sentenzen-Register zu Schiller's Werken, Schiller, Friedrich, von, 5.
                Aufl.. - Berlin : Grote GBV SYSFLAG_1 GBV_GVK GBV_ILN_39 AI 39 01 859866513 0547 xe
            </str>
            <str name="allfieldsSound">(DE-599)GBV558312632 GBVCP ger rakwb ger Schiller, Friedrich von Citaten- und
                Sentenzen-Register zu Schiller's Werken 1 Gedichte / von Schiller 5. Aufl. XXIV, 368 S. Ill.
                (DE-601)315963689 Citaten- und Sentenzen-Register zu Schiller's Werken, Schiller, Friedrich, von, 5.
                Aufl.. - Berlin : Grote GBV SYSFLAG_1 GBV_GVK GBV_ILN_39 AI 39 01 859866513 0547 xe
            </str>
            <arr name="collection_details">
                <str>SYSFLAG_1</str>
                <str>GBV_GVK</str>
                <str>GBV_ILN_39</str>
            </arr>
            <str name="publishDateSort">1875</str>
            <arr name="publishDate">
                <str>1875</str>
            </arr>
            <arr name="format_se">
                <str>Aufsätze</str>
            </arr>
            <arr name="institution">
                <str>findex.gbv.de</str>
            </arr>
            <str name="recordtype">marc</str>
            <arr name="building">
                <str>39:e</str>
            </arr>
            <arr name="language_de">
                <str>deutsch</str>
            </arr>
            <arr name="title_auth">
                <str>Citaten- und Sentenzen-Register zu Schiller's Werken</str>
            </arr>
            <arr name="selectkey">
                <str>39:x</str>
            </arr>
            <arr name="format">
                <str>Article</str>
            </arr>
            <str name="title_sort">citaten- und sentenzen-register zu schiller's werken</str>
            <arr name="title_short">
                <str>Citaten- und Sentenzen-Register zu Schiller's Werken Gedichte / von Schiller</str>
            </arr>
            <arr name="ctrlnum">
                <str>(DE-599)GBV558312632</str>
            </arr>
            <str name="fullrecord">00739naa a2200241 c
                4500001001000000003000700010005001700017008004100034035002500075040002200100041000800122100002800130245008500158250001300243300002300256773013000279901000800409912001400417912001200431912001500443951000700458980003200465#30;558312632#30;DE-601#30;20080213143155.0#30;080213s1875
                000 0 ger d#30; #31;a(DE-599)GBV558312632#30; #31;aGBVCP#31;bger#31;erakwb#30;0 #31;ager#30;1
                #31;aSchiller, Friedrich von#30;10#31;aCitaten- und Sentenzen-Register zu Schiller's
                Werken#31;n1#31;pGedichte / von Schiller#30; #31;a5. Aufl.#30; #31;aXXIV, 368 S.#31;bIll.#30;0
                #31;w(DE-601)315963689#31;tCitaten- und Sentenzen-Register zu Schiller's Werken, Schiller, Friedrich,
                von, 5. Aufl.. - Berlin : Grote#30; #31;aGBV#30; #31;aSYSFLAG_1#30; #31;aGBV_GVK#30; #31;aGBV_ILN_39#30;
                #31;aAI#30; #31;239#31;101#31;b859866513#31;x0547#31;yxe#30;#29;
            </str>
            <arr name="ppnlink">
                <str>315963689</str>
            </arr>
            <str name="source">Citaten- und Sentenzen-Register zu Schiller's Werken, Schiller, Friedrich, von, 5. Aufl..
                - Berlin : Grote
            </str>
            <str name="sourceStr">Citaten- und Sentenzen-Register zu Schiller's Werken, Schiller, Friedrich, von, 5.
                Aufl.. - Berlin : Grote
            </str>
            <arr name="author-letter">
                <str>Schiller, Friedrich von</str>
            </arr>
            <arr name="language">
                <str>German</str>
            </arr>
            <arr name="lang_code">
                <str>ger</str>
            </arr>
            <bool name="remote_bool">false</bool>
            <arr name="title_full">
                <str>Citaten- und Sentenzen-Register zu Schiller's Werken 1 Gedichte / von Schiller</str>
            </arr>
            <arr name="title_fullStr">
                <str>Citaten- und Sentenzen-Register zu Schiller's Werken 1 Gedichte / von Schiller</str>
            </arr>
            <arr name="title_full_unstemmed">
                <str>Citaten- und Sentenzen-Register zu Schiller's Werken 1 Gedichte / von Schiller</str>
            </arr>
            <arr name="title_fullGer">
                <str>Citaten- und Sentenzen-Register zu Schiller's Werken 1 Gedichte / von Schiller</str>
            </arr>
            <long name="_version_">1459950736367419392</long>
            <float name="score">2.343577</float>
        </doc>
        <doc>
            <arr name="series">
                <str>Treurspelen von F[riedrich von] Schiller Schiller 1807</str>
            </arr>
            <arr name="spellingShingle">
                <str>Treurspelen von F[riedrich von] Schiller Schiller 1807</str>
                <str>1</str>
            </arr>
            <arr name="seriesStr">
                <str>Treurspelen von F[riedrich von] Schiller Schiller 1807</str>
            </arr>
            <arr name="standort_str_mv">
                <str>0</str>
            </arr>
            <str name="illustrated">Not Illustrated</str>
            <arr name="format_phy_str_mv">
                <str>Book</str>
            </arr>
            <str name="callnumber-first-code">Y</str>
            <arr name="collection">
                <str>GVK</str>
            </arr>
            <bool name="hochschulschrift_bool">false</bool>
            <arr name="topic_title">
                <str>1</str>
                <str>(DE-601)448167662 Treurspelen von F[riedrich von] Schiller Schiller 1807 1 2000</str>
            </arr>
            <str name="callnumber-a">Yr 8811/95</str>
            <arr name="series2">
                <str>Treurspelen von F[riedrich von] Schiller</str>
            </arr>
            <arr name="format_facet">
                <str>Bücher</str>
                <str>Gedruckte Bücher</str>
            </arr>
            <str name="id">448572362</str>
            <arr name="title">
                <str>1</str>
            </arr>
            <arr name="signature_iln">
                <str>11:Yr 8811/95</str>
            </arr>
            <str name="allfields">SBRT3616105 GBVCP ger rakwb 1 Treurspelen von F[riedrich von] Schiller 1 [Sondert.: 1]
                Maria Stuart, Van F. Schiller Schiller, Friedrich von (DE-601)133368432 (DE-588)118607626
                (DE-601)448167662 Treurspelen von F[riedrich von] Schiller Schiller 1807 1 2000 GBV SYSFLAG_1 GBV_GVK
                GBV_ILN_11 BO 11 01 435527711 0 Yr 8811/95 d 0001 r
            </str>
            <str name="spelling">SBRT3616105 GBVCP ger rakwb 1 Treurspelen von F[riedrich von] Schiller 1 [Sondert.: 1]
                Maria Stuart, Van F. Schiller Schiller, Friedrich von (DE-601)133368432 (DE-588)118607626
                (DE-601)448167662 Treurspelen von F[riedrich von] Schiller Schiller 1807 1 2000 GBV SYSFLAG_1 GBV_GVK
                GBV_ILN_11 BO 11 01 435527711 0 Yr 8811/95 d 0001 r
            </str>
            <str name="allfields_unstemmed">SBRT3616105 GBVCP ger rakwb 1 Treurspelen von F[riedrich von] Schiller 1
                [Sondert.: 1] Maria Stuart, Van F. Schiller Schiller, Friedrich von (DE-601)133368432 (DE-588)118607626
                (DE-601)448167662 Treurspelen von F[riedrich von] Schiller Schiller 1807 1 2000 GBV SYSFLAG_1 GBV_GVK
                GBV_ILN_11 BO 11 01 435527711 0 Yr 8811/95 d 0001 r
            </str>
            <str name="allfieldsGer">SBRT3616105 GBVCP ger rakwb 1 Treurspelen von F[riedrich von] Schiller 1 [Sondert.:
                1] Maria Stuart, Van F. Schiller Schiller, Friedrich von (DE-601)133368432 (DE-588)118607626
                (DE-601)448167662 Treurspelen von F[riedrich von] Schiller Schiller 1807 1 2000 GBV SYSFLAG_1 GBV_GVK
                GBV_ILN_11 BO 11 01 435527711 0 Yr 8811/95 d 0001 r
            </str>
            <str name="allfieldsSound">SBRT3616105 GBVCP ger rakwb 1 Treurspelen von F[riedrich von] Schiller 1
                [Sondert.: 1] Maria Stuart, Van F. Schiller Schiller, Friedrich von (DE-601)133368432 (DE-588)118607626
                (DE-601)448167662 Treurspelen von F[riedrich von] Schiller Schiller 1807 1 2000 GBV SYSFLAG_1 GBV_GVK
                GBV_ILN_11 BO 11 01 435527711 0 Yr 8811/95 d 0001 r
            </str>
            <arr name="collection_details">
                <str>SYSFLAG_1</str>
                <str>GBV_GVK</str>
                <str>GBV_ILN_11</str>
            </arr>
            <arr name="author2">
                <str>Schiller, Friedrich von</str>
            </arr>
            <arr name="author2Str">
                <str>Schiller, Friedrich von</str>
            </arr>
            <arr name="author_browse">
                <str>Schiller, Friedrich von</str>
            </arr>
            <arr name="standort_txtP_mv">
                <str>0</str>
            </arr>
            <arr name="signature">
                <str>Yr 8811/95</str>
            </arr>
            <arr name="format_se">
                <str>Bücher</str>
            </arr>
            <arr name="institution">
                <str>findex.gbv.de</str>
            </arr>
            <str name="recordtype">marc</str>
            <arr name="abstract">
                <str>[Sondert.: 1] Maria Stuart, Van F. Schiller</str>
            </arr>
            <arr name="abstractGer">
                <str>[Sondert.: 1] Maria Stuart, Van F. Schiller</str>
            </arr>
            <arr name="abstract_unstemmed">
                <str>[Sondert.: 1] Maria Stuart, Van F. Schiller</str>
            </arr>
            <arr name="building">
                <str>11</str>
            </arr>
            <arr name="title_auth">
                <str>1</str>
            </arr>
            <str name="callnumber">YR8811/95</str>
            <arr name="selectkey">
                <str>11:r</str>
            </arr>
            <arr name="format">
                <str>Book</str>
            </arr>
            <arr name="standort_iln_str_mv">
                <str>11:0</str>
            </arr>
            <str name="title_sort">1</str>
            <arr name="title_short">
                <str>1</str>
            </arr>
            <str name="fullrecord">00705nam a2200229 c
                4500001001000000003000700010005001700017008004100034024001600075040002200091245000600113490004800119500004800167700006600215830008900281901000800370912001400378912001200392912001500404951000700419980004900426#30;448572362#30;DE-601#30;20100511050936.0#30;990101nuuuuuuuu
                000 0 d#30;8 #31;aSBRT3616105#30; #31;aGBVCP#31;bger#31;erakwb#30;00#31;a1#30;0 #31;aTreurspelen von
                F[riedrich von] Schiller#31;v1#30; #31;a[Sondert.: 1] Maria Stuart, Van F. Schiller#30;1 #31;aSchiller,
                Friedrich von#31;0(DE-601)133368432#31;0(DE-588)118607626#30; #31;w(DE-601)448167662#31;aTreurspelen von
                F[riedrich von] Schiller#31;pSchiller#31;p1807#31;v1#31;92000#30; #31;aGBV#30; #31;aSYSFLAG_1#30;
                #31;aGBV_GVK#30; #31;aGBV_ILN_11#30; #31;aBO#30; #31;211#31;101#31;b435527711#31;f0#31;dYr
                8811/95#31;ed#31;x0001#31;yr#30;#29;
            </str>
            <arr name="normlink">
                <str>133368432</str>
                <str>118607626</str>
            </arr>
            <arr name="ppnlink">
                <str>448167662</str>
            </arr>
            <bool name="remote_bool">false</bool>
            <arr name="title_full">
                <str>1</str>
            </arr>
            <arr name="title_fullStr">
                <str>1</str>
            </arr>
            <arr name="title_full_unstemmed">
                <str>1</str>
            </arr>
            <arr name="title_fullGer">
                <str>1</str>
            </arr>
            <long name="_version_">1459948020749565952</long>
            <float name="score">2.340575</float>
        </doc>
        <doc>
            <str name="illustrated">Not Illustrated</str>
            <arr name="format_phy_str_mv">
                <str>Article</str>
            </arr>
            <arr name="collection">
                <str>GVK</str>
            </arr>
            <bool name="hochschulschrift_bool">false</bool>
            <arr name="topic_title">
                <str>Aus Schillers Werken 1 Alphabetisches Inhalts-Verzeichnis von Schillers sämmtlichen Werken :
                    Taschen-Ausgabe in zwölf Bänden
                </str>
            </arr>
            <arr name="format_facet">
                <str>Aufsätze</str>
                <str>Gedruckte Aufsätze</str>
            </arr>
            <str name="id">486366480</str>
            <arr name="journal">
                <str>Aus Schillers Werken, Gedenkbuch der deutschen Jugend zum 100jährigen Geburtstage Schiller's am
                    10. Nov. 1859 gewidmet, Schiller, Friedrich von. - Jena : Mauke
                </str>
            </arr>
            <arr name="journalStr">
                <str>Aus Schillers Werken, Gedenkbuch der deutschen Jugend zum 100jährigen Geburtstage Schiller's am
                    10. Nov. 1859 gewidmet, Schiller, Friedrich von. - Jena : Mauke
                </str>
            </arr>
            <arr name="title">
                <str>Aus Schillers Werken</str>
            </arr>
            <arr name="spellingShingle">
                <str>Aus Schillers Werken</str>
            </arr>
            <arr name="signature_iln">
                <str>11</str>
            </arr>
            <str name="allfields">GBVCP ger rakwb Aus Schillers Werken 1 Alphabetisches Inhalts-Verzeichnis von
                Schillers sämmtlichen Werken : Taschen-Ausgabe in zwölf Bänden (DE-601)437569985 Aus Schillers
                Werken, Gedenkbuch der deutschen Jugend zum 100jährigen Geburtstage Schiller's am 10. Nov. 1859
                gewidmet, Schiller, Friedrich von. - Jena : Mauke GBV SYSFLAG_1 GBV_GVK GBV_ILN_11 AI 11 01 719541182
                0001 x
            </str>
            <str name="spelling">GBVCP ger rakwb Aus Schillers Werken 1 Alphabetisches Inhalts-Verzeichnis von Schillers
                sämmtlichen Werken : Taschen-Ausgabe in zwölf Bänden (DE-601)437569985 Aus Schillers Werken,
                Gedenkbuch der deutschen Jugend zum 100jährigen Geburtstage Schiller's am 10. Nov. 1859 gewidmet,
                Schiller, Friedrich von. - Jena : Mauke GBV SYSFLAG_1 GBV_GVK GBV_ILN_11 AI 11 01 719541182 0001 x
            </str>
            <str name="allfields_unstemmed">GBVCP ger rakwb Aus Schillers Werken 1 Alphabetisches Inhalts-Verzeichnis
                von Schillers sämmtlichen Werken : Taschen-Ausgabe in zwölf Bänden (DE-601)437569985 Aus Schillers
                Werken, Gedenkbuch der deutschen Jugend zum 100jährigen Geburtstage Schiller's am 10. Nov. 1859
                gewidmet, Schiller, Friedrich von. - Jena : Mauke GBV SYSFLAG_1 GBV_GVK GBV_ILN_11 AI 11 01 719541182
                0001 x
            </str>
            <str name="allfieldsGer">GBVCP ger rakwb Aus Schillers Werken 1 Alphabetisches Inhalts-Verzeichnis von
                Schillers sämmtlichen Werken : Taschen-Ausgabe in zwölf Bänden (DE-601)437569985 Aus Schillers
                Werken, Gedenkbuch der deutschen Jugend zum 100jährigen Geburtstage Schiller's am 10. Nov. 1859
                gewidmet, Schiller, Friedrich von. - Jena : Mauke GBV SYSFLAG_1 GBV_GVK GBV_ILN_11 AI 11 01 719541182
                0001 x
            </str>
            <str name="allfieldsSound">GBVCP ger rakwb Aus Schillers Werken 1 Alphabetisches Inhalts-Verzeichnis von
                Schillers sämmtlichen Werken : Taschen-Ausgabe in zwölf Bänden (DE-601)437569985 Aus Schillers
                Werken, Gedenkbuch der deutschen Jugend zum 100jährigen Geburtstage Schiller's am 10. Nov. 1859
                gewidmet, Schiller, Friedrich von. - Jena : Mauke GBV SYSFLAG_1 GBV_GVK GBV_ILN_11 AI 11 01 719541182
                0001 x
            </str>
            <arr name="collection_details">
                <str>SYSFLAG_1</str>
                <str>GBV_GVK</str>
                <str>GBV_ILN_11</str>
            </arr>
            <str name="publishDateSort">1859</str>
            <arr name="publishDate">
                <str>1859</str>
            </arr>
            <arr name="format_se">
                <str>Aufsätze</str>
            </arr>
            <str name="recordtype">marc</str>
            <arr name="institution">
                <str>findex.gbv.de</str>
            </arr>
            <arr name="building">
                <str>11</str>
            </arr>
            <arr name="title_auth">
                <str>Aus Schillers Werken</str>
            </arr>
            <arr name="selectkey">
                <str>11:x</str>
            </arr>
            <arr name="format">
                <str>Article</str>
            </arr>
            <str name="title_sort">aus schillers werken</str>
            <arr name="title_short">
                <str>Aus Schillers Werken Alphabetisches Inhalts-Verzeichnis von Schillers sämmtlichen Werken :
                    Taschen-Ausgabe in zwölf Bänden
                </str>
            </arr>
            <str name="fullrecord">00688naa a2200181 c
                4500001001000000003000700010005001700017008004100034040002200075245013700097773018500234901000800419912001400427912001200441912001500453951000700468980003100475#30;486366480#30;DE-601#30;20050513143826.0#30;050513s1859
                000 0 d#30; #31;aGBVCP#31;bger#31;erakwb#30;00#31;aAus Schillers Werken#31;n1#31;pAlphabetisches
                Inhalts-Verzeichnis von Schillers sämmtlichen Werken : Taschen-Ausgabe in zwölf Bänden#30;0
                #31;w(DE-601)437569985#31;tAus Schillers Werken, Gedenkbuch der deutschen Jugend zum 100jährigen
                Geburtstage Schiller's am 10. Nov. 1859 gewidmet, Schiller, Friedrich von. - Jena : Mauke#30;
                #31;aGBV#30; #31;aSYSFLAG_1#30; #31;aGBV_GVK#30; #31;aGBV_ILN_11#30; #31;aAI#30;
                #31;211#31;101#31;b719541182#31;x0001#31;yx#30;#29;
            </str>
            <arr name="ppnlink">
                <str>437569985</str>
            </arr>
            <str name="source">Aus Schillers Werken, Gedenkbuch der deutschen Jugend zum 100jährigen Geburtstage
                Schiller's am 10. Nov. 1859 gewidmet, Schiller, Friedrich von. - Jena : Mauke
            </str>
            <str name="sourceStr">Aus Schillers Werken, Gedenkbuch der deutschen Jugend zum 100jährigen Geburtstage
                Schiller's am 10. Nov. 1859 gewidmet, Schiller, Friedrich von. - Jena : Mauke
            </str>
            <bool name="remote_bool">false</bool>
            <arr name="title_full">
                <str>Aus Schillers Werken 1 Alphabetisches Inhalts-Verzeichnis von Schillers sämmtlichen Werken :
                    Taschen-Ausgabe in zwölf Bänden
                </str>
            </arr>
            <arr name="title_fullStr">
                <str>Aus Schillers Werken 1 Alphabetisches Inhalts-Verzeichnis von Schillers sämmtlichen Werken :
                    Taschen-Ausgabe in zwölf Bänden
                </str>
            </arr>
            <arr name="title_full_unstemmed">
                <str>Aus Schillers Werken 1 Alphabetisches Inhalts-Verzeichnis von Schillers sämmtlichen Werken :
                    Taschen-Ausgabe in zwölf Bänden
                </str>
            </arr>
            <arr name="title_fullGer">
                <str>Aus Schillers Werken 1 Alphabetisches Inhalts-Verzeichnis von Schillers sämmtlichen Werken :
                    Taschen-Ausgabe in zwölf Bänden
                </str>
            </arr>
            <long name="_version_">1459936538323320832</long>
            <float name="score">2.339261</float>
        </doc>
        <doc>
            <arr name="series">
                <str>Schillers Werke Schiller</str>
            </arr>
            <arr name="spellingShingle">
                <str>Schillers Werke Schiller</str>
                <str>Wallenstein</str>
            </arr>
            <arr name="seriesStr">
                <str>Schillers Werke Schiller</str>
            </arr>
            <arr name="standort_str_mv">
                <str>0</str>
            </arr>
            <str name="illustrated">Not Illustrated</str>
            <arr name="format_phy_str_mv">
                <str>Book</str>
            </arr>
            <str name="callnumber-first-code">Y</str>
            <arr name="collection">
                <str>GVK</str>
            </arr>
            <bool name="hochschulschrift_bool">false</bool>
            <arr name="topic_title">
                <str>Wallenstein</str>
                <str>(DE-601)448166518 Schillers Werke Schiller 5 5000</str>
            </arr>
            <str name="callnumber-a">Yc 9160/10</str>
            <arr name="series2">
                <str>Schillers Werke</str>
            </arr>
            <arr name="format_facet">
                <str>Bücher</str>
                <str>Gedruckte Bücher</str>
            </arr>
            <str name="id">448569574</str>
            <arr name="title">
                <str>Wallenstein</str>
            </arr>
            <arr name="signature_iln">
                <str>11:Yc 9160/10</str>
            </arr>
            <str name="allfields">SBRT3615826 GBVCP ger rakwb Wallenstein Schillers Werke 5 (DE-601)448166518 Schillers
                Werke Schiller 5 5000 GBV SYSFLAG_1 GBV_GVK GBV_ILN_11 BO 11 01 435523775 0 Yc 9160/10 d 0001 r
            </str>
            <str name="spelling">SBRT3615826 GBVCP ger rakwb Wallenstein Schillers Werke 5 (DE-601)448166518 Schillers
                Werke Schiller 5 5000 GBV SYSFLAG_1 GBV_GVK GBV_ILN_11 BO 11 01 435523775 0 Yc 9160/10 d 0001 r
            </str>
            <str name="allfields_unstemmed">SBRT3615826 GBVCP ger rakwb Wallenstein Schillers Werke 5 (DE-601)448166518
                Schillers Werke Schiller 5 5000 GBV SYSFLAG_1 GBV_GVK GBV_ILN_11 BO 11 01 435523775 0 Yc 9160/10 d 0001
                r
            </str>
            <str name="allfieldsGer">SBRT3615826 GBVCP ger rakwb Wallenstein Schillers Werke 5 (DE-601)448166518
                Schillers Werke Schiller 5 5000 GBV SYSFLAG_1 GBV_GVK GBV_ILN_11 BO 11 01 435523775 0 Yc 9160/10 d 0001
                r
            </str>
            <str name="allfieldsSound">SBRT3615826 GBVCP ger rakwb Wallenstein Schillers Werke 5 (DE-601)448166518
                Schillers Werke Schiller 5 5000 GBV SYSFLAG_1 GBV_GVK GBV_ILN_11 BO 11 01 435523775 0 Yc 9160/10 d 0001
                r
            </str>
            <arr name="collection_details">
                <str>SYSFLAG_1</str>
                <str>GBV_GVK</str>
                <str>GBV_ILN_11</str>
            </arr>
            <arr name="standort_txtP_mv">
                <str>0</str>
            </arr>
            <str name="publishDateSort">1936</str>
            <arr name="publishDate">
                <str>1936</str>
            </arr>
            <arr name="signature">
                <str>Yc 9160/10</str>
            </arr>
            <arr name="format_se">
                <str>Bücher</str>
            </arr>
            <arr name="institution">
                <str>findex.gbv.de</str>
            </arr>
            <str name="recordtype">marc</str>
            <arr name="building">
                <str>11</str>
            </arr>
            <arr name="title_auth">
                <str>Wallenstein</str>
            </arr>
            <str name="callnumber">YC9160/10</str>
            <arr name="selectkey">
                <str>11:r</str>
            </arr>
            <arr name="format">
                <str>Book</str>
            </arr>
            <arr name="standort_iln_str_mv">
                <str>11:0</str>
            </arr>
            <str name="title_sort">wallenstein</str>
            <arr name="title_short">
                <str>Wallenstein</str>
            </arr>
            <str name="fullrecord">00521nam a2200205 c
                4500001001000000003000700010005001700017008004100034024001600075040002200091245001600113490002300129830005800152901000800210912001400218912001200232912001500244951000700259980004900266#30;448569574#30;DE-601#30;20020228123610.0#30;990101s1936
                000 0 d#30;8 #31;aSBRT3615826#30; #31;aGBVCP#31;bger#31;erakwb#30;00#31;aWallenstein#30;0 #31;aSchillers
                Werke#31;v5#30; #31;w(DE-601)448166518#31;aSchillers Werke#31;pSchiller#31;v5#31;95000#30; #31;aGBV#30;
                #31;aSYSFLAG_1#30; #31;aGBV_GVK#30; #31;aGBV_ILN_11#30; #31;aBO#30;
                #31;211#31;101#31;b435523775#31;f0#31;dYc 9160/10#31;ed#31;x0001#31;yr#30;#29;
            </str>
            <arr name="ppnlink">
                <str>448166518</str>
            </arr>
            <bool name="remote_bool">false</bool>
            <arr name="title_full">
                <str>Wallenstein</str>
            </arr>
            <arr name="title_fullStr">
                <str>Wallenstein</str>
            </arr>
            <arr name="title_full_unstemmed">
                <str>Wallenstein</str>
            </arr>
            <arr name="title_fullGer">
                <str>Wallenstein</str>
            </arr>
            <long name="_version_">1459948018503516161</long>
            <float name="score">2.2710059</float>
        </doc>
        <doc>
            <arr name="series">
                <str>Schiller's Werke Schiller</str>
            </arr>
            <arr name="spellingShingle">
                <str>Schiller's Werke Schiller</str>
                <str>Wallenstein</str>
            </arr>
            <arr name="seriesStr">
                <str>Schiller's Werke Schiller</str>
            </arr>
            <arr name="standort_str_mv">
                <str>2</str>
            </arr>
            <str name="illustrated">Not Illustrated</str>
            <arr name="format_phy_str_mv">
                <str>Book</str>
            </arr>
            <str name="callnumber-first-code">Y</str>
            <arr name="collection">
                <str>GVK</str>
            </arr>
            <bool name="hochschulschrift_bool">false</bool>
            <arr name="topic_title">
                <str>Wallenstein</str>
                <str>(DE-601)437569500 Schiller's Werke Schiller 4 4000</str>
            </arr>
            <str name="callnumber-a">Yc 9147</str>
            <arr name="series2">
                <str>Schiller's Werke</str>
            </arr>
            <arr name="format_facet">
                <str>Bücher</str>
                <str>Gedruckte Bücher</str>
            </arr>
            <str name="id">437936902</str>
            <arr name="title">
                <str>Wallenstein</str>
            </arr>
            <arr name="signature_iln">
                <str>11:Yc 9147</str>
            </arr>
            <str name="allfields">SBRT543886 GBVCP ger rakwb Wallenstein Schiller's Werke 4 (DE-601)437569500 Schiller's
                Werke Schiller 4 4000 GBV SYSFLAG_1 GBV_GVK GBV_ILN_11 BO 11 01 405165706 2 Yc 9147 d 0001 r
            </str>
            <str name="spelling">SBRT543886 GBVCP ger rakwb Wallenstein Schiller's Werke 4 (DE-601)437569500 Schiller's
                Werke Schiller 4 4000 GBV SYSFLAG_1 GBV_GVK GBV_ILN_11 BO 11 01 405165706 2 Yc 9147 d 0001 r
            </str>
            <str name="allfields_unstemmed">SBRT543886 GBVCP ger rakwb Wallenstein Schiller's Werke 4 (DE-601)437569500
                Schiller's Werke Schiller 4 4000 GBV SYSFLAG_1 GBV_GVK GBV_ILN_11 BO 11 01 405165706 2 Yc 9147 d 0001 r
            </str>
            <str name="allfieldsGer">SBRT543886 GBVCP ger rakwb Wallenstein Schiller's Werke 4 (DE-601)437569500
                Schiller's Werke Schiller 4 4000 GBV SYSFLAG_1 GBV_GVK GBV_ILN_11 BO 11 01 405165706 2 Yc 9147 d 0001 r
            </str>
            <str name="allfieldsSound">SBRT543886 GBVCP ger rakwb Wallenstein Schiller's Werke 4 (DE-601)437569500
                Schiller's Werke Schiller 4 4000 GBV SYSFLAG_1 GBV_GVK GBV_ILN_11 BO 11 01 405165706 2 Yc 9147 d 0001 r
            </str>
            <arr name="collection_details">
                <str>SYSFLAG_1</str>
                <str>GBV_GVK</str>
                <str>GBV_ILN_11</str>
            </arr>
            <arr name="standort_txtP_mv">
                <str>2</str>
            </arr>
            <arr name="signature">
                <str>Yc 9147</str>
            </arr>
            <arr name="format_se">
                <str>Bücher</str>
            </arr>
            <arr name="institution">
                <str>findex.gbv.de</str>
            </arr>
            <str name="recordtype">marc</str>
            <arr name="building">
                <str>11</str>
            </arr>
            <arr name="title_auth">
                <str>Wallenstein</str>
            </arr>
            <str name="callnumber">YC9147</str>
            <arr name="selectkey">
                <str>11:r</str>
            </arr>
            <arr name="format">
                <str>Book</str>
            </arr>
            <arr name="standort_iln_str_mv">
                <str>11:2</str>
            </arr>
            <str name="title_sort">wallenstein</str>
            <arr name="title_short">
                <str>Wallenstein</str>
            </arr>
            <str name="fullrecord">00519nam a2200205 c
                4500001001000000003000700010005001700017008004100034024001500075040002200090245001600112490002400128830005900152901000800211912001400219912001200233912001500245951000700260980004600267#30;437936902#30;DE-601#30;20020224115340.0#30;990101nuuuuuuuu
                000 0 d#30;8 #31;aSBRT543886#30; #31;aGBVCP#31;bger#31;erakwb#30;00#31;aWallenstein#30;0 #31;aSchiller's
                Werke#31;v4#30; #31;w(DE-601)437569500#31;aSchiller's Werke#31;pSchiller#31;v4#31;94000#30; #31;aGBV#30;
                #31;aSYSFLAG_1#30; #31;aGBV_GVK#30; #31;aGBV_ILN_11#30; #31;aBO#30;
                #31;211#31;101#31;b405165706#31;f2#31;dYc 9147#31;ed#31;x0001#31;yr#30;#29;
            </str>
            <arr name="ppnlink">
                <str>437569500</str>
            </arr>
            <bool name="remote_bool">false</bool>
            <arr name="title_full">
                <str>Wallenstein</str>
            </arr>
            <arr name="title_fullStr">
                <str>Wallenstein</str>
            </arr>
            <arr name="title_full_unstemmed">
                <str>Wallenstein</str>
            </arr>
            <arr name="title_fullGer">
                <str>Wallenstein</str>
            </arr>
            <long name="_version_">1459939922722947072</long>
            <float name="score">2.2710059</float>
        </doc>
        <doc>
            <arr name="series">
                <str>Schiller's Werke Schiller</str>
            </arr>
            <arr name="spellingShingle">
                <str>Schiller's Werke Schiller</str>
                <str>Maria Stuart</str>
            </arr>
            <arr name="seriesStr">
                <str>Schiller's Werke Schiller</str>
            </arr>
            <arr name="standort_str_mv">
                <str>2</str>
            </arr>
            <str name="illustrated">Not Illustrated</str>
            <arr name="format_phy_str_mv">
                <str>Book</str>
            </arr>
            <str name="callnumber-first-code">Y</str>
            <arr name="collection">
                <str>GVK</str>
            </arr>
            <bool name="hochschulschrift_bool">false</bool>
            <arr name="topic_title">
                <str>Maria Stuart</str>
                <str>(DE-601)437569500 Schiller's Werke Schiller 5 5000</str>
            </arr>
            <str name="callnumber-a">Yc 9147</str>
            <arr name="series2">
                <str>Schiller's Werke</str>
            </arr>
            <arr name="format_facet">
                <str>Bücher</str>
                <str>Gedruckte Bücher</str>
            </arr>
            <str name="id">437936910</str>
            <arr name="title">
                <str>Maria Stuart</str>
            </arr>
            <arr name="signature_iln">
                <str>11:Yc 9147</str>
            </arr>
            <str name="allfields">SBRT543887 GBVCP ger rakwb Maria Stuart Schiller's Werke 5 (DE-601)437569500
                Schiller's Werke Schiller 5 5000 GBV SYSFLAG_1 GBV_GVK GBV_ILN_11 BO 11 01 405165714 2 Yc 9147 d 0001 r
            </str>
            <str name="spelling">SBRT543887 GBVCP ger rakwb Maria Stuart Schiller's Werke 5 (DE-601)437569500 Schiller's
                Werke Schiller 5 5000 GBV SYSFLAG_1 GBV_GVK GBV_ILN_11 BO 11 01 405165714 2 Yc 9147 d 0001 r
            </str>
            <str name="allfields_unstemmed">SBRT543887 GBVCP ger rakwb Maria Stuart Schiller's Werke 5 (DE-601)437569500
                Schiller's Werke Schiller 5 5000 GBV SYSFLAG_1 GBV_GVK GBV_ILN_11 BO 11 01 405165714 2 Yc 9147 d 0001 r
            </str>
            <str name="allfieldsGer">SBRT543887 GBVCP ger rakwb Maria Stuart Schiller's Werke 5 (DE-601)437569500
                Schiller's Werke Schiller 5 5000 GBV SYSFLAG_1 GBV_GVK GBV_ILN_11 BO 11 01 405165714 2 Yc 9147 d 0001 r
            </str>
            <str name="allfieldsSound">SBRT543887 GBVCP ger rakwb Maria Stuart Schiller's Werke 5 (DE-601)437569500
                Schiller's Werke Schiller 5 5000 GBV SYSFLAG_1 GBV_GVK GBV_ILN_11 BO 11 01 405165714 2 Yc 9147 d 0001 r
            </str>
            <arr name="collection_details">
                <str>SYSFLAG_1</str>
                <str>GBV_GVK</str>
                <str>GBV_ILN_11</str>
            </arr>
            <arr name="standort_txtP_mv">
                <str>2</str>
            </arr>
            <arr name="signature">
                <str>Yc 9147</str>
            </arr>
            <arr name="format_se">
                <str>Bücher</str>
            </arr>
            <arr name="institution">
                <str>findex.gbv.de</str>
            </arr>
            <str name="recordtype">marc</str>
            <arr name="building">
                <str>11</str>
            </arr>
            <arr name="title_auth">
                <str>Maria Stuart</str>
            </arr>
            <str name="callnumber">YC9147</str>
            <arr name="selectkey">
                <str>11:r</str>
            </arr>
            <arr name="format">
                <str>Book</str>
            </arr>
            <arr name="standort_iln_str_mv">
                <str>11:2</str>
            </arr>
            <str name="title_sort">maria stuart</str>
            <arr name="title_short">
                <str>Maria Stuart</str>
            </arr>
            <str name="fullrecord">00520nam a2200205 c
                4500001001000000003000700010005001700017008004100034024001500075040002200090245001700112490002400129830005900153901000800212912001400220912001200234912001500246951000700261980004600268#30;437936910#30;DE-601#30;20020224115340.0#30;990101nuuuuuuuu
                000 0 d#30;8 #31;aSBRT543887#30; #31;aGBVCP#31;bger#31;erakwb#30;00#31;aMaria Stuart#30;0
                #31;aSchiller's Werke#31;v5#30; #31;w(DE-601)437569500#31;aSchiller's
                Werke#31;pSchiller#31;v5#31;95000#30; #31;aGBV#30; #31;aSYSFLAG_1#30; #31;aGBV_GVK#30;
                #31;aGBV_ILN_11#30; #31;aBO#30; #31;211#31;101#31;b405165714#31;f2#31;dYc
                9147#31;ed#31;x0001#31;yr#30;#29;
            </str>
            <arr name="ppnlink">
                <str>437569500</str>
            </arr>
            <bool name="remote_bool">false</bool>
            <arr name="title_full">
                <str>Maria Stuart</str>
            </arr>
            <arr name="title_fullStr">
                <str>Maria Stuart</str>
            </arr>
            <arr name="title_full_unstemmed">
                <str>Maria Stuart</str>
            </arr>
            <arr name="title_fullGer">
                <str>Maria Stuart</str>
            </arr>
            <long name="_version_">1459939922741821440</long>
            <float name="score">2.2710059</float>
        </doc>
        <doc>
            <arr name="series">
                <str>Schiller's Werke Schiller</str>
            </arr>
            <arr name="spellingShingle">
                <str>Schiller's Werke Schiller</str>
                <str>Dramatische Entwürfe</str>
            </arr>
            <arr name="seriesStr">
                <str>Schiller's Werke Schiller</str>
            </arr>
            <arr name="standort_str_mv">
                <str>2</str>
            </arr>
            <str name="illustrated">Not Illustrated</str>
            <arr name="format_phy_str_mv">
                <str>Book</str>
            </arr>
            <str name="callnumber-first-code">Y</str>
            <arr name="collection">
                <str>GVK</str>
            </arr>
            <bool name="hochschulschrift_bool">false</bool>
            <arr name="topic_title">
                <str>Dramatische Entwürfe</str>
                <str>(DE-601)437569500 Schiller's Werke Schiller 16 12000</str>
            </arr>
            <str name="callnumber-a">Yc 9147</str>
            <arr name="series2">
                <str>Schiller's Werke</str>
            </arr>
            <arr name="format_facet">
                <str>Bücher</str>
                <str>Gedruckte Bücher</str>
            </arr>
            <str name="id">437936988</str>
            <arr name="title">
                <str>Dramatische Entwürfe</str>
            </arr>
            <arr name="signature_iln">
                <str>11:Yc 9147</str>
            </arr>
            <str name="allfields">SBRT543894 GBVCP ger rakwb Dramatische Entwürfe Schiller's Werke 16 (DE-601)437569500
                Schiller's Werke Schiller 16 12000 GBV SYSFLAG_1 GBV_GVK GBV_ILN_11 BO 11 01 405165781 2 Yc 9147 d 0001
                r
            </str>
            <str name="spelling">SBRT543894 GBVCP ger rakwb Dramatische Entwürfe Schiller's Werke 16 (DE-601)437569500
                Schiller's Werke Schiller 16 12000 GBV SYSFLAG_1 GBV_GVK GBV_ILN_11 BO 11 01 405165781 2 Yc 9147 d 0001
                r
            </str>
            <str name="allfields_unstemmed">SBRT543894 GBVCP ger rakwb Dramatische Entwürfe Schiller's Werke 16
                (DE-601)437569500 Schiller's Werke Schiller 16 12000 GBV SYSFLAG_1 GBV_GVK GBV_ILN_11 BO 11 01 405165781
                2 Yc 9147 d 0001 r
            </str>
            <str name="allfieldsGer">SBRT543894 GBVCP ger rakwb Dramatische Entwürfe Schiller's Werke 16
                (DE-601)437569500 Schiller's Werke Schiller 16 12000 GBV SYSFLAG_1 GBV_GVK GBV_ILN_11 BO 11 01 405165781
                2 Yc 9147 d 0001 r
            </str>
            <str name="allfieldsSound">SBRT543894 GBVCP ger rakwb Dramatische Entwürfe Schiller's Werke 16
                (DE-601)437569500 Schiller's Werke Schiller 16 12000 GBV SYSFLAG_1 GBV_GVK GBV_ILN_11 BO 11 01 405165781
                2 Yc 9147 d 0001 r
            </str>
            <arr name="collection_details">
                <str>SYSFLAG_1</str>
                <str>GBV_GVK</str>
                <str>GBV_ILN_11</str>
            </arr>
            <arr name="standort_txtP_mv">
                <str>2</str>
            </arr>
            <arr name="signature">
                <str>Yc 9147</str>
            </arr>
            <arr name="format_se">
                <str>Bücher</str>
            </arr>
            <arr name="institution">
                <str>findex.gbv.de</str>
            </arr>
            <str name="recordtype">marc</str>
            <arr name="building">
                <str>11</str>
            </arr>
            <arr name="title_auth">
                <str>Dramatische Entwürfe</str>
            </arr>
            <str name="callnumber">YC9147</str>
            <arr name="selectkey">
                <str>11:r</str>
            </arr>
            <arr name="format">
                <str>Book</str>
            </arr>
            <arr name="standort_iln_str_mv">
                <str>11:2</str>
            </arr>
            <str name="title_sort">dramatische entwürfe</str>
            <arr name="title_short">
                <str>Dramatische Entwürfe</str>
            </arr>
            <str name="fullrecord">00533nam a2200205 c
                4500001001000000003000700010005001700017008004100034024001500075040002200090245002700112490002500139830006100164901000800225912001400233912001200247912001500259951000700274980004600281#30;437936988#30;DE-601#30;20020224115341.0#30;990101nuuuuuuuu
                000 0 d#30;8 #31;aSBRT543894#30; #31;aGBVCP#31;bger#31;erakwb#30;00#31;aDramatische Entwürfe#30;0
                #31;aSchiller's Werke#31;v16#30; #31;w(DE-601)437569500#31;aSchiller's
                Werke#31;pSchiller#31;v16#31;912000#30; #31;aGBV#30; #31;aSYSFLAG_1#30; #31;aGBV_GVK#30;
                #31;aGBV_ILN_11#30; #31;aBO#30; #31;211#31;101#31;b405165781#31;f2#31;dYc
                9147#31;ed#31;x0001#31;yr#30;#29;
            </str>
            <arr name="ppnlink">
                <str>437569500</str>
            </arr>
            <bool name="remote_bool">false</bool>
            <arr name="title_full">
                <str>Dramatische Entwürfe</str>
            </arr>
            <arr name="title_fullStr">
                <str>Dramatische Entwürfe</str>
            </arr>
            <arr name="title_full_unstemmed">
                <str>Dramatische Entwürfe</str>
            </arr>
            <arr name="title_fullGer">
                <str>Dramatische Entwürfe</str>
            </arr>
            <long name="_version_">1459939922924273664</long>
            <float name="score">2.2710059</float>
        </doc>
        <doc>
            <str name="illustrated">Not Illustrated</str>
            <arr name="format_phy_str_mv">
                <str>Article</str>
            </arr>
            <arr name="collection">
                <str>GVK</str>
            </arr>
            <bool name="hochschulschrift_bool">false</bool>
            <arr name="topic_title">
                <str>Friedrich Schiller 1 Der Dichter Friedrich Schiller / Gerhard Storz</str>
            </arr>
            <arr name="format_facet">
                <str>Aufsätze</str>
                <str>Gedruckte Aufsätze</str>
            </arr>
            <str name="id">483112070</str>
            <arr name="journal">
                <str>Friedrich Schiller, Wiese, Benno, 1960</str>
            </arr>
            <arr name="journalStr">
                <str>Friedrich Schiller, Wiese, Benno, 1960</str>
            </arr>
            <str name="author">Storz, Gerhard</str>
            <arr name="spellingShingle">
                <str>Storz, Gerhard</str>
                <str>Friedrich Schiller</str>
            </arr>
            <str name="authorStr">Storz, Gerhard</str>
            <arr name="author_browse">
                <str>Storz, Gerhard</str>
            </arr>
            <arr name="title">
                <str>Friedrich Schiller</str>
            </arr>
            <arr name="signature_iln">
                <str>61</str>
            </arr>
            <str name="allfields">GBVCP ger rakwb ita Storz, Gerhard Friedrich Schiller 1 Der Dichter Friedrich Schiller
                / Gerhard Storz (DE-601)332924211 Friedrich Schiller, Wiese, Benno, 1960 GBV SYSFLAG_1 GBV_GVK
                GBV_ILN_61 AI 61 01 714598860 0032 x
            </str>
            <str name="spelling">GBVCP ger rakwb ita Storz, Gerhard Friedrich Schiller 1 Der Dichter Friedrich Schiller
                / Gerhard Storz (DE-601)332924211 Friedrich Schiller, Wiese, Benno, 1960 GBV SYSFLAG_1 GBV_GVK
                GBV_ILN_61 AI 61 01 714598860 0032 x
            </str>
            <str name="allfields_unstemmed">GBVCP ger rakwb ita Storz, Gerhard Friedrich Schiller 1 Der Dichter
                Friedrich Schiller / Gerhard Storz (DE-601)332924211 Friedrich Schiller, Wiese, Benno, 1960 GBV
                SYSFLAG_1 GBV_GVK GBV_ILN_61 AI 61 01 714598860 0032 x
            </str>
            <str name="allfieldsGer">GBVCP ger rakwb ita Storz, Gerhard Friedrich Schiller 1 Der Dichter Friedrich
                Schiller / Gerhard Storz (DE-601)332924211 Friedrich Schiller, Wiese, Benno, 1960 GBV SYSFLAG_1 GBV_GVK
                GBV_ILN_61 AI 61 01 714598860 0032 x
            </str>
            <str name="allfieldsSound">GBVCP ger rakwb ita Storz, Gerhard Friedrich Schiller 1 Der Dichter Friedrich
                Schiller / Gerhard Storz (DE-601)332924211 Friedrich Schiller, Wiese, Benno, 1960 GBV SYSFLAG_1 GBV_GVK
                GBV_ILN_61 AI 61 01 714598860 0032 x
            </str>
            <arr name="collection_details">
                <str>SYSFLAG_1</str>
                <str>GBV_GVK</str>
                <str>GBV_ILN_61</str>
            </arr>
            <str name="publishDateSort">1960</str>
            <arr name="publishDate">
                <str>1960</str>
            </arr>
            <arr name="format_se">
                <str>Aufsätze</str>
            </arr>
            <arr name="institution">
                <str>findex.gbv.de</str>
            </arr>
            <str name="recordtype">marc</str>
            <arr name="building">
                <str>61</str>
            </arr>
            <arr name="language_de">
                <str>italienisch</str>
            </arr>
            <arr name="title_auth">
                <str>Friedrich Schiller</str>
            </arr>
            <arr name="selectkey">
                <str>61:x</str>
            </arr>
            <arr name="format">
                <str>Article</str>
            </arr>
            <str name="title_sort">friedrich schiller</str>
            <arr name="title_short">
                <str>Friedrich Schiller Der Dichter Friedrich Schiller / Gerhard Storz</str>
            </arr>
            <str name="fullrecord">00553naa a22002052c
                4500001001000000003000700010005001700017008004100034040002200075041000800097100001900105245007400124773006200198901000800260912001400268912001200282912001500294951000700309980003100316#30;483112070#30;DE-601#30;20050407152702.0#30;050407s1960
                000 0 ita d#30; #31;aGBVCP#31;bger#31;erakwb#30;0 #31;aita#30;1 #31;aStorz, Gerhard#30;10#31;aFriedrich
                Schiller#31;n1#31;pDer Dichter Friedrich Schiller / Gerhard Storz#30;0
                #31;w(DE-601)332924211#31;tFriedrich Schiller, Wiese, Benno, 1960#30; #31;aGBV#30; #31;aSYSFLAG_1#30;
                #31;aGBV_GVK#30; #31;aGBV_ILN_61#30; #31;aAI#30; #31;261#31;101#31;b714598860#31;x0032#31;yx#30;#29;
            </str>
            <arr name="ppnlink">
                <str>332924211</str>
            </arr>
            <str name="source">Friedrich Schiller, Wiese, Benno, 1960</str>
            <str name="sourceStr">Friedrich Schiller, Wiese, Benno, 1960</str>
            <arr name="author-letter">
                <str>Storz, Gerhard</str>
            </arr>
            <arr name="language">
                <str>Italian</str>
            </arr>
            <arr name="lang_code">
                <str>ita</str>
            </arr>
            <bool name="remote_bool">false</bool>
            <arr name="title_full">
                <str>Friedrich Schiller 1 Der Dichter Friedrich Schiller / Gerhard Storz</str>
            </arr>
            <arr name="title_fullStr">
                <str>Friedrich Schiller 1 Der Dichter Friedrich Schiller / Gerhard Storz</str>
            </arr>
            <arr name="title_full_unstemmed">
                <str>Friedrich Schiller 1 Der Dichter Friedrich Schiller / Gerhard Storz</str>
            </arr>
            <arr name="title_fullGer">
                <str>Friedrich Schiller 1 Der Dichter Friedrich Schiller / Gerhard Storz</str>
            </arr>
            <long name="_version_">1459977598774804480</long>
            <float name="score">2.2710059</float>
        </doc>
        <doc>
            <arr name="series">
                <str>Schiller's Werke Schiller</str>
            </arr>
            <arr name="spellingShingle">
                <str>Schiller's Werke Schiller</str>
                <str>10</str>
            </arr>
            <arr name="seriesStr">
                <str>Schiller's Werke Schiller</str>
            </arr>
            <arr name="standort_str_mv">
                <str>0</str>
            </arr>
            <str name="illustrated">Not Illustrated</str>
            <arr name="format_phy_str_mv">
                <str>Book</str>
            </arr>
            <str name="callnumber-first-code">Y</str>
            <arr name="collection">
                <str>GVK</str>
            </arr>
            <bool name="hochschulschrift_bool">false</bool>
            <arr name="topic_title">
                <str>10</str>
                <str>(DE-601)448166186 Schiller's Werke Schiller 10 10000</str>
            </arr>
            <str name="callnumber-a">Yc 9147</str>
            <arr name="series2">
                <str>Schiller's Werke</str>
            </arr>
            <arr name="format_facet">
                <str>Bücher</str>
                <str>Gedruckte Bücher</str>
            </arr>
            <str name="id">448567512</str>
            <arr name="title">
                <str>10</str>
            </arr>
            <arr name="signature_iln">
                <str>11:Yc 9147</str>
            </arr>
            <str name="allfields">SBRT3615620 GBVCP ger rakwb 10 Schiller's Werke 10 (DE-601)448166186 Schiller's Werke
                Schiller 10 10000 GBV SYSFLAG_1 GBV_GVK GBV_ILN_11 BO 11 01 435521381 0 Yc 9147 d 0001 r
            </str>
            <str name="spelling">SBRT3615620 GBVCP ger rakwb 10 Schiller's Werke 10 (DE-601)448166186 Schiller's Werke
                Schiller 10 10000 GBV SYSFLAG_1 GBV_GVK GBV_ILN_11 BO 11 01 435521381 0 Yc 9147 d 0001 r
            </str>
            <str name="allfields_unstemmed">SBRT3615620 GBVCP ger rakwb 10 Schiller's Werke 10 (DE-601)448166186
                Schiller's Werke Schiller 10 10000 GBV SYSFLAG_1 GBV_GVK GBV_ILN_11 BO 11 01 435521381 0 Yc 9147 d 0001
                r
            </str>
            <str name="allfieldsGer">SBRT3615620 GBVCP ger rakwb 10 Schiller's Werke 10 (DE-601)448166186 Schiller's
                Werke Schiller 10 10000 GBV SYSFLAG_1 GBV_GVK GBV_ILN_11 BO 11 01 435521381 0 Yc 9147 d 0001 r
            </str>
            <str name="allfieldsSound">SBRT3615620 GBVCP ger rakwb 10 Schiller's Werke 10 (DE-601)448166186 Schiller's
                Werke Schiller 10 10000 GBV SYSFLAG_1 GBV_GVK GBV_ILN_11 BO 11 01 435521381 0 Yc 9147 d 0001 r
            </str>
            <arr name="collection_details">
                <str>SYSFLAG_1</str>
                <str>GBV_GVK</str>
                <str>GBV_ILN_11</str>
            </arr>
            <arr name="standort_txtP_mv">
                <str>0</str>
            </arr>
            <arr name="signature">
                <str>Yc 9147</str>
            </arr>
            <arr name="format_se">
                <str>Bücher</str>
            </arr>
            <arr name="institution">
                <str>findex.gbv.de</str>
            </arr>
            <str name="recordtype">marc</str>
            <arr name="building">
                <str>11</str>
            </arr>
            <arr name="title_auth">
                <str>10</str>
            </arr>
            <str name="callnumber">YC9147</str>
            <arr name="selectkey">
                <str>11:r</str>
            </arr>
            <arr name="format">
                <str>Book</str>
            </arr>
            <arr name="standort_iln_str_mv">
                <str>11:0</str>
            </arr>
            <str name="title_sort">10</str>
            <arr name="title_short">
                <str>10</str>
            </arr>
            <str name="fullrecord">00514nam a2200205 c
                4500001001000000003000700010005001700017008004100034024001600075040002200091245000700113490002500120830006100145901000800206912001400214912001200228912001500240951000700255980004600262#30;448567512#30;DE-601#30;20020228123504.0#30;990101nuuuuuuuu
                000 0 d#30;8 #31;aSBRT3615620#30; #31;aGBVCP#31;bger#31;erakwb#30;00#31;a10#30;0 #31;aSchiller's
                Werke#31;v10#30; #31;w(DE-601)448166186#31;aSchiller's Werke#31;pSchiller#31;v10#31;910000#30;
                #31;aGBV#30; #31;aSYSFLAG_1#30; #31;aGBV_GVK#30; #31;aGBV_ILN_11#30; #31;aBO#30;
                #31;211#31;101#31;b435521381#31;f0#31;dYc 9147#31;ed#31;x0001#31;yr#30;#29;
            </str>
            <arr name="ppnlink">
                <str>448166186</str>
            </arr>
            <bool name="remote_bool">false</bool>
            <arr name="title_full">
                <str>10</str>
            </arr>
            <arr name="title_fullStr">
                <str>10</str>
            </arr>
            <arr name="title_full_unstemmed">
                <str>10</str>
            </arr>
            <arr name="title_fullGer">
                <str>10</str>
            </arr>
            <long name="_version_">1459948017012441088</long>
            <float name="score">2.2693138</float>
        </doc>
    </result>
    <lst name="facet_counts">
        <lst name="facet_queries"/>
        <lst name="facet_fields">
            <lst name="format_facet">
                <int name="Aufsätze">15986</int>
                <int name="Buch">5</int>
                <int name="Bücher">33423</int>
                <int name="Datenträger">55</int>
                <int name="Elektronische Aufsätze">1181</int>
                <int name="Elektronische Bücher">1210</int>
                <int name="Elektronische Ressource">2473</int>
                <int name="Elektronische Zeitschriften">13</int>
                <int name="Filme">370</int>
                <int name="Gedruckte Aufsätze">14805</int>
                <int name="Gedruckte Bücher">32213</int>
                <int name="Gedruckte Zeitschriften">194</int>
                <int name="Handschriften">43</int>
                <int name="Hochschulschriften">1639</int>
                <int name="Karten">11</int>
                <int name="Mikroformen">629</int>
                <int name="Noten">769</int>
                <int name="Spiele / Objekte">3</int>
                <int name="Tonträger">785</int>
                <int name="Zeitschriften">207</int>
                <int name="Zeitschriftenbände">161</int>
                <int name="unbekannt">11</int>
            </lst>
            <lst name="author">
                <int name="1639">1</int>
                <int name="1656">2</int>
                <int name="1699">1</int>
                <int name="1709">2</int>
                <int name="1723">1</int>
                <int name="1730">2</int>
                <int name="1749">2</int>
                <int name="1756">1</int>
                <int name="1759">106</int>
                <int name="1760">2</int>
                <int name="1763">1</int>
                <int name="1764">3</int>
                <int name="1767">1</int>
                <int name="1770">1</int>
                <int name="1771">1</int>
                <int name="1775">1</int>
                <int name="1784">2</int>
                <int name="1790">1</int>
                <int name="1796">5</int>
                <int name="1797">19</int>
                <int name="1798">1</int>
                <int name="1802">2</int>
                <int name="1803">1</int>
                <int name="1804">1</int>
                <int name="1805">106</int>
                <int name="1811">6</int>
                <int name="1812">2</int>
                <int name="1813">1</int>
                <int name="1817">2</int>
                <int name="1818">1</int>
                <int name="1827">1</int>
                <int name="1828">19</int>
                <int name="1831">1</int>
                <int name="1832">2</int>
                <int name="1834">1</int>
                <int name="1835">1</int>
                <int name="1839">1</int>
                <int name="1840">5</int>
                <int name="1843">1</int>
                <int name="1845">2</int>
                <int name="1847">1</int>
                <int name="1848">1</int>
                <int name="1855">1</int>
                <int name="1865">1</int>
                <int name="1869">1</int>
                <int name="1875">2</int>
                <int name="1877">1</int>
                <int name="1881">2</int>
                <int name="1886">6</int>
                <int name="1887">1</int>
                <int name="1888">1</int>
                <int name="1892">1</int>
                <int name="1896">1</int>
                <int name="1901">2</int>
                <int name="1902">1</int>
                <int name="1904">1</int>
                <int name="1909">2</int>
                <int name="1911">2</int>
                <int name="1913">4</int>
                <int name="1914">1</int>
                <int name="1916">1</int>
                <int name="1919">1</int>
                <int name="1922">2</int>
                <int name="1926">1</int>
                <int name="1928">1</int>
                <int name="1933">2</int>
                <int name="1935">1</int>
                <int name="1936">1</int>
                <int name="1937">2</int>
                <int name="1938">2</int>
                <int name="1941">1</int>
                <int name="1942">2</int>
                <int name="1943">8</int>
                <int name="1945">1</int>
                <int name="1948">1</int>
                <int name="1949">3</int>
                <int name="1950">2</int>
                <int name="1951">5</int>
                <int name="1952">3</int>
                <int name="1953">1</int>
                <int name="1954">1</int>
                <int name="1955">1</int>
                <int name="1957">2</int>
                <int name="1959">1</int>
                <int name="1960">2</int>
                <int name="1961">2</int>
                <int name="1962">2</int>
                <int name="1963">1</int>
                <int name="1964">1</int>
                <int name="1965">2</int>
                <int name="1967">3</int>
                <int name="1968">2</int>
                <int name="1969">3</int>
                <int name="1970">3</int>
                <int name="1971">1</int>
                <int name="1975">1</int>
                <int name="1976">1</int>
                <int name="1979">4</int>
                <int name="1982">1</int>
                <int name="2005">1</int>
            </lst>
            <lst name="dewey-tens">
                <int name="000 - Computer science, knowledge &amp; systems">48</int>
                <int name="010 - Bibliographies">29</int>
                <int name="020 - Library &amp; information sciences">30</int>
                <int name="030 - Encyclopedias &amp; books of facts">1</int>
                <int name="040 - [Unassigned]">2</int>
                <int name="050 - Magazines, journals &amp; serials">43</int>
                <int name="060 - Associations, organizations &amp; museums">8</int>
                <int name="070 - News media, journalism &amp; publishing">47</int>
                <int name="080 - Quotations">3</int>
                <int name="090 - Manuscripts &amp; rare books">7</int>
                <int name="100 - Philosophy">116</int>
                <int name="110 - Metaphysics">76</int>
                <int name="120 - Epistemology">10</int>
                <int name="130 - Parapsychology &amp; occultism">1</int>
                <int name="140 - Philosophical schools of thought">11</int>
                <int name="150 - Psychology">23</int>
                <int name="160 - Logic">1</int>
                <int name="170 - Ethics">17</int>
                <int name="180 - Ancient, medieval &amp; eastern philosophy">1</int>
                <int name="190 - Modern western philosophy">55</int>
                <int name="200 - Religion">17</int>
                <int name="210 - Philosophy &amp; theory of religion">3</int>
                <int name="220 - The Bible">1</int>
                <int name="230 - Christianity &amp; Christian theology">32</int>
                <int name="240 - Christian practice &amp; observance">2</int>
                <int name="260 - Christian organization, social work &amp; worship">6</int>
                <int name="270 - History of Christianity">2</int>
                <int name="290 - Other religions">13</int>
                <int name="300 - Social sciences, sociology &amp; anthropology">144</int>
                <int name="310 - Statistics">2</int>
                <int name="320 - Political science">68</int>
                <int name="330 - Economics">129</int>
                <int name="340 - Law">59</int>
                <int name="350 - Public administration &amp; military science">4</int>
                <int name="360 - Social problems &amp; social services">28</int>
                <int name="370 - Education">94</int>
                <int name="380 - Commerce, communications &amp; transportation">24</int>
                <int name="390 - Customs, etiquette &amp; folklore">8</int>
                <int name="400 - Language">32</int>
                <int name="410 - Linguistics">6</int>
                <int name="420 - English &amp; Old English languages">6</int>
                <int name="430 - German &amp; related languages">68</int>
                <int name="440 - French &amp; related languages">8</int>
                <int name="450 - Italian, Romanian &amp; related languages">5</int>
                <int name="460 - Spanish &amp; Portuguese languages">1</int>
                <int name="470 - Latin &amp; Italic languages">2</int>
                <int name="480 - Classical &amp; modern Greek languages">1</int>
                <int name="490 - Other languages">6</int>
                <int name="500 - Science">14</int>
                <int name="510 - Mathematics">14</int>
                <int name="520 - Astronomy">3</int>
                <int name="530 - Physics">8</int>
                <int name="540 - Chemistry">6</int>
                <int name="550 - Earth sciences &amp; geology">6</int>
                <int name="560 - Fossils &amp; prehistoric life">2</int>
                <int name="570 - Life sciences; biology">13</int>
                <int name="580 - Plants (Botany)">2</int>
                <int name="590 - Animals (Zoology)">5</int>
                <int name="610 - Medicine &amp; health">108</int>
                <int name="620 - Engineering">36</int>
                <int name="630 - Agriculture">6</int>
                <int name="640 - Home &amp; family management">8</int>
                <int name="650 - Management &amp; public relations">34</int>
                <int name="660 - Chemical engineering">9</int>
                <int name="670 - Manufacturing">2</int>
                <int name="680 - Manufacture for specific uses">4</int>
                <int name="690 - Building &amp; construction">5</int>
                <int name="700 - Arts">65</int>
                <int name="710 - Landscaping &amp; area planning">6</int>
                <int name="720 - Architecture">13</int>
                <int name="730 - Sculpture, ceramics &amp; metalwork">5</int>
                <int name="740 - Drawing &amp; decorative arts">12</int>
                <int name="750 - Painting">16</int>
                <int name="760 - Graphic arts">4</int>
                <int name="770 - Photography &amp; computer art">1</int>
                <int name="780 - Music">84</int>
                <int name="790 - Sports, games &amp; entertainment">100</int>
                <int name="800 - Literature, rhetoric &amp; criticism">228</int>
                <int name="810 - American literature in English">9</int>
                <int name="820 - English &amp; Old English literatures">41</int>
                <int name="830 - German &amp; related literatures">1695</int>
                <int name="840 - French &amp; related literatures">22</int>
                <int name="850 - Italian, Romanian &amp; related literatures">12</int>
                <int name="860 - Spanish &amp; Portuguese literatures">7</int>
                <int name="870 - Latin &amp; Italic literatures">1</int>
                <int name="880 - Classical &amp; modern Greek literatures">4</int>
                <int name="890 - Other literatures">20</int>
                <int name="900 - History">45</int>
                <int name="910 - Geography &amp; travel">43</int>
                <int name="920 - Biography &amp; genealogy">31</int>
                <int name="930 - History of ancient world (to ca. 499)">3</int>
                <int name="940 - History of Europe">124</int>
                <int name="950 - History of Asia">5</int>
                <int name="970 - History of North America">3</int>
                <int name="980 - History of South America">1</int>
            </lst>
            <lst name="author2">
                <int name="082354">1</int>
                <int name="1">3</int>
                <int name="10">2</int>
                <int name="106193626">1</int>
                <int name="1542">2</int>
                <int name="1587">2</int>
                <int name="1622">1</int>
                <int name="1678">1</int>
                <int name="1690">1</int>
                <int name="1703">1</int>
                <int name="1733">1</int>
                <int name="1744">7</int>
                <int name="1749">7</int>
                <int name="1756">7</int>
                <int name="1759">25</int>
                <int name="1761">7</int>
                <int name="1765">2</int>
                <int name="1766">1</int>
                <int name="1768">1</int>
                <int name="1772">1</int>
                <int name="1773">4</int>
                <int name="1775">1</int>
                <int name="1785">1</int>
                <int name="1787">5</int>
                <int name="1792">7</int>
                <int name="1800">4</int>
                <int name="1803">1</int>
                <int name="1804">3</int>
                <int name="1805">25</int>
                <int name="1806">1</int>
                <int name="1809">4</int>
                <int name="1813">2</int>
                <int name="1814">7</int>
                <int name="1816">7</int>
                <int name="1819">7</int>
                <int name="1820">1</int>
                <int name="1822">7</int>
                <int name="1823">1</int>
                <int name="1825">1</int>
                <int name="1826">1</int>
                <int name="1832">7</int>
                <int name="1834">1</int>
                <int name="1836">2</int>
                <int name="1839">2</int>
                <int name="1851">1</int>
                <int name="1858">1</int>
                <int name="1859">7</int>
                <int name="1860">5</int>
                <int name="1865">1</int>
                <int name="1868">1</int>
                <int name="1874">1</int>
                <int name="1877">1</int>
                <int name="1878">1</int>
                <int name="1883">1</int>
                <int name="1884">1</int>
                <int name="1889">1</int>
                <int name="1890">1</int>
                <int name="1892">2</int>
                <int name="1893">5</int>
                <int name="1897">1</int>
                <int name="19">3</int>
                <int name="1901">2</int>
                <int name="1903">2</int>
                <int name="1905">1</int>
                <int name="1909">2</int>
                <int name="1919">3</int>
                <int name="1921">2</int>
                <int name="1922">1</int>
                <int name="1923">1</int>
                <int name="1930">1</int>
                <int name="1934">1</int>
                <int name="1936">1</int>
                <int name="1937">1</int>
                <int name="1939">3</int>
                <int name="1940">1</int>
                <int name="1941">2</int>
                <int name="1943">3</int>
                <int name="1944">1</int>
                <int name="1945">1</int>
                <int name="1946">4</int>
                <int name="1947">5</int>
                <int name="1949">7</int>
                <int name="1950">1</int>
                <int name="1951">1</int>
                <int name="1952">2</int>
                <int name="1953">1</int>
                <int name="1954">1</int>
                <int name="1955">4</int>
                <int name="1956">4</int>
                <int name="1957">2</int>
                <int name="1958">1</int>
                <int name="1959">1</int>
                <int name="1961">3</int>
                <int name="1962">1</int>
                <int name="1964">1</int>
                <int name="1965">3</int>
                <int name="1966">1</int>
                <int name="1967">2</int>
                <int name="1970">1</int>
                <int name="1971">1</int>
            </lst>
            <lst name="language">
                <int name="Afrikaans">3</int>
                <int name="Albanian">4</int>
                <int name="Arabic">7</int>
                <int name="Armenian">7</int>
                <int name="Basque">1</int>
                <int name="Belarusian">4</int>
                <int name="Bosnian">2</int>
                <int name="Bulgarian">52</int>
                <int name="Catalan">48</int>
                <int name="Chinese">30</int>
                <int name="Church Slavic">1</int>
                <int name="Coptic">1</int>
                <int name="Crimean Tatar">1</int>
                <int name="Czech">73</int>
                <int name="Danish">76</int>
                <int name="Dutch">72</int>
                <int name="Dutch, Middle (ca. 1050-1350)">1</int>
                <int name="English">5072</int>
                <int name="Esperanto">9</int>
                <int name="Estonian">14</int>
                <int name="Finnish">13</int>
                <int name="French">1049</int>
                <int name="Georgian">9</int>
                <int name="German">33321</int>
                <int name="Greek, Ancient (to 1453)">55</int>
                <int name="Greek, Modern (1453- )">23</int>
                <int name="Hebrew">55</int>
                <int name="Hungarian">90</int>
                <int name="Icelandic">2</int>
                <int name="Indonesian">2</int>
                <int name="Italian">504</int>
                <int name="Japanese">43</int>
                <int name="Kazakh">1</int>
                <int name="Korean">11</int>
                <int name="Kyrgyz">1</int>
                <int name="Latin">314</int>
                <int name="Latvian">6</int>
                <int name="Lithuanian">24</int>
                <int name="Low German">49</int>
                <int name="Macedonian">2</int>
                <int name="Miscellaneous languages">8</int>
                <int name="Moldavian">1</int>
                <int name="Mongolian">3</int>
                <int name="Multiple languages">1</int>
                <int name="Norwegian">24</int>
                <int name="Persian">5</int>
                <int name="Polish">140</int>
                <int name="Portuguese">84</int>
                <int name="Prakrit languages">1</int>
                <int name="Pushto">1</int>
                <int name="Raeto-Romance">1</int>
                <int name="Romani">2</int>
                <int name="Romanian">57</int>
                <int name="Russian">301</int>
                <int name="Salishan languages">1</int>
                <int name="Sanskrit">3</int>
                <int name="Slovak">13</int>
                <int name="Slovenian">2</int>
                <int name="Sorbian languages">4</int>
                <int name="Spanish">319</int>
                <int name="Sundanese">1</int>
                <int name="Swedish">135</int>
                <int name="Tagalog">1</int>
                <int name="Turkish">15</int>
                <int name="Turkish, Ottoman">3</int>
                <int name="Ukrainian">9</int>
                <int name="Undetermined">3</int>
                <int name="Vietnamese">6</int>
                <int name="Welsh">1</int>
                <int name="Yiddish">4</int>
            </lst>
            <lst name="publishDateSort">
                <int name="1304">1</int>
                <int name="1510">1</int>
                <int name="1518">10</int>
                <int name="1520">14</int>
                <int name="1521">3</int>
                <int name="1522">1</int>
                <int name="1524">1</int>
                <int name="1526">1</int>
                <int name="1530">14</int>
                <int name="1531">7</int>
                <int name="1535">6</int>
                <int name="1540">20</int>
                <int name="1542">6</int>
                <int name="1545">6</int>
                <int name="1546">2</int>
                <int name="1548">1</int>
                <int name="1550">18</int>
                <int name="1555">24</int>
                <int name="1560">56</int>
                <int name="1562">1</int>
                <int name="1565">16</int>
                <int name="1567">1</int>
                <int name="1569">4</int>
                <int name="1570">7</int>
                <int name="1573">1</int>
                <int name="1576">1</int>
                <int name="1581">2</int>
                <int name="1587">1</int>
                <int name="1590">1</int>
                <int name="1592">1</int>
                <int name="1598">1</int>
                <int name="1600">10</int>
                <int name="1601">3</int>
                <int name="1606">3</int>
                <int name="1608">4</int>
                <int name="1609">3</int>
                <int name="1610">2</int>
                <int name="1611">2</int>
                <int name="1615">1</int>
                <int name="1616">3</int>
                <int name="1617">3</int>
                <int name="1619">10</int>
                <int name="1620">2</int>
                <int name="1622">3</int>
                <int name="1623">1</int>
                <int name="1625">2</int>
                <int name="1626">3</int>
                <int name="1627">4</int>
                <int name="1629">5</int>
                <int name="1630">5</int>
                <int name="1631">1</int>
                <int name="1632">2</int>
                <int name="1634">1</int>
                <int name="1636">1</int>
                <int name="1639">2</int>
                <int name="1641">1</int>
                <int name="1644">1</int>
                <int name="1645">6</int>
                <int name="1646">4</int>
                <int name="1647">1</int>
                <int name="1648">2</int>
                <int name="1651">3</int>
                <int name="1652">9</int>
                <int name="1653">4</int>
                <int name="1654">10</int>
                <int name="1655">7</int>
                <int name="1656">1</int>
                <int name="1660">3</int>
                <int name="1661">6</int>
                <int name="1662">1</int>
                <int name="1663">1</int>
                <int name="1664">1</int>
                <int name="1666">2</int>
                <int name="1667">1</int>
                <int name="1668">7</int>
                <int name="1669">2</int>
                <int name="1670">4</int>
                <int name="1672">5</int>
                <int name="1674">3</int>
                <int name="1681">3</int>
                <int name="1685">1</int>
                <int name="1688">2</int>
                <int name="1689">1</int>
                <int name="1690">4</int>
                <int name="1692">3</int>
                <int name="1693">4</int>
                <int name="1694">14</int>
                <int name="1695">23</int>
                <int name="1696">23</int>
                <int name="1697">33</int>
                <int name="1698">19</int>
                <int name="1699">30</int>
                <int name="1700">45</int>
                <int name="1701">22</int>
                <int name="1702">81</int>
                <int name="1703">24</int>
                <int name="1704">70</int>
                <int name="1705">36</int>
                <int name="1706">46</int>
                <int name="1707">22</int>
            </lst>
        </lst>
        <lst name="facet_dates"/>
        <lst name="facet_ranges"/>
    </lst>
    <lst name="highlighting">
        <lst name="676296017">
            <arr name="topic_title">
                <str>Vierter Band Friedrich {{{{START_HILITE}}}}Schiller{{{{END_HILITE}}}}; Fritz Jonas [Hrsg.]</str>
            </arr>
            <arr name="series2">
                <str>{{{{START_HILITE}}}}Schillers{{{{END_HILITE}}}} Briefe</str>
            </arr>
            <arr name="abstract_unstemmed">
                <str>Bildnis: Friedrich v. {{{{START_HILITE}}}}Schiller{{{{END_HILITE}}}} ; Johann Friedrich Cotta ;
                    Johann Caspar {{{{START_HILITE}}}}Schiller{{{{END_HILITE}}}} ; Elisabeth
                </str>
            </arr>
            <arr name="series">
                <str>{{{{START_HILITE}}}}Schiller{{{{END_HILITE}}}}, Friedrich
                    {{{{START_HILITE}}}}Schillers{{{{END_HILITE}}}} Briefe / Friedrich
                    {{{{START_HILITE}}}}Schiller{{{{END_HILITE}}}}
                </str>
            </arr>
            <arr name="allfields">
                <str>GLHBU0064366 (DE-599)GBV676296017 GBVCP ger rakwb ger
                    {{{{START_HILITE}}}}Schiller{{{{END_HILITE}}}}, Friedrich Vierter Band Friedrich
                </str>
            </arr>
            <arr name="allfields_unstemmed">
                <str>GLHBU0064366 (DE-599)GBV676296017 GBVCP ger rakwb ger
                    {{{{START_HILITE}}}}Schiller{{{{END_HILITE}}}}, Friedrich Vierter Band Friedrich
                </str>
            </arr>
            <arr name="title_full_unstemmed">
                <str>Vierter Band Friedrich {{{{START_HILITE}}}}Schiller{{{{END_HILITE}}}}; Fritz Jonas [Hrsg.]</str>
            </arr>
            <arr name="spelling">
                <str>GLHBU0064366 (DE-599)GBV676296017 GBVCP ger rakwb ger
                    {{{{START_HILITE}}}}Schiller{{{{END_HILITE}}}}, Friedrich Vierter Band Friedrich
                </str>
            </arr>
            <arr name="author">
                <str>{{{{START_HILITE}}}}Schiller{{{{END_HILITE}}}}, Friedrich</str>
            </arr>
            <arr name="abstract">
                <str>Bildnis: Friedrich v. {{{{START_HILITE}}}}Schiller{{{{END_HILITE}}}} ; Johann Friedrich Cotta ;
                    Johann Caspar {{{{START_HILITE}}}}Schiller{{{{END_HILITE}}}} ; Elisabeth
                </str>
            </arr>
            <arr name="title_full">
                <str>Vierter Band Friedrich {{{{START_HILITE}}}}Schiller{{{{END_HILITE}}}}; Fritz Jonas [Hrsg.]</str>
            </arr>
        </lst>
        <lst name="364448539">
            <arr name="topic_title">
                <str>Nachrichten von {{{{START_HILITE}}}}Schillers{{{{END_HILITE}}}} Leben : Gedichte Friedrich von
                    {{{{START_HILITE}}}}Schiller{{{{END_HILITE}}}}
                </str>
            </arr>
            <arr name="series2">
                <str>Friedrichs von {{{{START_HILITE}}}}Schiller{{{{END_HILITE}}}} sämmtliche Werke</str>
            </arr>
            <arr name="signature_iln">
                <str>203:MKGH S/{{{{START_HILITE}}}}Schiller{{{{END_HILITE}}}}.1(1)</str>
            </arr>
            <arr name="signature">
                <str>MKGH S/{{{{START_HILITE}}}}Schiller{{{{END_HILITE}}}}.1(1)</str>
            </arr>
            <arr name="series">
                <str>{{{{START_HILITE}}}}Schiller{{{{END_HILITE}}}}, Friedrich Friedrichs von
                    {{{{START_HILITE}}}}Schiller{{{{END_HILITE}}}} sämmtliche Werke
                </str>
            </arr>
            <arr name="title">
                <str>Nachrichten von {{{{START_HILITE}}}}Schillers{{{{END_HILITE}}}} Leben : Gedichte</str>
            </arr>
            <arr name="allfields">
                <str>GBVCP ger rakwb {{{{START_HILITE}}}}Schiller{{{{END_HILITE}}}}, Friedrich von (DE-601)133368432
                    (DE-588)118607626 Nachrichten von
                </str>
            </arr>
            <arr name="allfields_unstemmed">
                <str>GBVCP ger rakwb {{{{START_HILITE}}}}Schiller{{{{END_HILITE}}}}, Friedrich von (DE-601)133368432
                    (DE-588)118607626 Nachrichten von
                </str>
            </arr>
            <arr name="title_full_unstemmed">
                <str>Nachrichten von Schillers Leben : Gedichte Friedrich von
                    {{{{START_HILITE}}}}Schiller{{{{END_HILITE}}}}
                </str>
            </arr>
            <arr name="spelling">
                <str>GBVCP ger rakwb {{{{START_HILITE}}}}Schiller{{{{END_HILITE}}}}, Friedrich von (DE-601)133368432
                    (DE-588)118607626 Nachrichten von
                </str>
            </arr>
            <arr name="title_short">
                <str>Nachrichten von {{{{START_HILITE}}}}Schillers{{{{END_HILITE}}}} Leben :</str>
            </arr>
            <arr name="author">
                <str>{{{{START_HILITE}}}}Schiller{{{{END_HILITE}}}}, Friedrich von</str>
            </arr>
            <arr name="title_auth">
                <str>Nachrichten von {{{{START_HILITE}}}}Schillers{{{{END_HILITE}}}} Leben : Gedichte</str>
            </arr>
            <arr name="title_full">
                <str>Nachrichten von {{{{START_HILITE}}}}Schillers{{{{END_HILITE}}}} Leben : Gedichte Friedrich von
                    {{{{START_HILITE}}}}Schiller{{{{END_HILITE}}}}
                </str>
            </arr>
        </lst>
        <lst name="676270492">
            <arr name="topic_title">
                <str>Zweiundzwanzigster Band : Vermischte Schriften Friedrich
                    {{{{START_HILITE}}}}Schiller{{{{END_HILITE}}}}; Herbert Meyer[Hrsg.]; u.a.
                </str>
            </arr>
            <arr name="series2">
                <str>{{{{START_HILITE}}}}Schillers{{{{END_HILITE}}}} Werke</str>
            </arr>
            <arr name="series">
                <str>{{{{START_HILITE}}}}Schiller{{{{END_HILITE}}}}, Friedrich
                    {{{{START_HILITE}}}}Schillers{{{{END_HILITE}}}} Werke / Friedrich
                    {{{{START_HILITE}}}}Schiller{{{{END_HILITE}}}}
                </str>
            </arr>
            <arr name="allfields">
                <str>GLHBU0063713 (DE-599)GBV676270492 GBVCP ger rakwb ger
                    {{{{START_HILITE}}}}Schiller{{{{END_HILITE}}}}, Friedrich Goethe- und
                </str>
            </arr>
            <arr name="author2">
                <str>Goethe- und {{{{START_HILITE}}}}Schiller{{{{END_HILITE}}}}-Archiv</str>
            </arr>
            <arr name="allfields_unstemmed">
                <str>GLHBU0063713 (DE-599)GBV676270492 GBVCP ger rakwb ger
                    {{{{START_HILITE}}}}Schiller{{{{END_HILITE}}}}, Friedrich Goethe- und
                    {{{{START_HILITE}}}}Schiller{{{{END_HILITE}}}}
                </str>
            </arr>
            <arr name="title_full_unstemmed">
                <str>Zweiundzwanzigster Band : Vermischte Schriften Friedrich
                    {{{{START_HILITE}}}}Schiller{{{{END_HILITE}}}}; Herbert Meyer[Hrsg.]; u.a.
                </str>
            </arr>
            <arr name="spelling">
                <str>GLHBU0063713 (DE-599)GBV676270492 GBVCP ger rakwb ger
                    {{{{START_HILITE}}}}Schiller{{{{END_HILITE}}}}, Friedrich Goethe- und
                    {{{{START_HILITE}}}}Schiller{{{{END_HILITE}}}}
                </str>
            </arr>
            <arr name="author">
                <str>{{{{START_HILITE}}}}Schiller{{{{END_HILITE}}}}, Friedrich</str>
            </arr>
            <arr name="title_full">
                <str>Zweiundzwanzigster Band : Vermischte Schriften Friedrich
                    {{{{START_HILITE}}}}Schiller{{{{END_HILITE}}}}; Herbert Meyer[Hrsg.]; u.a.
                </str>
            </arr>
        </lst>
        <lst name="583668011">
            <arr name="topic_title">
                <str>Nachlese und Variantensammlung zu {{{{START_HILITE}}}}Schillers{{{{END_HILITE}}}} prosaischen
                    Schriften
                </str>
            </arr>
            <arr name="series2">
                <str>Nachlese zu {{{{START_HILITE}}}}Schillers{{{{END_HILITE}}}} Werken: nebst Variantensammlung</str>
            </arr>
            <arr name="series">
                <str>{{{{START_HILITE}}}}Schiller{{{{END_HILITE}}}}, Friedrich Nachlese zu
                    {{{{START_HILITE}}}}Schillers{{{{END_HILITE}}}} Werken: nebst Variantensammlung / aus seinem Nachlaß
                    im
                </str>
            </arr>
            <arr name="title">
                <str>Nachlese und Variantensammlung zu {{{{START_HILITE}}}}Schillers{{{{END_HILITE}}}} prosaischen
                    Schriften
                </str>
            </arr>
            <arr name="allfields">
                <str>DBHB0047867x GBVCP ger rakwb {{{{START_HILITE}}}}Schiller{{{{END_HILITE}}}}, Friedrich von Nachlese
                    und Variantensammlung zu {{{{START_HILITE}}}}Schillers{{{{END_HILITE}}}}
                </str>
            </arr>
            <arr name="allfields_unstemmed">
                <str>DBHB0047867x GBVCP ger rakwb {{{{START_HILITE}}}}Schiller{{{{END_HILITE}}}}, Friedrich von Nachlese
                    und Variantensammlung zu Schillers
                </str>
            </arr>
            <arr name="spelling">
                <str>DBHB0047867x GBVCP ger rakwb {{{{START_HILITE}}}}Schiller{{{{END_HILITE}}}}, Friedrich von Nachlese
                    und Variantensammlung zu Schillers
                </str>
            </arr>
            <arr name="title_short">
                <str>Nachlese und Variantensammlung zu {{{{START_HILITE}}}}Schillers{{{{END_HILITE}}}} prosaischen
                    Schriften
                </str>
            </arr>
            <arr name="author">
                <str>{{{{START_HILITE}}}}Schiller{{{{END_HILITE}}}}, Friedrich von</str>
            </arr>
            <arr name="title_auth">
                <str>Nachlese und Variantensammlung zu {{{{START_HILITE}}}}Schillers{{{{END_HILITE}}}} prosaischen
                    Schriften
                </str>
            </arr>
            <arr name="title_full">
                <str>Nachlese und Variantensammlung zu {{{{START_HILITE}}}}Schillers{{{{END_HILITE}}}} prosaischen
                    Schriften
                </str>
            </arr>
        </lst>
        <lst name="676296076">
            <arr name="topic_title">
                <str>Siebenter Band : Mit Register Friedrich {{{{START_HILITE}}}}Schiller{{{{END_HILITE}}}}; Fritz Jonas
                    [Hrsg.]
                </str>
            </arr>
            <arr name="series2">
                <str>{{{{START_HILITE}}}}Schillers{{{{END_HILITE}}}} Briefe</str>
            </arr>
            <arr name="abstract_unstemmed">
                <str>Bildnis: Friedrich {{{{START_HILITE}}}}Schiller{{{{END_HILITE}}}} ; Karoline von Wolzogen ;
                    Charlotte {{{{START_HILITE}}}}Schiller{{{{END_HILITE}}}}
                </str>
            </arr>
            <arr name="series">
                <str>{{{{START_HILITE}}}}Schiller{{{{END_HILITE}}}}, Friedrich
                    {{{{START_HILITE}}}}Schillers{{{{END_HILITE}}}} Briefe / Friedrich
                    {{{{START_HILITE}}}}Schiller{{{{END_HILITE}}}}
                </str>
            </arr>
            <arr name="allfields">
                <str>GLHBU0064369 (DE-599)GBV676296076 GBVCP ger rakwb ger
                    {{{{START_HILITE}}}}Schiller{{{{END_HILITE}}}}, Friedrich Siebenter Band : Mit
                </str>
            </arr>
            <arr name="allfields_unstemmed">
                <str>GLHBU0064369 (DE-599)GBV676296076 GBVCP ger rakwb ger
                    {{{{START_HILITE}}}}Schiller{{{{END_HILITE}}}}, Friedrich Siebenter Band : Mit
                </str>
            </arr>
            <arr name="title_full_unstemmed">
                <str>Siebenter Band : Mit Register Friedrich {{{{START_HILITE}}}}Schiller{{{{END_HILITE}}}}; Fritz Jonas
                    [Hrsg.]
                </str>
            </arr>
            <arr name="spelling">
                <str>GLHBU0064369 (DE-599)GBV676296076 GBVCP ger rakwb ger
                    {{{{START_HILITE}}}}Schiller{{{{END_HILITE}}}}, Friedrich Siebenter Band : Mit
                </str>
            </arr>
            <arr name="author">
                <str>{{{{START_HILITE}}}}Schiller{{{{END_HILITE}}}}, Friedrich</str>
            </arr>
            <arr name="abstract">
                <str>Bildnis: Friedrich {{{{START_HILITE}}}}Schiller{{{{END_HILITE}}}} ; Karoline von Wolzogen ;
                    Charlotte {{{{START_HILITE}}}}Schiller{{{{END_HILITE}}}}
                </str>
            </arr>
            <arr name="title_full">
                <str>Siebenter Band : Mit Register Friedrich {{{{START_HILITE}}}}Schiller{{{{END_HILITE}}}}; Fritz Jonas
                    [Hrsg.]
                </str>
            </arr>
        </lst>
        <lst name="676295851">
            <arr name="topic_title">
                <str>Zweiter Theil : 1789 - 1792 Friedrich {{{{START_HILITE}}}}Schiller{{{{END_HILITE}}}}</str>
            </arr>
            <arr name="series2">
                <str>{{{{START_HILITE}}}}Schillers{{{{END_HILITE}}}} Briefwechsel mit Körner</str>
            </arr>
            <arr name="series">
                <str>{{{{START_HILITE}}}}Schiller{{{{END_HILITE}}}}, Friedrich
                    {{{{START_HILITE}}}}Schillers{{{{END_HILITE}}}} Briefwechsel mit Körner : Von 1784 bis zum Tode
                    {{{{START_HILITE}}}}Schillers{{{{END_HILITE}}}}
                </str>
            </arr>
            <arr name="allfields">
                <str>GLHBU0064359 (DE-599)GBV676295851 GBVCP ger rakwb ger
                    {{{{START_HILITE}}}}Schiller{{{{END_HILITE}}}}, Friedrich Zweiter Theil : 1789 -
                </str>
            </arr>
            <arr name="allfields_unstemmed">
                <str>GLHBU0064359 (DE-599)GBV676295851 GBVCP ger rakwb ger
                    {{{{START_HILITE}}}}Schiller{{{{END_HILITE}}}}, Friedrich Zweiter Theil : 1789
                </str>
            </arr>
            <arr name="title_full_unstemmed">
                <str>Zweiter Theil : 1789 - 1792 Friedrich {{{{START_HILITE}}}}Schiller{{{{END_HILITE}}}}</str>
            </arr>
            <arr name="spelling">
                <str>GLHBU0064359 (DE-599)GBV676295851 GBVCP ger rakwb ger
                    {{{{START_HILITE}}}}Schiller{{{{END_HILITE}}}}, Friedrich Zweiter Theil : 1789
                </str>
            </arr>
            <arr name="author">
                <str>{{{{START_HILITE}}}}Schiller{{{{END_HILITE}}}}, Friedrich</str>
            </arr>
            <arr name="title_full">
                <str>Zweiter Theil : 1789 - 1792 Friedrich {{{{START_HILITE}}}}Schiller{{{{END_HILITE}}}}</str>
            </arr>
        </lst>
        <lst name="676271901">
            <arr name="topic_title">
                <str>Einundvierzigster Band : Teil I : Lebenszeugnisse I :
                    {{{{START_HILITE}}}}Schillers{{{{END_HILITE}}}} Kalender :
                    {{{{START_HILITE}}}}Schillers{{{{END_HILITE}}}} Bibliothek
                </str>
            </arr>
            <arr name="series2">
                <str>{{{{START_HILITE}}}}Schillers{{{{END_HILITE}}}} Werke</str>
            </arr>
            <arr name="title_sub">
                <str>Teil I : Lebenszeugnisse I : {{{{START_HILITE}}}}Schillers{{{{END_HILITE}}}} Kalender :
                    {{{{START_HILITE}}}}Schillers{{{{END_HILITE}}}} Bibliothek
                </str>
            </arr>
            <arr name="series">
                <str>{{{{START_HILITE}}}}Schiller{{{{END_HILITE}}}}, Friedrich
                    {{{{START_HILITE}}}}Schillers{{{{END_HILITE}}}} Werke / Friedrich
                    {{{{START_HILITE}}}}Schiller{{{{END_HILITE}}}}
                </str>
            </arr>
            <arr name="title">
                <str>Einundvierzigster Band : Teil I : Lebenszeugnisse I :
                    {{{{START_HILITE}}}}Schillers{{{{END_HILITE}}}} Kalender :
                    {{{{START_HILITE}}}}Schillers{{{{END_HILITE}}}} Bibliothek
                </str>
            </arr>
            <arr name="allfields">
                <str>3740007974 GLHBU0063739 (DE-599)GBV676271901 GBVCP ger rakwb ger
                    {{{{START_HILITE}}}}Schiller{{{{END_HILITE}}}}, Friedrich Stiftung
                </str>
            </arr>
            <arr name="allfields_unstemmed">
                <str>3740007974 GLHBU0063739 (DE-599)GBV676271901 GBVCP ger rakwb ger
                    {{{{START_HILITE}}}}Schiller{{{{END_HILITE}}}}, Friedrich Stiftung
                </str>
            </arr>
            <arr name="title_full_unstemmed">
                <str>Friedrich {{{{START_HILITE}}}}Schiller{{{{END_HILITE}}}}; Georg Kurscheidt [Hrsg.]; u.a.</str>
            </arr>
            <arr name="spelling">
                <str>3740007974 GLHBU0063739 (DE-599)GBV676271901 GBVCP ger rakwb ger
                    {{{{START_HILITE}}}}Schiller{{{{END_HILITE}}}}, Friedrich Stiftung
                </str>
            </arr>
            <arr name="author">
                <str>{{{{START_HILITE}}}}Schiller{{{{END_HILITE}}}}, Friedrich</str>
            </arr>
            <arr name="title_auth">
                <str>Einundvierzigster Band : Teil I : Lebenszeugnisse I :
                    {{{{START_HILITE}}}}Schillers{{{{END_HILITE}}}} Kalender :
                    {{{{START_HILITE}}}}Schillers{{{{END_HILITE}}}} Bibliothek
                </str>
            </arr>
            <arr name="title_full">
                <str>Einundvierzigster Band : Teil I : Lebenszeugnisse I :
                    {{{{START_HILITE}}}}Schillers{{{{END_HILITE}}}} Kalender :
                    {{{{START_HILITE}}}}Schillers{{{{END_HILITE}}}} Bibliothek
                </str>
            </arr>
        </lst>
        <lst name="676295908">
            <arr name="topic_title">
                <str>Vierter Theil : 1797 - 1805 Friedrich {{{{START_HILITE}}}}Schiller{{{{END_HILITE}}}}</str>
            </arr>
            <arr name="series2">
                <str>{{{{START_HILITE}}}}Schillers{{{{END_HILITE}}}} Briefwechsel mit Körner</str>
            </arr>
            <arr name="series">
                <str>{{{{START_HILITE}}}}Schiller{{{{END_HILITE}}}}, Friedrich
                    {{{{START_HILITE}}}}Schillers{{{{END_HILITE}}}} Briefwechsel mit Körner : Von 1784 bis zum Tode
                    {{{{START_HILITE}}}}Schillers{{{{END_HILITE}}}}
                </str>
            </arr>
            <arr name="allfields">
                <str>GLHBU0064361 (DE-599)GBV676295908 GBVCP ger rakwb ger
                    {{{{START_HILITE}}}}Schiller{{{{END_HILITE}}}}, Friedrich Vierter Theil : 1797 -
                </str>
            </arr>
            <arr name="allfields_unstemmed">
                <str>GLHBU0064361 (DE-599)GBV676295908 GBVCP ger rakwb ger
                    {{{{START_HILITE}}}}Schiller{{{{END_HILITE}}}}, Friedrich Vierter Theil : 1797
                </str>
            </arr>
            <arr name="title_full_unstemmed">
                <str>Vierter Theil : 1797 - 1805 Friedrich {{{{START_HILITE}}}}Schiller{{{{END_HILITE}}}}</str>
            </arr>
            <arr name="spelling">
                <str>GLHBU0064361 (DE-599)GBV676295908 GBVCP ger rakwb ger
                    {{{{START_HILITE}}}}Schiller{{{{END_HILITE}}}}, Friedrich Vierter Theil : 1797
                </str>
            </arr>
            <arr name="author">
                <str>{{{{START_HILITE}}}}Schiller{{{{END_HILITE}}}}, Friedrich</str>
            </arr>
            <arr name="title_full">
                <str>Vierter Theil : 1797 - 1805 Friedrich {{{{START_HILITE}}}}Schiller{{{{END_HILITE}}}}</str>
            </arr>
        </lst>
        <lst name="676295835">
            <arr name="topic_title">
                <str>Erster Theil : 1784 - 1788 Friedrich {{{{START_HILITE}}}}Schiller{{{{END_HILITE}}}}</str>
            </arr>
            <arr name="series2">
                <str>{{{{START_HILITE}}}}Schillers{{{{END_HILITE}}}} Briefwechsel mit Körner</str>
            </arr>
            <arr name="series">
                <str>{{{{START_HILITE}}}}Schiller{{{{END_HILITE}}}}, Friedrich
                    {{{{START_HILITE}}}}Schillers{{{{END_HILITE}}}} Briefwechsel mit Körner : Von 1784 bis zum Tode
                    {{{{START_HILITE}}}}Schillers{{{{END_HILITE}}}}
                </str>
            </arr>
            <arr name="allfields">
                <str>GLHBU0064358 (DE-599)GBV676295835 GBVCP ger rakwb ger
                    {{{{START_HILITE}}}}Schiller{{{{END_HILITE}}}}, Friedrich Erster Theil : 1784 -
                </str>
            </arr>
            <arr name="allfields_unstemmed">
                <str>GLHBU0064358 (DE-599)GBV676295835 GBVCP ger rakwb ger
                    {{{{START_HILITE}}}}Schiller{{{{END_HILITE}}}}, Friedrich Erster Theil : 1784
                </str>
            </arr>
            <arr name="title_full_unstemmed">
                <str>Erster Theil : 1784 - 1788 Friedrich {{{{START_HILITE}}}}Schiller{{{{END_HILITE}}}}</str>
            </arr>
            <arr name="spelling">
                <str>GLHBU0064358 (DE-599)GBV676295835 GBVCP ger rakwb ger
                    {{{{START_HILITE}}}}Schiller{{{{END_HILITE}}}}, Friedrich Erster Theil : 1784
                </str>
            </arr>
            <arr name="author">
                <str>{{{{START_HILITE}}}}Schiller{{{{END_HILITE}}}}, Friedrich</str>
            </arr>
            <arr name="title_full">
                <str>Erster Theil : 1784 - 1788 Friedrich {{{{START_HILITE}}}}Schiller{{{{END_HILITE}}}}</str>
            </arr>
        </lst>
        <lst name="583455565">
            <arr name="topic_title">
                <str>Nachlese und Variantensammlung zu {{{{START_HILITE}}}}Schillers{{{{END_HILITE}}}} Gedichten und
                    Dramen der ersten Periode bis auf Don
                </str>
            </arr>
            <arr name="series2">
                <str>Nachlese zu {{{{START_HILITE}}}}Schillers{{{{END_HILITE}}}} Werken: nebst Variantensammlung</str>
            </arr>
            <arr name="series">
                <str>{{{{START_HILITE}}}}Schiller{{{{END_HILITE}}}}, Friedrich Nachlese zu
                    {{{{START_HILITE}}}}Schillers{{{{END_HILITE}}}} Werken: nebst Variantensammlung / aus seinem Nachlaß
                    im
                </str>
            </arr>
            <arr name="title">
                <str>Nachlese und Variantensammlung zu {{{{START_HILITE}}}}Schillers{{{{END_HILITE}}}} Gedichten und
                    Dramen der ersten Periode bis auf Don
                </str>
            </arr>
            <arr name="allfields">
                <str>DBHB0047867x GBVCP ger rakwb {{{{START_HILITE}}}}Schiller{{{{END_HILITE}}}}, Friedrich von Nachlese
                    und Variantensammlung zu {{{{START_HILITE}}}}Schillers{{{{END_HILITE}}}}
                </str>
            </arr>
            <arr name="allfields_unstemmed">
                <str>DBHB0047867x GBVCP ger rakwb {{{{START_HILITE}}}}Schiller{{{{END_HILITE}}}}, Friedrich von Nachlese
                    und Variantensammlung zu Schillers
                </str>
            </arr>
            <arr name="spelling">
                <str>DBHB0047867x GBVCP ger rakwb {{{{START_HILITE}}}}Schiller{{{{END_HILITE}}}}, Friedrich von Nachlese
                    und Variantensammlung zu Schillers
                </str>
            </arr>
            <arr name="title_short">
                <str>Nachlese und Variantensammlung zu {{{{START_HILITE}}}}Schillers{{{{END_HILITE}}}} Gedichten und
                    Dramen der ersten Periode bis auf Don
                </str>
            </arr>
            <arr name="author">
                <str>{{{{START_HILITE}}}}Schiller{{{{END_HILITE}}}}, Friedrich von</str>
            </arr>
            <arr name="title_auth">
                <str>Nachlese und Variantensammlung zu {{{{START_HILITE}}}}Schillers{{{{END_HILITE}}}} Gedichten und
                    Dramen der ersten Periode bis auf Don
                </str>
            </arr>
            <arr name="title_full">
                <str>Nachlese und Variantensammlung zu {{{{START_HILITE}}}}Schillers{{{{END_HILITE}}}} Gedichten und
                    Dramen der ersten Periode bis auf Don
                </str>
            </arr>
        </lst>
        <lst name="676295886">
            <arr name="topic_title">
                <str>Dritter Theil : 1793 - 1796 Friedrich {{{{START_HILITE}}}}Schiller{{{{END_HILITE}}}}</str>
            </arr>
            <arr name="series2">
                <str>{{{{START_HILITE}}}}Schillers{{{{END_HILITE}}}} Briefwechsel mit Körner</str>
            </arr>
            <arr name="series">
                <str>{{{{START_HILITE}}}}Schiller{{{{END_HILITE}}}}, Friedrich
                    {{{{START_HILITE}}}}Schillers{{{{END_HILITE}}}} Briefwechsel mit Körner : Von 1784 bis zum Tode
                    {{{{START_HILITE}}}}Schillers{{{{END_HILITE}}}}
                </str>
            </arr>
            <arr name="allfields">
                <str>GLHBU0064360 (DE-599)GBV676295886 GBVCP ger rakwb ger
                    {{{{START_HILITE}}}}Schiller{{{{END_HILITE}}}}, Friedrich Dritter Theil : 1793 -
                </str>
            </arr>
            <arr name="allfields_unstemmed">
                <str>GLHBU0064360 (DE-599)GBV676295886 GBVCP ger rakwb ger
                    {{{{START_HILITE}}}}Schiller{{{{END_HILITE}}}}, Friedrich Dritter Theil : 1793
                </str>
            </arr>
            <arr name="title_full_unstemmed">
                <str>Dritter Theil : 1793 - 1796 Friedrich {{{{START_HILITE}}}}Schiller{{{{END_HILITE}}}}</str>
            </arr>
            <arr name="spelling">
                <str>GLHBU0064360 (DE-599)GBV676295886 GBVCP ger rakwb ger
                    {{{{START_HILITE}}}}Schiller{{{{END_HILITE}}}}, Friedrich Dritter Theil : 1793
                </str>
            </arr>
            <arr name="author">
                <str>{{{{START_HILITE}}}}Schiller{{{{END_HILITE}}}}, Friedrich</str>
            </arr>
            <arr name="title_full">
                <str>Dritter Theil : 1793 - 1796 Friedrich {{{{START_HILITE}}}}Schiller{{{{END_HILITE}}}}</str>
            </arr>
        </lst>
        <lst name="558312632">
            <arr name="topic_title">
                <str>Citaten- und Sentenzen-Register zu {{{{START_HILITE}}}}Schiller{{{{END_HILITE}}}}'s Werken 1
                    Gedichte / von {{{{START_HILITE}}}}Schiller{{{{END_HILITE}}}}
                </str>
            </arr>
            <arr name="title">
                <str>Citaten- und Sentenzen-Register zu {{{{START_HILITE}}}}Schiller{{{{END_HILITE}}}}'s Werken</str>
            </arr>
            <arr name="allfields">
                <str>(DE-599)GBV558312632 GBVCP ger rakwb ger {{{{START_HILITE}}}}Schiller{{{{END_HILITE}}}}, Friedrich
                    von Citaten- und Sentenzen-Register zu
                </str>
            </arr>
            <arr name="allfields_unstemmed">
                <str>(DE-599)GBV558312632 GBVCP ger rakwb ger {{{{START_HILITE}}}}Schiller{{{{END_HILITE}}}}, Friedrich
                    von Citaten- und Sentenzen-Register zu
                </str>
            </arr>
            <arr name="title_full_unstemmed">
                <str>Citaten- und Sentenzen-Register zu {{{{START_HILITE}}}}Schiller{{{{END_HILITE}}}}'s Werken 1
                    Gedichte / von {{{{START_HILITE}}}}Schiller{{{{END_HILITE}}}}
                </str>
            </arr>
            <arr name="spelling">
                <str>(DE-599)GBV558312632 GBVCP ger rakwb ger {{{{START_HILITE}}}}Schiller{{{{END_HILITE}}}}, Friedrich
                    von Citaten- und Sentenzen-Register zu
                </str>
            </arr>
            <arr name="title_short">
                <str>Citaten- und Sentenzen-Register zu {{{{START_HILITE}}}}Schiller{{{{END_HILITE}}}}'s Werken Gedichte
                    / von {{{{START_HILITE}}}}Schiller{{{{END_HILITE}}}}
                </str>
            </arr>
            <arr name="journal">
                <str>Citaten- und Sentenzen-Register zu {{{{START_HILITE}}}}Schiller{{{{END_HILITE}}}}'s Werken,
                    {{{{START_HILITE}}}}Schiller{{{{END_HILITE}}}}, Friedrich, von, 5. Aufl.. - Berlin
                </str>
            </arr>
            <arr name="author">
                <str>{{{{START_HILITE}}}}Schiller{{{{END_HILITE}}}}, Friedrich von</str>
            </arr>
            <arr name="title_auth">
                <str>Citaten- und Sentenzen-Register zu {{{{START_HILITE}}}}Schiller{{{{END_HILITE}}}}'s Werken</str>
            </arr>
            <arr name="source">
                <str>Citaten- und Sentenzen-Register zu {{{{START_HILITE}}}}Schiller{{{{END_HILITE}}}}'s Werken,
                    {{{{START_HILITE}}}}Schiller{{{{END_HILITE}}}}, Friedrich, von, 5. Aufl.. - Berlin
                </str>
            </arr>
            <arr name="title_full">
                <str>Citaten- und Sentenzen-Register zu {{{{START_HILITE}}}}Schiller{{{{END_HILITE}}}}'s Werken 1
                    Gedichte / von {{{{START_HILITE}}}}Schiller{{{{END_HILITE}}}}
                </str>
            </arr>
        </lst>
        <lst name="448572362">
            <arr name="topic_title">
                <str>(DE-601)448167662 Treurspelen von F[riedrich von] {{{{START_HILITE}}}}Schiller{{{{END_HILITE}}}}
                    {{{{START_HILITE}}}}Schiller{{{{END_HILITE}}}} 1807 1 2000
                </str>
            </arr>
            <arr name="series2">
                <str>Treurspelen von F[riedrich von] {{{{START_HILITE}}}}Schiller{{{{END_HILITE}}}}</str>
            </arr>
            <arr name="abstract_unstemmed">
                <str>[Sondert.: 1] Maria Stuart, Van F. {{{{START_HILITE}}}}Schiller{{{{END_HILITE}}}}</str>
            </arr>
            <arr name="series">
                <str>Treurspelen von F[riedrich von] {{{{START_HILITE}}}}Schiller{{{{END_HILITE}}}}
                    {{{{START_HILITE}}}}Schiller{{{{END_HILITE}}}} 1807
                </str>
            </arr>
            <arr name="allfields">
                <str>SBRT3616105 GBVCP ger rakwb 1 Treurspelen von F[riedrich von]
                    {{{{START_HILITE}}}}Schiller{{{{END_HILITE}}}} 1 [Sondert.: 1] Maria Stuart
                </str>
            </arr>
            <arr name="author2">
                <str>{{{{START_HILITE}}}}Schiller{{{{END_HILITE}}}}, Friedrich von</str>
            </arr>
            <arr name="allfields_unstemmed">
                <str>SBRT3616105 GBVCP ger rakwb 1 Treurspelen von F[riedrich von]
                    {{{{START_HILITE}}}}Schiller{{{{END_HILITE}}}} 1 [Sondert.: 1] Maria Stuart
                </str>
            </arr>
            <arr name="spelling">
                <str>SBRT3616105 GBVCP ger rakwb 1 Treurspelen von F[riedrich von]
                    {{{{START_HILITE}}}}Schiller{{{{END_HILITE}}}} 1 [Sondert.: 1] Maria Stuart
                </str>
            </arr>
            <arr name="abstract">
                <str>[Sondert.: 1] Maria Stuart, Van F. {{{{START_HILITE}}}}Schiller{{{{END_HILITE}}}}</str>
            </arr>
        </lst>
        <lst name="486366480">
            <arr name="topic_title">
                <str>Aus {{{{START_HILITE}}}}Schillers{{{{END_HILITE}}}} Werken 1 Alphabetisches Inhalts-Verzeichnis von
                    {{{{START_HILITE}}}}Schillers{{{{END_HILITE}}}} sämmtlichen Werken
                </str>
            </arr>
            <arr name="title">
                <str>Aus {{{{START_HILITE}}}}Schillers{{{{END_HILITE}}}} Werken</str>
            </arr>
            <arr name="allfields">
                <str>GBVCP ger rakwb Aus {{{{START_HILITE}}}}Schillers{{{{END_HILITE}}}} Werken 1 Alphabetisches
                    Inhalts-Verzeichnis von {{{{START_HILITE}}}}Schillers{{{{END_HILITE}}}}
                </str>
            </arr>
            <arr name="allfields_unstemmed">
                <str>deutschen Jugend zum 100jährigen Geburtstage {{{{START_HILITE}}}}Schiller{{{{END_HILITE}}}}'s am
                    10. Nov. 1859 gewidmet, {{{{START_HILITE}}}}Schiller{{{{END_HILITE}}}}, Friedrich von
                </str>
            </arr>
            <arr name="spelling">
                <str>deutschen Jugend zum 100jährigen Geburtstage {{{{START_HILITE}}}}Schiller{{{{END_HILITE}}}}'s am
                    10. Nov. 1859 gewidmet, {{{{START_HILITE}}}}Schiller{{{{END_HILITE}}}}, Friedrich von
                </str>
            </arr>
            <arr name="title_short">
                <str>Aus {{{{START_HILITE}}}}Schillers{{{{END_HILITE}}}} Werken Alphabetisches Inhalts-Verzeichnis von
                    {{{{START_HILITE}}}}Schillers{{{{END_HILITE}}}} sämmtlichen Werken
                </str>
            </arr>
            <arr name="journal">
                <str>Aus {{{{START_HILITE}}}}Schillers{{{{END_HILITE}}}} Werken, Gedenkbuch der deutschen Jugend zum
                    100jährigen Geburtstage {{{{START_HILITE}}}}Schiller{{{{END_HILITE}}}}'s am 10
                </str>
            </arr>
            <arr name="title_auth">
                <str>Aus {{{{START_HILITE}}}}Schillers{{{{END_HILITE}}}} Werken</str>
            </arr>
            <arr name="source">
                <str>Aus {{{{START_HILITE}}}}Schillers{{{{END_HILITE}}}} Werken, Gedenkbuch der deutschen Jugend zum
                    100jährigen Geburtstage {{{{START_HILITE}}}}Schiller{{{{END_HILITE}}}}'s am 10
                </str>
            </arr>
            <arr name="title_full">
                <str>Aus {{{{START_HILITE}}}}Schillers{{{{END_HILITE}}}} Werken 1 Alphabetisches Inhalts-Verzeichnis von
                    {{{{START_HILITE}}}}Schillers{{{{END_HILITE}}}} sämmtlichen Werken
                </str>
            </arr>
        </lst>
        <lst name="448569574">
            <arr name="topic_title">
                <str>(DE-601)448166518 {{{{START_HILITE}}}}Schillers{{{{END_HILITE}}}} Werke
                    {{{{START_HILITE}}}}Schiller{{{{END_HILITE}}}} 5 5000
                </str>
            </arr>
            <arr name="series2">
                <str>{{{{START_HILITE}}}}Schillers{{{{END_HILITE}}}} Werke</str>
            </arr>
            <arr name="series">
                <str>{{{{START_HILITE}}}}Schillers{{{{END_HILITE}}}} Werke
                    {{{{START_HILITE}}}}Schiller{{{{END_HILITE}}}}
                </str>
            </arr>
            <arr name="allfields">
                <str>SBRT3615826 GBVCP ger rakwb Wallenstein {{{{START_HILITE}}}}Schillers{{{{END_HILITE}}}} Werke 5
                    (DE-601)448166518 {{{{START_HILITE}}}}Schillers{{{{END_HILITE}}}} Werke
                </str>
            </arr>
            <arr name="allfields_unstemmed">
                <str>{{{{START_HILITE}}}}Schiller{{{{END_HILITE}}}} 5 5000 GBV SYSFLAG_1 GBV_GVK GBV_ILN_11 BO 11 01
                    435523775 0 Yc 9160/10 d 0001 r
                </str>
            </arr>
            <arr name="spelling">
                <str>{{{{START_HILITE}}}}Schiller{{{{END_HILITE}}}} 5 5000 GBV SYSFLAG_1 GBV_GVK GBV_ILN_11 BO 11 01
                    435523775 0 Yc 9160/10 d 0001 r
                </str>
            </arr>
        </lst>
        <lst name="437936902">
            <arr name="topic_title">
                <str>(DE-601)437569500 {{{{START_HILITE}}}}Schiller{{{{END_HILITE}}}}'s Werke
                    {{{{START_HILITE}}}}Schiller{{{{END_HILITE}}}} 4 4000
                </str>
            </arr>
            <arr name="series2">
                <str>{{{{START_HILITE}}}}Schiller{{{{END_HILITE}}}}'s Werke</str>
            </arr>
            <arr name="series">
                <str>{{{{START_HILITE}}}}Schiller{{{{END_HILITE}}}}'s Werke
                    {{{{START_HILITE}}}}Schiller{{{{END_HILITE}}}}
                </str>
            </arr>
            <arr name="allfields">
                <str>SBRT543886 GBVCP ger rakwb Wallenstein {{{{START_HILITE}}}}Schiller{{{{END_HILITE}}}}'s Werke 4
                    (DE-601)437569500 {{{{START_HILITE}}}}Schiller{{{{END_HILITE}}}}'s Werke
                </str>
            </arr>
            <arr name="allfields_unstemmed">
                <str>SBRT543886 GBVCP ger rakwb Wallenstein {{{{START_HILITE}}}}Schiller{{{{END_HILITE}}}}'s Werke 4
                    (DE-601)437569500 {{{{START_HILITE}}}}Schiller{{{{END_HILITE}}}}'s Werke
                </str>
            </arr>
            <arr name="spelling">
                <str>SBRT543886 GBVCP ger rakwb Wallenstein {{{{START_HILITE}}}}Schiller{{{{END_HILITE}}}}'s Werke 4
                    (DE-601)437569500 {{{{START_HILITE}}}}Schiller{{{{END_HILITE}}}}'s Werke
                </str>
            </arr>
        </lst>
        <lst name="437936910">
            <arr name="topic_title">
                <str>(DE-601)437569500 {{{{START_HILITE}}}}Schiller{{{{END_HILITE}}}}'s Werke
                    {{{{START_HILITE}}}}Schiller{{{{END_HILITE}}}} 5 5000
                </str>
            </arr>
            <arr name="series2">
                <str>{{{{START_HILITE}}}}Schiller{{{{END_HILITE}}}}'s Werke</str>
            </arr>
            <arr name="series">
                <str>{{{{START_HILITE}}}}Schiller{{{{END_HILITE}}}}'s Werke
                    {{{{START_HILITE}}}}Schiller{{{{END_HILITE}}}}
                </str>
            </arr>
            <arr name="allfields">
                <str>SBRT543887 GBVCP ger rakwb Maria Stuart {{{{START_HILITE}}}}Schiller{{{{END_HILITE}}}}'s Werke 5
                    (DE-601)437569500 {{{{START_HILITE}}}}Schiller{{{{END_HILITE}}}}'s Werke
                </str>
            </arr>
            <arr name="allfields_unstemmed">
                <str>SBRT543887 GBVCP ger rakwb Maria Stuart {{{{START_HILITE}}}}Schiller{{{{END_HILITE}}}}'s Werke 5
                    (DE-601)437569500 {{{{START_HILITE}}}}Schiller{{{{END_HILITE}}}}'s Werke
                </str>
            </arr>
            <arr name="spelling">
                <str>SBRT543887 GBVCP ger rakwb Maria Stuart {{{{START_HILITE}}}}Schiller{{{{END_HILITE}}}}'s Werke 5
                    (DE-601)437569500 {{{{START_HILITE}}}}Schiller{{{{END_HILITE}}}}'s Werke
                </str>
            </arr>
        </lst>
        <lst name="437936988">
            <arr name="topic_title">
                <str>(DE-601)437569500 {{{{START_HILITE}}}}Schiller{{{{END_HILITE}}}}'s Werke
                    {{{{START_HILITE}}}}Schiller{{{{END_HILITE}}}} 16 12000
                </str>
            </arr>
            <arr name="series2">
                <str>{{{{START_HILITE}}}}Schiller{{{{END_HILITE}}}}'s Werke</str>
            </arr>
            <arr name="series">
                <str>{{{{START_HILITE}}}}Schiller{{{{END_HILITE}}}}'s Werke
                    {{{{START_HILITE}}}}Schiller{{{{END_HILITE}}}}
                </str>
            </arr>
            <arr name="allfields">
                <str>SBRT543894 GBVCP ger rakwb Dramatische Entwürfe {{{{START_HILITE}}}}Schiller{{{{END_HILITE}}}}'s
                    Werke 16 (DE-601)437569500 {{{{START_HILITE}}}}Schiller{{{{END_HILITE}}}}
                </str>
            </arr>
            <arr name="allfields_unstemmed">
                <str>SBRT543894 GBVCP ger rakwb Dramatische Entwürfe {{{{START_HILITE}}}}Schiller{{{{END_HILITE}}}}'s
                    Werke 16 (DE-601)437569500 {{{{START_HILITE}}}}Schiller{{{{END_HILITE}}}}
                </str>
            </arr>
            <arr name="spelling">
                <str>SBRT543894 GBVCP ger rakwb Dramatische Entwürfe {{{{START_HILITE}}}}Schiller{{{{END_HILITE}}}}'s
                    Werke 16 (DE-601)437569500 {{{{START_HILITE}}}}Schiller{{{{END_HILITE}}}}
                </str>
            </arr>
        </lst>
        <lst name="483112070">
            <arr name="topic_title">
                <str>Friedrich {{{{START_HILITE}}}}Schiller{{{{END_HILITE}}}} 1 Der Dichter Friedrich
                    {{{{START_HILITE}}}}Schiller{{{{END_HILITE}}}} / Gerhard Storz
                </str>
            </arr>
            <arr name="title">
                <str>Friedrich {{{{START_HILITE}}}}Schiller{{{{END_HILITE}}}}</str>
            </arr>
            <arr name="allfields">
                <str>GBVCP ger rakwb ita Storz, Gerhard Friedrich {{{{START_HILITE}}}}Schiller{{{{END_HILITE}}}} 1 Der
                    Dichter Friedrich {{{{START_HILITE}}}}Schiller{{{{END_HILITE}}}} / Gerhard
                </str>
            </arr>
            <arr name="allfields_unstemmed">
                <str>GBVCP ger rakwb ita Storz, Gerhard Friedrich {{{{START_HILITE}}}}Schiller{{{{END_HILITE}}}} 1 Der
                    Dichter Friedrich {{{{START_HILITE}}}}Schiller{{{{END_HILITE}}}} / Gerhard
                </str>
            </arr>
            <arr name="title_full_unstemmed">
                <str>Friedrich {{{{START_HILITE}}}}Schiller{{{{END_HILITE}}}} 1 Der Dichter Friedrich
                    {{{{START_HILITE}}}}Schiller{{{{END_HILITE}}}} / Gerhard Storz
                </str>
            </arr>
            <arr name="spelling">
                <str>GBVCP ger rakwb ita Storz, Gerhard Friedrich {{{{START_HILITE}}}}Schiller{{{{END_HILITE}}}} 1 Der
                    Dichter Friedrich {{{{START_HILITE}}}}Schiller{{{{END_HILITE}}}} / Gerhard
                </str>
            </arr>
            <arr name="title_short">
                <str>Friedrich {{{{START_HILITE}}}}Schiller{{{{END_HILITE}}}} Der Dichter Friedrich
                    {{{{START_HILITE}}}}Schiller{{{{END_HILITE}}}} / Gerhard Storz
                </str>
            </arr>
            <arr name="journal">
                <str>Friedrich {{{{START_HILITE}}}}Schiller{{{{END_HILITE}}}}, Wiese, Benno, 1960</str>
            </arr>
            <arr name="title_auth">
                <str>Friedrich {{{{START_HILITE}}}}Schiller{{{{END_HILITE}}}}</str>
            </arr>
            <arr name="source">
                <str>Friedrich {{{{START_HILITE}}}}Schiller{{{{END_HILITE}}}}, Wiese, Benno, 1960</str>
            </arr>
            <arr name="title_full">
                <str>Friedrich {{{{START_HILITE}}}}Schiller{{{{END_HILITE}}}} 1 Der Dichter Friedrich
                    {{{{START_HILITE}}}}Schiller{{{{END_HILITE}}}} / Gerhard Storz
                </str>
            </arr>
        </lst>
        <lst name="448567512">
            <arr name="topic_title">
                <str>(DE-601)448166186 {{{{START_HILITE}}}}Schiller{{{{END_HILITE}}}}'s Werke
                    {{{{START_HILITE}}}}Schiller{{{{END_HILITE}}}} 10 10000
                </str>
            </arr>
            <arr name="series2">
                <str>{{{{START_HILITE}}}}Schiller{{{{END_HILITE}}}}'s Werke</str>
            </arr>
            <arr name="series">
                <str>{{{{START_HILITE}}}}Schiller{{{{END_HILITE}}}}'s Werke
                    {{{{START_HILITE}}}}Schiller{{{{END_HILITE}}}}
                </str>
            </arr>
            <arr name="allfields">
                <str>SBRT3615620 GBVCP ger rakwb 10 {{{{START_HILITE}}}}Schiller{{{{END_HILITE}}}}'s Werke 10
                    (DE-601)448166186 {{{{START_HILITE}}}}Schiller{{{{END_HILITE}}}}'s Werke
                    {{{{START_HILITE}}}}Schiller{{{{END_HILITE}}}} 10
                </str>
            </arr>
            <arr name="allfields_unstemmed">
                <str>SBRT3615620 GBVCP ger rakwb 10 {{{{START_HILITE}}}}Schiller{{{{END_HILITE}}}}'s Werke 10
                    (DE-601)448166186 {{{{START_HILITE}}}}Schiller{{{{END_HILITE}}}}'s Werke
                    {{{{START_HILITE}}}}Schiller{{{{END_HILITE}}}} 10
                </str>
            </arr>
            <arr name="spelling">
                <str>SBRT3615620 GBVCP ger rakwb 10 {{{{START_HILITE}}}}Schiller{{{{END_HILITE}}}}'s Werke 10
                    (DE-601)448166186 {{{{START_HILITE}}}}Schiller{{{{END_HILITE}}}}'s Werke
                    {{{{START_HILITE}}}}Schiller{{{{END_HILITE}}}} 10
                </str>
            </arr>
        </lst>
    </lst>
</response>