<?xml version="1.0" encoding="UTF-8"?>
<response>

<lst name="responseHeader">
  <int name="status">0</int>
  <int name="QTime">0</int>
  <lst name="params">
    <str name="indent">on</str>
    <str name="start">0</str>
    <str name="q">shakespeare</str>
    <str name="version">2.2</str>
    <str name="rows">10</str>
  </lst>
</lst>
<result name="response" numFound="23121" start="0">
  <doc>
    <str name="access_facet">Local Holdings</str>
    <date name="attached_de15">2011-09-06T14:38:10Z</date>
    <str name="authorized_mode">true</str>
    <arr name="branch_de105"><str>not assigned</str></arr>
    <arr name="branch_de15"><str>Bibliotheca Albertina</str></arr>
    <arr name="branch_de520"><str>not assigned</str></arr>
    <arr name="branch_dech1"><str>Campusbibliothek I</str></arr>
    <arr name="branch_dezi4"><str>not assigned</str></arr>
    <arr name="branch_dezwi2"><str>not assigned</str></arr>
    <arr name="collcode_de520"><str>not assigned</str></arr>
    <arr name="collcode_dech1"><str>Magazin</str></arr>
    <arr name="dewey-full"><str>not assigned</str></arr>
    <arr name="dewey-hundreds"><str>not assigned</str></arr>
    <arr name="dewey-ones"><str>not assigned</str></arr>
    <str name="dewey-sort">not assigned</str>
    <arr name="dewey-tens"><str>not assigned</str></arr>
    <arr name="finc_class_facet"><str>no subject assigned</str></arr>
    <arr name="format"><str>Serial</str></arr>
    <arr name="format_de105"><str>not assigned</str></arr>
    <arr name="format_de15"><str>Journal, E-Journal</str></arr>
    <arr name="format_de520"><str>not assigned</str></arr>
    <arr name="format_de540"><str>Journal, E-Journal</str></arr>
    <arr name="format_dech1"><str>Buch</str></arr>
    <arr name="format_ded117"><str>Journal, E-Journal</str></arr>
    <arr name="format_del152"><str>not assigned</str></arr>
    <arr name="format_del189"><str>Serial</str></arr>
    <arr name="format_dezi4"><str>not assigned</str></arr>
    <arr name="format_dezwi2"><str>not assigned</str></arr>
    <str name="fullrecord">00718cas a2200265   4500001001100000003000700011005001700018007000300035008004100038016002100079035002500100040003100125041000800156046001700164245002500181260002200206935001000228983002300238971000700261983001900268969000700287852005600294852005700350980004500407#30;0000341708#30;DE-576#30;20110906143810.0#30;tu#30;850101c18uuuuuuxx    m            0eng c#30;  #31;a(OCoLC)309951569#30;  #31;a(DE-599)BSZ00024905X#30;  #31;aDE-576#31;bger#31;cDE-576#31;erakwb#30;0 #31;aeng#30;  #31;ja19b#31;2DE-576#30;10#31;aShakespeare reprints#30;  #31;aMarburg :#31;bElwert#30;  #31;bdruck#30;  #31;a(DE-Ch1)1000274588#30;  #31;cMB#30;  #31;a(DE-15)2653806#30;  #31;cSE#30;  #31;aDE-15#31;x689003307:201403061834#31;z2011-09-06T14:38:10Z#30;  #31;aDE-Ch1#31;x705424464:201403061834#31;z2012-02-29T15:07:35Z#30;  #31;a00024905X#31;b0#31;c201403061834#31;d201403160239#30;#29;</str>
    <arr name="geogr_code"><str>not assigned</str></arr>
    <arr name="geogr_code_person"><str>not assigned</str></arr>
    <str name="id">0000341708</str>
    <str name="illustrated">Illustrated</str>
    <str name="imprint">Marburg : Elwert</str>
    <arr name="institution"><str>DE-15</str><str>DE-Ch1</str></arr>
    <str name="itemdata">{}</str>
    <arr name="language"><str>English</str></arr>
    <arr name="mega_collection"><str>Verbunddaten SWB</str></arr>
    <arr name="misc_del152"><str/></arr>
    <str name="mrc0007">s</str>
    <str name="multipart_set"> </str>
    <arr name="oclc_num"><long>309951569</long></arr>
    <str name="publishDateSort">1891</str>
    <arr name="publishPlace"><str>Marburg :</str></arr>
    <arr name="publisher"><str>Elwert</str></arr>
    <str name="record_id">00024905X</str>
    <str name="recordtype">marc</str>
    <arr name="rsn"><str>(DE-Ch1)1000274588</str><str>(DE-15)2653806</str></arr>
    <arr name="rvk_facet"><str>No subject assigned</str></arr>
    <str name="source_id">0</str>
    <str name="spelling">Shakespeare reprints Marburg : Elwert</str>
    <arr name="spellingShingle"><str>Shakespeare reprints</str></arr>
    <arr name="timecode"><str>1851 â€“ 1900</str></arr>
    <str name="title">Shakespeare reprints</str>
    <str name="title_full">Shakespeare reprints</str>
    <str name="title_fullStr">Shakespeare reprints</str>
    <str name="title_full_unstemmed">Shakespeare reprints</str>
    <str name="title_short">Shakespeare reprints</str>
    <str name="title_sort">shakespeare reprints</str>
    <arr name="topic_facet"><str>not assigned</str></arr>
    <arr name="udk_facet_de105"><str>not assigned</str></arr>
    <arr name="udk_raw_de105"><str>not assigned</str></arr>
    <arr name="udk_raw_del189"><str>not assigned</str></arr>
  </doc>
  <doc>
    <str name="access_facet">Local Holdings</str>
    <str name="authorized_mode">true</str>
    <arr name="branch_de105"><str>not assigned</str></arr>
    <arr name="branch_de15"><str>Bibliotheca Albertina</str></arr>
    <arr name="branch_de520"><str>not assigned</str></arr>
    <arr name="branch_dech1"><str>not assigned</str></arr>
    <arr name="branch_dezi4"><str>not assigned</str></arr>
    <arr name="branch_dezwi2"><str>not assigned</str></arr>
    <arr name="collcode_de520"><str>not assigned</str></arr>
    <arr name="collcode_dech1"><str>not assigned</str></arr>
    <arr name="dewey-full"><str>not assigned</str></arr>
    <arr name="dewey-hundreds"><str>not assigned</str></arr>
    <arr name="dewey-ones"><str>not assigned</str></arr>
    <str name="dewey-sort">not assigned</str>
    <arr name="dewey-tens"><str>not assigned</str></arr>
    <arr name="finc_class_facet"><str>no subject assigned</str></arr>
    <arr name="format"><str>Serial</str></arr>
    <arr name="format_de105"><str>not assigned</str></arr>
    <arr name="format_de15"><str>Journal, E-Journal</str></arr>
    <arr name="format_de520"><str>not assigned</str></arr>
    <arr name="format_de540"><str>Journal, E-Journal</str></arr>
    <arr name="format_dech1"><str>not assigned</str></arr>
    <arr name="format_ded117"><str>Journal, E-Journal</str></arr>
    <arr name="format_del152"><str>not assigned</str></arr>
    <arr name="format_del189"><str>Serial</str></arr>
    <arr name="format_dezi4"><str>not assigned</str></arr>
    <arr name="format_dezwi2"><str>not assigned</str></arr>
    <str name="fullrecord">00623cas a2200217   4500001001100000003000700011005001700018007000300035008004100038016002100079035002500100040003100125245002600156260003000182935001000212983001900222969000700241852005600248852005600304980004500360#30;0000334307#30;DE-576#30;20110326182242.0#30;tu#30;890322c19uuuuuuxx    m            0    c#30;  #31;a(OCoLC)310856041#30;  #31;a(DE-599)BSZ017397553#30;  #31;aDE-576#31;bger#31;cDE-576#31;erakwb#30;10#31;aShakespeare-Schriften#30;  #31;aDortmund :#31;bSchwalvenberg#30;  #31;bdruck#30;  #31;a(DE-15)2588730#30;  #31;cSE#30;  #31;aDE-14#31;x508079055:201403061620#31;z2014-03-15T18:36:03Z#30;  #31;aDE-15#31;x685694976:201403061620#31;z2011-08-01T08:25:33Z#30;  #31;a017397553#31;b0#31;c201403061620#31;d201403151836#30;#29;</str>
    <arr name="geogr_code"><str>not assigned</str></arr>
    <arr name="geogr_code_person"><str>not assigned</str></arr>
    <str name="id">0000334307</str>
    <str name="illustrated">Illustrated</str>
    <str name="imprint">Dortmund : Schwalvenberg</str>
    <arr name="institution"><str>DE-14</str><str>DE-15</str></arr>
    <str name="itemdata">{}</str>
    <arr name="language"><str>not assigned</str></arr>
    <arr name="mega_collection"><str>Verbunddaten SWB</str></arr>
    <arr name="misc_del152"><str/></arr>
    <str name="mrc0007">s</str>
    <str name="multipart_set"> </str>
    <arr name="oclc_num"><long>310856041</long></arr>
    <str name="publishDateSort">1948</str>
    <arr name="publishPlace"><str>Dortmund :</str></arr>
    <arr name="publisher"><str>Schwalvenberg</str></arr>
    <str name="record_id">017397553</str>
    <str name="recordtype">marc</str>
    <arr name="rsn"><str>(DE-15)2588730</str></arr>
    <arr name="rvk_facet"><str>No subject assigned</str></arr>
    <str name="source_id">0</str>
    <str name="spelling">Shakespeare-Schriften Dortmund : Schwalvenberg</str>
    <arr name="spellingShingle"><str>Shakespeare-Schriften</str></arr>
    <str name="title">Shakespeare-Schriften</str>
    <str name="title_full">Shakespeare-Schriften</str>
    <str name="title_fullStr">Shakespeare-Schriften</str>
    <str name="title_full_unstemmed">Shakespeare-Schriften</str>
    <str name="title_short">Shakespeare-Schriften</str>
    <str name="title_sort">shakespeare-schriften</str>
    <arr name="topic_facet"><str>not assigned</str></arr>
    <arr name="udk_facet_de105"><str>not assigned</str></arr>
    <arr name="udk_raw_de105"><str>not assigned</str></arr>
    <arr name="udk_raw_del189"><str>not assigned</str></arr>
  </doc>
  <doc>
    <str name="access_facet">Local Holdings</str>
    <str name="authorized_mode">true</str>
    <arr name="branch_de105"><str>not assigned</str></arr>
    <arr name="branch_de15"><str>not assigned</str></arr>
    <arr name="branch_de520"><str>not assigned</str></arr>
    <arr name="branch_dech1"><str>not assigned</str></arr>
    <arr name="branch_dezi4"><str>not assigned</str></arr>
    <arr name="branch_dezwi2"><str>not assigned</str></arr>
    <arr name="collcode_de520"><str>not assigned</str></arr>
    <arr name="collcode_dech1"><str>not assigned</str></arr>
    <arr name="dewey-full"><str>822.33</str></arr>
    <arr name="dewey-hundreds"><str>800 - Literature</str></arr>
    <arr name="dewey-ones"><str>822 - English drama</str></arr>
    <str name="dewey-raw">822.33</str>
    <str name="dewey-sort">822.33000000</str>
    <arr name="dewey-tens"><str>820 - English &amp; Old English literatures</str></arr>
    <arr name="finc_class_facet"><str>Anglistik, Amerikanistik</str></arr>
    <arr name="format"><str>Serial</str></arr>
    <arr name="format_de105"><str>not assigned</str></arr>
    <arr name="format_de15"><str>Journal, E-Journal</str></arr>
    <arr name="format_de520"><str>not assigned</str></arr>
    <arr name="format_de540"><str>Journal, E-Journal</str></arr>
    <arr name="format_dech1"><str>not assigned</str></arr>
    <arr name="format_ded117"><str>Journal, E-Journal</str></arr>
    <arr name="format_del152"><str>not assigned</str></arr>
    <arr name="format_del189"><str>Serial</str></arr>
    <arr name="format_dezi4"><str>not assigned</str></arr>
    <arr name="format_dezwi2"><str>not assigned</str></arr>
    <str name="fullrecord">00525cas a22002052  4500001001100000003000700011005001700018007000300035008004100038016002000079035002500099040003100124041000800155082001100163245002300174260001100197935001000208852005600218980004500274#30;0006460051#30;DE-576#30;20100701231102.0#30;tu#30;060313c19uuuuuuxx    m            0eng c#30;  #31;a(OCoLC)01765436#30;  #31;a(DE-599)BSZ251847675#30;  #31;aDE-576#31;bger#31;cDE-576#31;erakwb#30;0 #31;aeng#30;0 #31;a822.33#30;10#31;aShakespeare survey#30;  #31;aLondon#30;  #31;bdruck#30;  #31;aDE-14#31;x504528254:201403052218#31;z2014-03-15T22:30:24Z#30;  #31;a251847675#31;b0#31;c201403052218#31;d201403152230#30;#29;</str>
    <arr name="geogr_code"><str>not assigned</str></arr>
    <arr name="geogr_code_person"><str>not assigned</str></arr>
    <str name="id">0006460051</str>
    <str name="illustrated">Illustrated</str>
    <str name="imprint">London</str>
    <arr name="institution"><str>DE-14</str></arr>
    <str name="itemdata">{}</str>
    <arr name="language"><str>English</str></arr>
    <arr name="mega_collection"><str>Verbunddaten SWB</str></arr>
    <arr name="misc_del152"><str/></arr>
    <str name="mrc0007">s</str>
    <str name="multipart_set"> </str>
    <arr name="oclc_num"><long>1765436</long></arr>
    <str name="publishDateSort">1925</str>
    <arr name="publishPlace"><str>London</str></arr>
    <str name="record_id">251847675</str>
    <str name="recordtype">marc</str>
    <arr name="rvk_facet"><str>No subject assigned</str></arr>
    <str name="source_id">0</str>
    <str name="spelling">Shakespeare survey London</str>
    <arr name="spellingShingle"><str>Shakespeare survey</str></arr>
    <str name="title">Shakespeare survey</str>
    <str name="title_full">Shakespeare survey</str>
    <str name="title_fullStr">Shakespeare survey</str>
    <str name="title_full_unstemmed">Shakespeare survey</str>
    <str name="title_short">Shakespeare survey</str>
    <str name="title_sort">shakespeare survey</str>
    <arr name="topic_facet"><str>not assigned</str></arr>
    <arr name="udk_facet_de105"><str>not assigned</str></arr>
    <arr name="udk_raw_de105"><str>not assigned</str></arr>
    <arr name="udk_raw_del189"><str>not assigned</str></arr>
  </doc>
  <doc>
    <str name="access_facet">Local Holdings</str>
    <str name="authorized_mode">true</str>
    <arr name="branch_de105"><str>not assigned</str></arr>
    <arr name="branch_de15"><str>not assigned</str></arr>
    <arr name="branch_de520"><str>not assigned</str></arr>
    <arr name="branch_dech1"><str>not assigned</str></arr>
    <arr name="branch_dezi4"><str>not assigned</str></arr>
    <arr name="branch_dezwi2"><str>not assigned</str></arr>
    <arr name="collcode_de520"><str>not assigned</str></arr>
    <arr name="collcode_dech1"><str>not assigned</str></arr>
    <arr name="dewey-full"><str>not assigned</str></arr>
    <arr name="dewey-hundreds"><str>not assigned</str></arr>
    <arr name="dewey-ones"><str>not assigned</str></arr>
    <str name="dewey-sort">not assigned</str>
    <arr name="dewey-tens"><str>not assigned</str></arr>
    <arr name="finc_class_facet"><str>no subject assigned</str></arr>
    <arr name="format"><str>Book</str></arr>
    <arr name="format_de105"><str>not assigned</str></arr>
    <arr name="format_de15"><str>Book, E-Book</str></arr>
    <arr name="format_de520"><str>not assigned</str></arr>
    <arr name="format_de540"><str>Book, E-Book</str></arr>
    <arr name="format_dech1"><str>not assigned</str></arr>
    <arr name="format_ded117"><str>Book, E-Book</str></arr>
    <arr name="format_del152"><str>not assigned</str></arr>
    <arr name="format_del189"><str>Book</str></arr>
    <arr name="format_dezi4"><str>not assigned</str></arr>
    <arr name="format_dezwi2"><str>not assigned</str></arr>
    <str name="fullrecord">00681cam a2200217  a4500001001100000003000700011005001700018007000300035008004100038035002500079040003100104041000800135041001000143245007300153246004600226246004600272260003300318935001000351852005700361980004500418#30;0005673271#30;DE-576#30;19940302000000.0#30;tu#30;850101n19uuuuuuxx             00 0 eng c#30;  #31;a(DE-599)BSZ005873355#30;  #31;aDE-576#31;bger#31;cDE-576#31;erakwb#30;0 #31;aeng#30;07#31;aengl.#30;10#31;aShakespeare burlesques#31;b = Nineteenth-century Shakespeare burlesques#30;11#31;aNineteenth-century Shakespeare burlesques#30;3 #31;aNineteenth-century Shakespeare burlesques#30;  #31;aLondon :#31;bDiploma Pr.,#31;c19XX#30;  #31;bdruck#30;  #31;aDE-291#31;x045444706:201302071200#31;z2004-12-20T00:00:00Z#30;  #31;a005873355#31;b0#31;c201302071200#31;d201402071607#30;#29;</str>
    <arr name="geogr_code"><str>not assigned</str></arr>
    <arr name="geogr_code_person"><str>not assigned</str></arr>
    <str name="id">0005673271</str>
    <str name="illustrated">Not Illustrated</str>
    <str name="imprint">London : Diploma Pr., 19XX</str>
    <arr name="institution"><str>DE-291</str></arr>
    <str name="itemdata">{}</str>
    <arr name="language"><str>English</str></arr>
    <arr name="mega_collection"><str>Verbunddaten SWB</str></arr>
    <arr name="misc_del152"><str/></arr>
    <str name="mrc0007">m</str>
    <str name="multipart_set">a</str>
    <arr name="publishDate"><str>19XX</str></arr>
    <str name="publishDateSort">1977</str>
    <arr name="publishPlace"><str>London :</str></arr>
    <arr name="publisher"><str>Diploma Pr.,</str></arr>
    <str name="record_id">005873355</str>
    <str name="recordtype">marc</str>
    <arr name="rvk_facet"><str>No subject assigned</str></arr>
    <str name="source_id">0</str>
    <str name="spelling">Shakespeare burlesques  = Nineteenth-century Shakespeare burlesques Nineteenth-century Shakespeare burlesques Nineteenth-century Shakespeare burlesques London : Diploma Pr., 19XX</str>
    <arr name="spellingShingle"><str>Shakespeare burlesques = Nineteenth-century Shakespeare burlesques</str></arr>
    <str name="title">Shakespeare burlesques = Nineteenth-century Shakespeare burlesques</str>
    <arr name="title_alt"><str>Nineteenth-century Shakespeare burlesques</str></arr>
    <str name="title_full">Shakespeare burlesques = Nineteenth-century Shakespeare burlesques</str>
    <str name="title_fullStr">Shakespeare burlesques = Nineteenth-century Shakespeare burlesques</str>
    <str name="title_full_unstemmed">Shakespeare burlesques = Nineteenth-century Shakespeare burlesques</str>
    <str name="title_short">Shakespeare burlesques</str>
    <str name="title_sort">shakespeare burlesques = nineteenth-century shakespeare burlesques</str>
    <str name="title_sub">= Nineteenth-century Shakespeare burlesques</str>
    <arr name="topic_facet"><str>not assigned</str></arr>
    <arr name="udk_facet_de105"><str>not assigned</str></arr>
    <arr name="udk_raw_de105"><str>not assigned</str></arr>
    <arr name="udk_raw_del189"><str>not assigned</str></arr>
  </doc>
  <doc>
    <str name="access_facet">Local Holdings</str>
    <str name="authorized_mode">true</str>
    <arr name="branch_de105"><str>not assigned</str></arr>
    <arr name="branch_de15"><str>not assigned</str></arr>
    <arr name="branch_de520"><str>not assigned</str></arr>
    <arr name="branch_dech1"><str>not assigned</str></arr>
    <arr name="branch_dezi4"><str>not assigned</str></arr>
    <arr name="branch_dezwi2"><str>not assigned</str></arr>
    <arr name="collcode_de520"><str>not assigned</str></arr>
    <arr name="collcode_dech1"><str>not assigned</str></arr>
    <arr name="dateSpan"><str>1910 nachgewiesen</str></arr>
    <arr name="dewey-full"><str>050</str><str>800</str></arr>
    <arr name="dewey-hundreds"><str>000 - Computer science, information &amp; general works</str><str>800 - Literature</str></arr>
    <arr name="dewey-ones"><str>050 - General serial publications</str><str>800 - Literature &amp; rhetoric</str></arr>
    <str name="dewey-raw">050</str>
    <str name="dewey-sort">050.00000000</str>
    <arr name="dewey-tens"><str>050 - Magazines, journals &amp; serials</str><str>800 - Literature, rhetoric &amp; criticism</str></arr>
    <arr name="finc_class_facet"><str>Allgemeines</str><str>Allgemeine und vergleichende Sprach- und Literaturwissenschaft, Indogermanistik, AuÃŸereuropÃ¤ische Sprachen und Literaturen</str></arr>
    <arr name="footnote"><str>Nebent.: Shakespeare.</str></arr>
    <arr name="format"><str>Journal</str></arr>
    <arr name="format_de105"><str>not assigned</str></arr>
    <arr name="format_de15"><str>Journal, E-Journal</str></arr>
    <arr name="format_de520"><str>not assigned</str></arr>
    <arr name="format_de540"><str>Journal, E-Journal</str></arr>
    <arr name="format_dech1"><str>not assigned</str></arr>
    <arr name="format_ded117"><str>Journal, E-Journal</str></arr>
    <arr name="format_del152"><str>not assigned</str></arr>
    <arr name="format_del189"><str>Journal</str></arr>
    <arr name="format_dezi4"><str>not assigned</str></arr>
    <arr name="format_dezwi2"><str>not assigned</str></arr>
    <str name="fullrecord">00743cas a2200277   4500001001100000003000700011005001700018007000300035008004100038016002100079016002200100035002500122040003100147041000800178044001000186082001300196084001900209245004500228246001600273260001700289362002200306500002600328935001000354852005600364980004500420#30;0011951679#30;DE-576#30;20101112045225.0#30;tu#30;990629d19101910xx    p            0ger c#30;  #31;a(OCoLC)313329715#30;7 #31;a1478442-7#31;2DE-600#30;  #31;a(DE-599)BSZ078316189#30;  #31;aDE-576#31;bger#31;cDE-576#31;erakwb#30;0 #31;ager#30;  #31;aXA-AT#30;0 #31;a050#31;a800#30;  #31;a405#31;a100#31;2zdbs#30;10#31;aShakespeare-Kalender :#31;bfÃ¼r das Jahr ..#30;3 #31;aShakespeare#30;  #31;aWien :#31;bMunk#30;1 #31;a1910 nachgewiesen#30;  #31;aNebent.: Shakespeare.#30;  #31;bdruck#30;  #31;aDE-14#31;x360064175:201403052251#31;z2014-03-16T00:02:59Z#30;  #31;a078316189#31;b0#31;c201403052251#31;d201403160002#30;#29;</str>
    <arr name="geogr_code"><str>not assigned</str></arr>
    <arr name="geogr_code_person"><str>not assigned</str></arr>
    <str name="id">0011951679</str>
    <str name="illustrated">Illustrated</str>
    <str name="imprint">Wien : Munk</str>
    <arr name="institution"><str>DE-14</str></arr>
    <str name="itemdata">{}</str>
    <arr name="language"><str>German</str></arr>
    <arr name="mega_collection"><str>Verbunddaten SWB</str></arr>
    <arr name="misc_del152"><str/></arr>
    <str name="mrc0007">s</str>
    <str name="multipart_set"> </str>
    <arr name="oclc_num"><long>313329715</long></arr>
    <str name="publishDateSort">1910</str>
    <arr name="publishPlace"><str>Wien :</str></arr>
    <arr name="publisher"><str>Munk</str></arr>
    <str name="record_id">078316189</str>
    <str name="recordtype">marc</str>
    <arr name="rvk_facet"><str>No subject assigned</str></arr>
    <str name="source_id">0</str>
    <str name="spelling">Shakespeare-Kalender : fÃ¼r das Jahr .. Shakespeare Wien : Munk 1910 nachgewiesen Nebent.: Shakespeare.</str>
    <arr name="spellingShingle"><str>Shakespeare-Kalender : fÃ¼r das Jahr ..</str></arr>
    <str name="title">Shakespeare-Kalender : fÃ¼r das Jahr ..</str>
    <arr name="title_alt"><str>Shakespeare</str></arr>
    <str name="title_full">Shakespeare-Kalender : fÃ¼r das Jahr ..</str>
    <str name="title_fullStr">Shakespeare-Kalender : fÃ¼r das Jahr ..</str>
    <str name="title_full_unstemmed">Shakespeare-Kalender : fÃ¼r das Jahr ..</str>
    <str name="title_short">Shakespeare-Kalender :</str>
    <str name="title_sort">shakespeare-kalender :fÃ¼r das jahr .</str>
    <str name="title_sub">fÃ¼r das Jahr ..</str>
    <arr name="topic_facet"><str>not assigned</str></arr>
    <arr name="udk_facet_de105"><str>not assigned</str></arr>
    <arr name="udk_raw_de105"><str>not assigned</str></arr>
    <arr name="udk_raw_del189"><str>not assigned</str></arr>
  </doc>
  <doc>
    <str name="access_facet">Local Holdings</str>
    <str name="authorized_mode">true</str>
    <arr name="barcode"><str>(DE-Ch1)000000258821</str></arr>
    <arr name="branch_de105"><str>not assigned</str></arr>
    <arr name="branch_de15"><str>not assigned</str></arr>
    <arr name="branch_de520"><str>not assigned</str></arr>
    <arr name="branch_dech1"><str>Campusbibliothek I</str></arr>
    <arr name="branch_dezi4"><str>not assigned</str></arr>
    <arr name="branch_dezwi2"><str>not assigned</str></arr>
    <arr name="collcode_de520"><str>not assigned</str></arr>
    <arr name="collcode_dech1"><str>Magazin</str></arr>
    <arr name="dewey-full"><str>not assigned</str></arr>
    <arr name="dewey-hundreds"><str>not assigned</str></arr>
    <arr name="dewey-ones"><str>not assigned</str></arr>
    <str name="dewey-sort">not assigned</str>
    <arr name="dewey-tens"><str>not assigned</str></arr>
    <arr name="finc_class_facet"><str>no subject assigned</str></arr>
    <arr name="format"><str>Book</str></arr>
    <arr name="format_de105"><str>not assigned</str></arr>
    <arr name="format_de15"><str>Book, E-Book</str></arr>
    <arr name="format_de520"><str>not assigned</str></arr>
    <arr name="format_de540"><str>Book, E-Book</str></arr>
    <arr name="format_dech1"><str>Buch</str></arr>
    <arr name="format_ded117"><str>Book, E-Book</str></arr>
    <arr name="format_del152"><str>not assigned</str></arr>
    <arr name="format_del189"><str>Book</str></arr>
    <arr name="format_dezi4"><str>not assigned</str></arr>
    <arr name="format_dezwi2"><str>not assigned</str></arr>
    <str name="fullrecord">00875cam a2200313  c4500001001100000003000700011005001700018007000300035008004100038035002500079040003100104041001300135041001500148245003600163260000900199300001100208490003000219773002800249830004900277935001000326982002800336981003400364981002300398971000900421983002300430971000600453852005700459980004500516#30;0003690073#30;DE-576#30;20120221114043.0#30;tu#30;850101s1969    xx             00 0 ger c#30;  #31;a(DE-599)BSZ001742205#30;  #31;aDE-576#31;bger#31;cDE-576#31;erakwb#30;0 #31;ager#31;aeng#30;07#31;adt.#31;aengl.#30; 0#31;aShakespeare-Bibliographie#31;n1967#30;  #31;c1969#30;  #31;a363 S.#30;1 #31;aShakespeare-Jahrbuch#31;v105#30;18#31;w(DE-576)001742191#31;g1967#30; 0#31;aShakespeare-Jahrbuch#31;v105#31;w(DE-576)015655458#30;  #31;bdruck#30;  #31;a(DE-Ch1)000000258821#31;x1#30;  #31;a(DE-Ch1)29.1522/1#31;x1#31;ccurrent#30;  #31;a(DE-Ch1)Lehnert#31;x1#30;  #31;bM#31;x1#30;  #31;a(DE-Ch1)1000273699#30;  #31;cB#30;  #31;aDE-Ch1#31;x70469557X:201403061834#31;z2012-02-21T11:40:43Z#30;  #31;a001742205#31;b0#31;c201403061834#31;d201403160208#30;#29;</str>
    <arr name="geogr_code"><str>not assigned</str></arr>
    <arr name="geogr_code_person"><str>not assigned</str></arr>
    <str name="id">0003690073</str>
    <str name="illustrated">Not Illustrated</str>
    <str name="imprint">1969</str>
    <arr name="institution"><str>DE-Ch1</str></arr>
    <str name="itemdata">{"DE-Ch1":[{"cn":"29.1522/1","bc":"000000258821"}]}</str>
    <arr name="language"><str>German</str><str>English</str></arr>
    <arr name="mega_collection"><str>Verbunddaten SWB</str></arr>
    <arr name="misc_del152"><str/></arr>
    <str name="mrc0007">m</str>
    <arr name="multipart_link"><str>001742191</str><str>015655458</str></arr>
    <arr name="multipart_part"><str>(001742191)1967</str><str>(015655458)105</str></arr>
    <str name="multipart_set">c</str>
    <arr name="physical"><str>363 S.</str></arr>
    <arr name="publishDate"><str>1969</str></arr>
    <str name="publishDateSort">1969</str>
    <str name="record_id">001742205</str>
    <str name="recordtype">marc</str>
    <arr name="rsn"><str>(DE-Ch1)1000273699</str></arr>
    <arr name="rvk_facet"><str>No subject assigned</str></arr>
    <arr name="series"><str>Shakespeare-Jahrbuch</str></arr>
    <arr name="series2"><str>Shakespeare-Jahrbuch</str></arr>
    <arr name="signatur"><str>(DE-Ch1)29.1522/1</str><str>(DE-Ch1)Lehnert</str></arr>
    <str name="source_id">0</str>
    <str name="spelling">Shakespeare-Bibliographie 1967 1969 363 S. Shakespeare-Jahrbuch 105 (DE-576)001742191 1967 Shakespeare-Jahrbuch 105 (DE-576)015655458</str>
    <arr name="spellingShingle"><str>Shakespeare-Jahrbuch</str><str>Shakespeare-Jahrbuch</str><str>Shakespeare-Bibliographie</str></arr>
    <str name="title">Shakespeare-Bibliographie</str>
    <str name="title_full">Shakespeare-Bibliographie 1967</str>
    <str name="title_fullStr">Shakespeare-Bibliographie 1967</str>
    <str name="title_full_unstemmed">Shakespeare-Bibliographie 1967</str>
    <str name="title_part">1967</str>
    <str name="title_short">Shakespeare-Bibliographie</str>
    <str name="title_sort">shakespeare-bibliographie</str>
    <arr name="topic_facet"><str>not assigned</str></arr>
    <arr name="udk_facet_de105"><str>not assigned</str></arr>
    <arr name="udk_raw_de105"><str>not assigned</str></arr>
    <arr name="udk_raw_del189"><str>not assigned</str></arr>
  </doc>
  <doc>
    <str name="access_facet">Local Holdings</str>
    <str name="authorized_mode">true</str>
    <arr name="barcode"><str>(DE-Ch1)000000258823</str></arr>
    <arr name="branch_de105"><str>not assigned</str></arr>
    <arr name="branch_de15"><str>not assigned</str></arr>
    <arr name="branch_de520"><str>not assigned</str></arr>
    <arr name="branch_dech1"><str>Campusbibliothek I</str></arr>
    <arr name="branch_dezi4"><str>not assigned</str></arr>
    <arr name="branch_dezwi2"><str>not assigned</str></arr>
    <arr name="collcode_de520"><str>not assigned</str></arr>
    <arr name="collcode_dech1"><str>Magazin</str></arr>
    <arr name="dewey-full"><str>not assigned</str></arr>
    <arr name="dewey-hundreds"><str>not assigned</str></arr>
    <arr name="dewey-ones"><str>not assigned</str></arr>
    <str name="dewey-sort">not assigned</str>
    <arr name="dewey-tens"><str>not assigned</str></arr>
    <arr name="finc_class_facet"><str>no subject assigned</str></arr>
    <arr name="format"><str>Book</str></arr>
    <arr name="format_de105"><str>not assigned</str></arr>
    <arr name="format_de15"><str>Book, E-Book</str></arr>
    <arr name="format_de520"><str>not assigned</str></arr>
    <arr name="format_de540"><str>Book, E-Book</str></arr>
    <arr name="format_dech1"><str>Buch</str></arr>
    <arr name="format_ded117"><str>Book, E-Book</str></arr>
    <arr name="format_del152"><str>not assigned</str></arr>
    <arr name="format_del189"><str>Book</str></arr>
    <arr name="format_dezi4"><str>not assigned</str></arr>
    <arr name="format_dezwi2"><str>not assigned</str></arr>
    <str name="fullrecord">00871cam a2200313  c4500001001100000003000700011005001700018007000300035008004100038035002500079040003100104041000800135041000800143245003600151260000900187300001900196490003000215773002800245830004900273935001000322982002800332981003400360981002300394971000900417983002300426971000600449852005700455980004500512#30;0003690074#30;DE-576#30;20120221125004.0#30;tu#30;850101s1971    xx             00 0 ger c#30;  #31;a(DE-599)BSZ001742213#30;  #31;aDE-576#31;bger#31;cDE-576#31;erakwb#30;0 #31;ager#30;07#31;adt.#30; 0#31;aShakespeare-Bibliographie#31;n1969#30;  #31;c1971#30;  #31;a360 S. :#31;bIll.#30;1 #31;aShakespeare-Jahrbuch#31;v107#30;18#31;w(DE-576)001742191#31;g1969#30; 0#31;aShakespeare-Jahrbuch#31;v107#31;w(DE-576)015655458#30;  #31;bdruck#30;  #31;a(DE-Ch1)000000258823#31;x1#30;  #31;a(DE-Ch1)29.1524/1#31;x1#31;ccurrent#30;  #31;a(DE-Ch1)Lehnert#31;x1#30;  #31;bM#31;x1#30;  #31;a(DE-Ch1)1000273706#30;  #31;cB#30;  #31;aDE-Ch1#31;x704708477:201403061834#31;z2012-02-21T12:50:04Z#30;  #31;a001742213#31;b0#31;c201403061834#31;d201403160251#30;#29;</str>
    <arr name="geogr_code"><str>not assigned</str></arr>
    <arr name="geogr_code_person"><str>not assigned</str></arr>
    <str name="id">0003690074</str>
    <str name="illustrated">Illustrated</str>
    <str name="imprint">1971</str>
    <arr name="institution"><str>DE-Ch1</str></arr>
    <str name="itemdata">{"DE-Ch1":[{"cn":"29.1524/1","bc":"000000258823"}]}</str>
    <arr name="language"><str>German</str></arr>
    <arr name="mega_collection"><str>Verbunddaten SWB</str></arr>
    <arr name="misc_del152"><str/></arr>
    <str name="mrc0007">m</str>
    <arr name="multipart_link"><str>001742191</str><str>015655458</str></arr>
    <arr name="multipart_part"><str>(001742191)1969</str><str>(015655458)107</str></arr>
    <str name="multipart_set">c</str>
    <arr name="physical"><str>360 S. : Ill.</str></arr>
    <arr name="publishDate"><str>1971</str></arr>
    <str name="publishDateSort">1971</str>
    <str name="record_id">001742213</str>
    <str name="recordtype">marc</str>
    <arr name="rsn"><str>(DE-Ch1)1000273706</str></arr>
    <arr name="rvk_facet"><str>No subject assigned</str></arr>
    <arr name="series"><str>Shakespeare-Jahrbuch</str></arr>
    <arr name="series2"><str>Shakespeare-Jahrbuch</str></arr>
    <arr name="signatur"><str>(DE-Ch1)29.1524/1</str><str>(DE-Ch1)Lehnert</str></arr>
    <str name="source_id">0</str>
    <str name="spelling">Shakespeare-Bibliographie 1969 1971 360 S. : Ill. Shakespeare-Jahrbuch 107 (DE-576)001742191 1969 Shakespeare-Jahrbuch 107 (DE-576)015655458</str>
    <arr name="spellingShingle"><str>Shakespeare-Jahrbuch</str><str>Shakespeare-Jahrbuch</str><str>Shakespeare-Bibliographie</str></arr>
    <str name="title">Shakespeare-Bibliographie</str>
    <str name="title_full">Shakespeare-Bibliographie 1969</str>
    <str name="title_fullStr">Shakespeare-Bibliographie 1969</str>
    <str name="title_full_unstemmed">Shakespeare-Bibliographie 1969</str>
    <str name="title_part">1969</str>
    <str name="title_short">Shakespeare-Bibliographie</str>
    <str name="title_sort">shakespeare-bibliographie</str>
    <arr name="topic_facet"><str>not assigned</str></arr>
    <arr name="udk_facet_de105"><str>not assigned</str></arr>
    <arr name="udk_raw_de105"><str>not assigned</str></arr>
    <arr name="udk_raw_del189"><str>not assigned</str></arr>
  </doc>
  <doc>
    <str name="access_facet">Local Holdings</str>
    <str name="authorized_mode">true</str>
    <arr name="barcode"><str>(DE-Ch1)000000258824</str></arr>
    <arr name="branch_de105"><str>not assigned</str></arr>
    <arr name="branch_de15"><str>not assigned</str></arr>
    <arr name="branch_de520"><str>not assigned</str></arr>
    <arr name="branch_dech1"><str>Campusbibliothek I</str></arr>
    <arr name="branch_dezi4"><str>not assigned</str></arr>
    <arr name="branch_dezwi2"><str>not assigned</str></arr>
    <arr name="collcode_de520"><str>not assigned</str></arr>
    <arr name="collcode_dech1"><str>Magazin</str></arr>
    <arr name="dewey-full"><str>not assigned</str></arr>
    <arr name="dewey-hundreds"><str>not assigned</str></arr>
    <arr name="dewey-ones"><str>not assigned</str></arr>
    <str name="dewey-sort">not assigned</str>
    <arr name="dewey-tens"><str>not assigned</str></arr>
    <arr name="finc_class_facet"><str>no subject assigned</str></arr>
    <arr name="format"><str>Book</str></arr>
    <arr name="format_de105"><str>not assigned</str></arr>
    <arr name="format_de15"><str>Book, E-Book</str></arr>
    <arr name="format_de520"><str>not assigned</str></arr>
    <arr name="format_de540"><str>Book, E-Book</str></arr>
    <arr name="format_dech1"><str>Buch</str></arr>
    <arr name="format_ded117"><str>Book, E-Book</str></arr>
    <arr name="format_del152"><str>not assigned</str></arr>
    <arr name="format_del189"><str>Book</str></arr>
    <arr name="format_dezi4"><str>not assigned</str></arr>
    <arr name="format_dezwi2"><str>not assigned</str></arr>
    <str name="fullrecord">00871cam a2200313  c4500001001100000003000700011005001700018007000300035008004100038035002500079040003100104041000800135041000800143245003600151260000900187300001900196490003000215773002800245830004900273935001000322982002800332981003400360981002300394971000900417983002300426971000600449852005700455980004500512#30;0003690075#30;DE-576#30;20120221125415.0#30;tu#30;850101s1972    xx             00 0 ger c#30;  #31;a(DE-599)BSZ001742221#30;  #31;aDE-576#31;bger#31;cDE-576#31;erakwb#30;0 #31;ager#30;07#31;adt.#30; 0#31;aShakespeare-Bibliographie#31;n1970#30;  #31;c1972#30;  #31;a343 S. :#31;bIll.#30;1 #31;aShakespeare-Jahrbuch#31;v108#30;18#31;w(DE-576)001742191#31;g1970#30; 0#31;aShakespeare-Jahrbuch#31;v108#31;w(DE-576)015655458#30;  #31;bdruck#30;  #31;a(DE-Ch1)000000258824#31;x1#30;  #31;a(DE-Ch1)29.1525/1#31;x1#31;ccurrent#30;  #31;a(DE-Ch1)Lehnert#31;x1#30;  #31;bM#31;x1#30;  #31;a(DE-Ch1)1000273710#30;  #31;cB#30;  #31;aDE-Ch1#31;x70470918X:201403061834#31;z2012-02-21T12:54:47Z#30;  #31;a001742221#31;b0#31;c201403061834#31;d201403160156#30;#29;</str>
    <arr name="geogr_code"><str>not assigned</str></arr>
    <arr name="geogr_code_person"><str>not assigned</str></arr>
    <str name="id">0003690075</str>
    <str name="illustrated">Illustrated</str>
    <str name="imprint">1972</str>
    <arr name="institution"><str>DE-Ch1</str></arr>
    <str name="itemdata">{"DE-Ch1":[{"cn":"29.1525/1","bc":"000000258824"}]}</str>
    <arr name="language"><str>German</str></arr>
    <arr name="mega_collection"><str>Verbunddaten SWB</str></arr>
    <arr name="misc_del152"><str/></arr>
    <str name="mrc0007">m</str>
    <arr name="multipart_link"><str>001742191</str><str>015655458</str></arr>
    <arr name="multipart_part"><str>(001742191)1970</str><str>(015655458)108</str></arr>
    <str name="multipart_set">c</str>
    <arr name="physical"><str>343 S. : Ill.</str></arr>
    <arr name="publishDate"><str>1972</str></arr>
    <str name="publishDateSort">1972</str>
    <str name="record_id">001742221</str>
    <str name="recordtype">marc</str>
    <arr name="rsn"><str>(DE-Ch1)1000273710</str></arr>
    <arr name="rvk_facet"><str>No subject assigned</str></arr>
    <arr name="series"><str>Shakespeare-Jahrbuch</str></arr>
    <arr name="series2"><str>Shakespeare-Jahrbuch</str></arr>
    <arr name="signatur"><str>(DE-Ch1)29.1525/1</str><str>(DE-Ch1)Lehnert</str></arr>
    <str name="source_id">0</str>
    <str name="spelling">Shakespeare-Bibliographie 1970 1972 343 S. : Ill. Shakespeare-Jahrbuch 108 (DE-576)001742191 1970 Shakespeare-Jahrbuch 108 (DE-576)015655458</str>
    <arr name="spellingShingle"><str>Shakespeare-Jahrbuch</str><str>Shakespeare-Jahrbuch</str><str>Shakespeare-Bibliographie</str></arr>
    <str name="title">Shakespeare-Bibliographie</str>
    <str name="title_full">Shakespeare-Bibliographie 1970</str>
    <str name="title_fullStr">Shakespeare-Bibliographie 1970</str>
    <str name="title_full_unstemmed">Shakespeare-Bibliographie 1970</str>
    <str name="title_part">1970</str>
    <str name="title_short">Shakespeare-Bibliographie</str>
    <str name="title_sort">shakespeare-bibliographie</str>
    <arr name="topic_facet"><str>not assigned</str></arr>
    <arr name="udk_facet_de105"><str>not assigned</str></arr>
    <arr name="udk_raw_de105"><str>not assigned</str></arr>
    <arr name="udk_raw_del189"><str>not assigned</str></arr>
  </doc>
  <doc>
    <str name="access_facet">Local Holdings</str>
    <str name="author">Shakespeare, William 1564 - 1616</str>
    <arr name="author_id"><str>118613723</str></arr>
    <str name="author_letter">Shakespeare, William</str>
    <str name="authorized_mode">true</str>
    <arr name="branch_de105"><str>not assigned</str></arr>
    <arr name="branch_de15"><str>not assigned</str></arr>
    <arr name="branch_de520"><str>not assigned</str></arr>
    <arr name="branch_dech1"><str>not assigned</str></arr>
    <arr name="branch_dezi4"><str>not assigned</str></arr>
    <arr name="branch_dezwi2"><str>not assigned</str></arr>
    <arr name="collcode_de520"><str>not assigned</str></arr>
    <arr name="collcode_dech1"><str>not assigned</str></arr>
    <arr name="dewey-full"><str>not assigned</str></arr>
    <arr name="dewey-hundreds"><str>not assigned</str></arr>
    <arr name="dewey-ones"><str>not assigned</str></arr>
    <str name="dewey-sort">not assigned</str>
    <arr name="dewey-tens"><str>not assigned</str></arr>
    <arr name="finc_class_facet"><str>no subject assigned</str></arr>
    <arr name="format"><str>Book</str></arr>
    <arr name="format_de105"><str>not assigned</str></arr>
    <arr name="format_de15"><str>Book, E-Book</str></arr>
    <arr name="format_de520"><str>not assigned</str></arr>
    <arr name="format_de540"><str>Book, E-Book</str></arr>
    <arr name="format_dech1"><str>not assigned</str></arr>
    <arr name="format_ded117"><str>Book, E-Book</str></arr>
    <arr name="format_del152"><str>not assigned</str></arr>
    <arr name="format_del189"><str>Book</str></arr>
    <arr name="format_dezi4"><str>not assigned</str></arr>
    <arr name="format_dezwi2"><str>not assigned</str></arr>
    <str name="fullrecord">02939cam a22010212 a4500001001100000003000700011005001700018007000300035008004100038035002500079040003100104041000800135041001000143100007600153245002400229246001700253246001000270260003200280935001000312900003100322900002700353900002300380900002200403900002000425900002500445900002800470900001400498900002200512900001700534900002200551900002200573900002100595900001700616900002100633900002200654900002500676900002300701900002400724900001900748900002600767900002000793900001900813900002400832900002500856900002400881900002500905900002100930900002600951900002000977900002500997900002601022900002201048900002601070900002401096900001901120900002301139900002001162900002601182900002601208900002401234900002501258900002301283900002401306900001501330900002501345900002501370900002201395900002201417900002401439900002301463900002401486900002101510900002201531900002601553900002601579900002301605900001901628900002501647900002101672900002701693900002701720900002101747900002101768900001701789951001001806852005601816980004501872#30;0012000249#30;DE-576#30;20061120140808.0#30;tu#30;000808n19uuuuuuxx             00 0 eng c#30;  #31;a(DE-599)BSZ086465961#30;  #31;aDE-576#31;bger#31;cDE-576#31;erakwb#30;0 #31;aeng#30;07#31;aengl.#30;1 #31;aShakespeare, William#31;d1564 - 1616#31;0(DE-588)118613723#31;0(DE-576)209110236#30;10#31;aShakespeare's plays#30;30#31;aShakespeares#30;9 #31;aPlays#30;  #31;aLeipzig :#31;bTauchnitz,#31;c19XX#30;  #31;bdruck#30;  #31;aBacon-Shakespeare, Francis#30;  #31;aChekchapiyera, William#30;  #31;aPseudo-Shakespeare#30;  #31;aSaixpÄ“r, Uilliam#30;  #31;aSaixpÄ“ros, ...#30;  #31;aÅ akisbÄ«r, Williyam#30;  #31;aS'egsi-pe-yar, Wi-li-am#30;  #31;aSekhspÃ­r#30;  #31;aÅ ekspir, Uil'jam#30;  #31;aÅ ekspir, U.#30;  #31;aÅ ekspir, Vilijam#30;  #31;aÅ ekspir, Vil'jam#30;  #31;aÅ ekspir, Viljem#30;  #31;aÅ ekspir, V.#30;  #31;aÅ ekspir, Wiliam#30;  #31;aÅ ekspir, William#30;  #31;aÅ ekspiras, Viljamas#30;  #31;aÅ ek'spiri, Uiliam#30;  #31;aÅ ekspÄ«rs, Viljams#30;  #31;aÅ ekspyras, V.#30;  #31;aShaekespeare, William#30;  #31;aShakespear, ...#30;  #31;aShakespear, W.#30;  #31;aShakespear, Wilhelm#30;  #31;aShakespear, Willhelm#30;  #31;aShakespear, William#30;  #31;aShake-Spear, William#30;  #31;aShakespeare, ...#30;  #31;aShakespeare, Gwilherm#30;  #31;aShakespeare, W.#30;  #31;aShakespeare, Wilhelm#30;  #31;aShakespeare, Willhelm#30;  #31;aShakespearowy, W.#30;  #31;aShake-Speare, William#30;  #31;aShakespere, William#30;  #31;aShakspear, ...#30;  #31;aShakspear, William#30;  #31;aShakspeare, ...#30;  #31;aShakspeare, Guglielmo#30;  #31;aShakspeare, Guillaume#30;  #31;aShakspeare, William#30;  #31;aShak-Speare, William#30;  #31;aShakspere, William#30;  #31;aShashibiya, William#30;  #31;aShashibiya#30;  #31;aSheikusupia, Uiriamu#30;  #31;aSheá¸³spir, á¹¾iliam#30;  #31;aÅ hekspir, Viliam#30;  #31;aShex'pir, Wil'yam#30;  #31;aÅ iksbÄ«r, WÄ«lÄ«am#30;  #31;aÅ iksbÄ«r, Willyam#30;  #31;aÅ ikspÄ«r, WÄ«lÄ«am#30;  #31;aSzekspir, Wiliam#30;  #31;aSzekspir, William#30;  #31;aSheá¸³spir, á¹¾iliyam#30;  #31;aSchakespeare, William#30;  #31;aÅ aksbÄ«r, Wiliyam#30;  #31;aShakspere, ...#30;  #31;aSchakespear, William#30;  #31;aSchakespear, ...#30;  #31;aÅ aá¸³isper, Veilliyam#30;  #31;aÅ aá¸³isper, Veilliyem#30;  #31;aÅ aá¸³isper, ...#30;  #31;aÅ eá¸³isper, ...#30;  #31;aæ²™å£«æ¯”äºž#30;  #31;bXA-GB#30;  #31;aDE-14#31;x38196146X:201403052111#31;z2014-03-16T00:13:25Z#30;  #31;a086465961#31;b0#31;c201403052111#31;d201403160013#30;#29;</str>
    <arr name="geogr_code"><str>not assigned</str></arr>
    <arr name="geogr_code_person"><str>United Kingdom</str></arr>
    <str name="id">0012000249</str>
    <str name="illustrated">Not Illustrated</str>
    <str name="imprint">Leipzig : Tauchnitz, 19XX</str>
    <arr name="institution"><str>DE-14</str></arr>
    <str name="itemdata">{}</str>
    <arr name="language"><str>English</str></arr>
    <arr name="mega_collection"><str>Verbunddaten SWB</str></arr>
    <arr name="misc_del152"><str/></arr>
    <str name="mrc0007">m</str>
    <str name="multipart_set">a</str>
    <arr name="publishDate"><str>19XX</str></arr>
    <str name="publishDateSort">1939</str>
    <arr name="publishPlace"><str>Leipzig :</str></arr>
    <arr name="publisher"><str>Tauchnitz,</str></arr>
    <str name="record_id">086465961</str>
    <str name="recordtype">marc</str>
    <arr name="rvk_facet"><str>No subject assigned</str></arr>
    <str name="source_id">0</str>
    <str name="spelling">Shakespeare, William 1564 - 1616 (DE-588)118613723 (DE-576)209110236 Shakespeare's plays Shakespeares Plays Leipzig : Tauchnitz, 19XX</str>
    <arr name="spellingShingle"><str>Shakespeare, William 1564 - 1616</str><str>Shakespeare's plays</str></arr>
    <str name="title">Shakespeare's plays</str>
    <arr name="title_alt"><str>Shakespeares</str><str>Plays</str></arr>
    <str name="title_full">Shakespeare's plays</str>
    <str name="title_fullStr">Shakespeare's plays</str>
    <str name="title_full_unstemmed">Shakespeare's plays</str>
    <str name="title_short">Shakespeare's plays</str>
    <str name="title_sort">shakespeare's plays</str>
    <arr name="topic_facet"><str>not assigned</str></arr>
    <arr name="udk_facet_de105"><str>not assigned</str></arr>
    <arr name="udk_raw_de105"><str>not assigned</str></arr>
    <arr name="udk_raw_del189"><str>not assigned</str></arr>
  </doc>
  <doc>
    <str name="access_facet">Electronic Resources</str>
    <str name="authorized_mode">true</str>
    <arr name="branch_de105"><str>not assigned</str></arr>
    <arr name="branch_de15"><str>not assigned</str></arr>
    <arr name="branch_de520"><str>not assigned</str></arr>
    <arr name="branch_dech1"><str>not assigned</str></arr>
    <arr name="branch_dezi4"><str>not assigned</str></arr>
    <arr name="branch_dezwi2"><str>not assigned</str></arr>
    <arr name="collcode_de520"><str>not assigned</str></arr>
    <arr name="collcode_dech1"><str>not assigned</str></arr>
    <arr name="dateSpan"><str>1.1950 -</str></arr>
    <arr name="dewey-full"><str>not assigned</str></arr>
    <arr name="dewey-hundreds"><str>not assigned</str></arr>
    <arr name="dewey-ones"><str>not assigned</str></arr>
    <str name="dewey-sort">not assigned</str>
    <arr name="dewey-tens"><str>not assigned</str></arr>
    <arr name="finc_class_facet"><str>no subject assigned</str></arr>
    <arr name="format"><str>Electronic</str></arr>
    <arr name="format_de105"><str>not assigned</str></arr>
    <arr name="format_de15"><str>Website</str></arr>
    <arr name="format_de520"><str>not assigned</str></arr>
    <arr name="format_de540"><str>Website</str></arr>
    <arr name="format_dech1"><str>not assigned</str></arr>
    <arr name="format_ded117"><str>Website</str></arr>
    <arr name="format_del152"><str>Weitere Literaturnachweise</str></arr>
    <arr name="format_del189"><str>Online Resource</str></arr>
    <arr name="format_dezi4"><str>not assigned</str></arr>
    <arr name="format_dezwi2"><str>not assigned</str></arr>
    <str name="fullrecord">01426nms a2200301 c 4500001001100000003000700011005001700018007001500035008004100050022001400091040002200105041000800127245010400135260002600239362001300265787005700278856005900335856003800394856010000432856017300532856004800705856018000753900006000933954005800993970000701051852003401058980003201092#30;0004744870#30;DE-601#30;20120307094224.0#30;cr uuu---uuuuu#30;070314nuuuuuuuuxxu u p       0   u0eng d#30;  #31;a1538-3555#30;  #31;aGBVCP#31;bger#31;erakwb#30;0 #31;aeng#30;10#31;aShakespeare quarterly#31;cpubl. by the Folger Shakespeare Library ; Shakespeare Association of America#30;3 #31;aNew York, N.Y.#31;bJSTOR#30;0 #31;a1.1950 -#30;08#31;iDruckausg.: #31;tShakespeare quarterly#31;w(DE-600)2034189#30;40#31;uhttp://www.bibliothek.uni-regensburg.de/ezeit/?2009679#30;40#31;uhttp://muse.jhu.edu/journals/shq/#30;40#31;uhttp://lionreference.chadwyck.co.uk/contents/abl_toc/ShakespeareQuarterlyFolgerShake/issues.jsp#30;40#31;uhttp://gateway.proquest.com/openurl?ctx_ver=Z39.88-2003&amp;xri:pqil:res_ver=0.2&amp;res_id=xri:lion&amp;rft_id=xri:lion:contents:abl_toc/ShakespeareQuarterlyFolgerShake/issues.jsp#30;40#31;uhttp://www.jstor.org/journals/00373222.html#30;40#31;uhttp://gateway.proquest.com/openurl?ctx_ver=z39.88-2003&amp;res_dat=xri:pqil:res_ver=0.2&amp;rft_val_fmt=ori:fmt:kev:mtx:journal&amp;res_id=xri:iimp&amp;rft_id=xri:iipaft:ajournal:JID00373222#30;  #31;aGBV#31;bSIM-PK Berlin &lt;B 763&gt;#31;fQFREQ: q = vierteljÃ¤hrlich#30;  #31;a241#31;b000585904#31;c01#31;kQFREQ: q = vierteljÃ¤hrlich#31;x3241#30;  #31;cWL#30;  #31;aDE-L152#31;z2014-01-30T15:13:55Z#30;  #31;a001414550#31;b11#31;d201401301513#30;#29;</str>
    <arr name="geogr_code"><str>not assigned</str></arr>
    <arr name="geogr_code_person"><str>not assigned</str></arr>
    <str name="id">0004744870</str>
    <str name="illustrated">Not Illustrated</str>
    <str name="imprint">New York, N.Y. JSTOR</str>
    <arr name="institution"><str>DE-L152</str></arr>
    <arr name="issn"><str>1538-3555</str></arr>
    <arr name="language"><str>English</str></arr>
    <arr name="mega_collection"><str>Bibliographie des Musikschrifttums online</str></arr>
    <arr name="misc_del152"><str/></arr>
    <str name="mrc0007">s</str>
    <str name="multipart_set"> </str>
    <str name="publishDateSort">uuuu</str>
    <arr name="publishPlace"><str>New York, N.Y.</str></arr>
    <arr name="publisher"><str>JSTOR</str></arr>
    <str name="record_id">001414550</str>
    <str name="recordtype">marc</str>
    <arr name="rvk_facet"><str>No subject assigned</str></arr>
    <str name="source_id">11</str>
    <str name="spelling">Shakespeare quarterly publ. by the Folger Shakespeare Library ; Shakespeare Association of America New York, N.Y. JSTOR 1.1950 - Druckausg.:  Shakespeare quarterly (DE-600)2034189</str>
    <arr name="spellingShingle"><str>Shakespeare quarterly</str></arr>
    <str name="title">Shakespeare quarterly</str>
    <str name="title_full">Shakespeare quarterly</str>
    <str name="title_fullStr">Shakespeare quarterly</str>
    <str name="title_full_unstemmed">Shakespeare quarterly</str>
    <str name="title_short">Shakespeare quarterly</str>
    <str name="title_sort">shakespeare quarterly</str>
    <arr name="topic_facet"><str>not assigned</str></arr>
    <arr name="udk_facet_de105"><str>not assigned</str></arr>
    <arr name="udk_raw_de105"><str>not assigned</str></arr>
    <arr name="udk_raw_del189"><str>not assigned</str></arr>
    <arr name="url"><str>http://www.bibliothek.uni-regensburg.de/ezeit/?2009679</str><str>http://muse.jhu.edu/journals/shq/</str><str>http://lionreference.chadwyck.co.uk/contents/abl_toc/ShakespeareQuarterlyFolgerShake/issues.jsp</str>
      <str>http://gateway.proquest.com/openurl?ctx_ver=Z39.88-2003&amp;xri:pqil:res_ver=0.2&amp;res_id=xri:lion&amp;rft_id=xri:lion:contents:abl_toc/ShakespeareQuarterlyFolgerShake/issues.jsp</str><str>http://www.jstor.org/journals/00373222.html</str><str>http://gateway.proquest.com/openurl?ctx_ver=z39.88-2003&amp;res_dat=xri:pqil:res_ver=0.2&amp;rft_val_fmt=ori:fmt:kev:mtx:journal&amp;res_id=xri:iimp&amp;rft_id=xri:iipaft:ajournal:JID00373222</str></arr>
  </doc>
</result>
</response>
