<?xml version="1.0" encoding="UTF-8"?>
<response>
<lst name="responseHeader"><int name="status">0</int><int name="QTime">2</int><lst name="params"><str name="q">shakespeare</str></lst></lst><result name="response" numFound="2" start="0" maxScore="0.14188582"><doc><float name="score">0.14188582</float><str name="dbName">Perinorm - Datenbank für Normen und technische Regeln</str><str name="dbodid">beuth_pn_</str><str name="deeplink">http://www.dbod.de/db/start.php?database=beuth_pn&amp;param=DE18954967</str><str name="description">Bibliographische Datenbank (monatlich aktualisiert, 3sprachig) mit ca. 1.100.000 Daten von Normen aus 23 Ländern, (z.B. ANSI, DIN, ISO), technischen Regeln sowie von deutschen Rechtsvorschriften mit technischen Bezug und geltenden EU-Richtlinien incl. VDI-Richtlinien. 
Der Volltextzugriff auf Normen ist nur bei entsprechender Lizenz verfügbar!</str><str name="id">153693</str><str name="keywords">Norm, DIN-Norm, Internationale Norm, Regeln der Technik, Verzeichnis</str><str name="publisher">Beuth Verlag GmbH</str><str name="sourceid">beuth_pn_DE18954967</str><str name="titleVT_de">Bibliographische Ordnungsregeln</str><str name="titleVT_eng">Bibliographic filing rules</str></doc><doc><float name="score">0.044868235</float><str name="dbName">Perinorm - Datenbank für Normen und technische Regeln</str><str name="dbodid">beuth_pn_</str><str name="deeplink">http://www.dbod.de/db/start.php?database=beuth_pn&amp;param=DE18970908</str><str name="description">Bibliographische Datenbank (monatlich aktualisiert, 3sprachig) mit ca. 1.100.000 Daten von Normen aus 23 Ländern, (z.B. ANSI, DIN, ISO), technischen Regeln sowie von deutschen Rechtsvorschriften mit technischen Bezug und geltenden EU-Richtlinien incl. VDI-Richtlinien. 
Der Volltextzugriff auf Normen ist nur bei entsprechender Lizenz verfügbar!</str><str name="id">154578</str><str name="keywords">Norm, DIN-Norm, Internationale Norm, Regeln der Technik, Verzeichnis</str><str name="publisher">Beuth Verlag GmbH</str><str name="sourceid">beuth_pn_DE18970908</str><str name="titleVT_de">Messen gasförmiger Immissionen - Messen der Wasserstoffperoxid-Konzentration - Registrierendes fluorimetrisches Verfahren</str><str name="titleVT_eng">Gaseous air pollution measurement - Measurement of hydrogen peroxide - Continuous fluorometric method</str></doc></result>
</response>
