<?xml version="1.0" encoding="UTF-8"?>
<om:core xmlns:xsi="http://www.w3.org/2001/XMLSchema-instance" xmlns:om="http://solrfusion.outermedia.org/configuration/"
    xmlns="http://solrfusion.outermedia.org/configuration/type/"
    xsi:schemaLocation="http://solrfusion.outermedia.org/configuration/ ../../main/resources/configuration.xsd ">

    <om:fusion-schema-fields>
        <om:field name="id" />
        <om:field name="author" />
        <om:field name="title" />
    </om:fusion-schema-fields>

    <om:script-type name="javascript" class="org.outermedia.solrfusion.types.Js" />
    <om:script-type name="beanshell" class="org.outermedia.solrfusion.types.Bsh" />

    <om:default-search-field>title</om:default-search-field>
    
    <om:default-operator>AND</om:default-operator>

    <om:id-generator fusion-name="id"
        class="org.outermedia.solrfusion.DefaultIdGenerator$Factory" />

    <om:response-consolidator class="org.outermedia.solrfusion.response.ResponseConsolidator$Factory"/>

    <om:solr-servers>
        <om:timeout>4000</om:timeout>
        <om:disaster-limit>1</om:disaster-limit>
        <om:error key="disaster-limit">Please try later again.</om:error>
        
        <om:query-parser
            class="org.outermedia.solrfusion.query.EdisMaxQueryParser$Factory" />

        <om:response-parser
            class="org.outermedia.solrfusion.response.DefaultResponseParser$Factory" />

        <om:response-renderer type="xml"
            class="org.outermedia.solrfusion.response.DefaultXmlResponseRenderer$Factory" />

        <om:response-renderer type="json"
            class="org.outermedia.solrfusion.response.DefaultJsonResponseRenderer$Factory" />

        <om:response-renderer type="php"
            class="org.outermedia.solrfusion.response.DefaultPhpResponseRenderer$Factory" />

    </om:solr-servers>
</om:core>